d:\github\gamepg_2018\tkengine2\sample\lesson13_answer\game\debug\game.pch
d:\github\gamepg_2018\tkengine2\sample\lesson13_answer\game\debug\vc142.pdb
d:\github\gamepg_2018\tkengine2\sample\lesson13_answer\game\debug\vc142.idb
d:\github\gamepg_2018\tkengine2\sample\lesson13_answer\game\debug\stdafx.obj
d:\github\gamepg_2018\tkengine2\sample\lesson13_answer\game\debug\player.obj
d:\github\gamepg_2018\tkengine2\sample\lesson13_answer\game\debug\main.obj
d:\github\gamepg_2018\tkengine2\sample\lesson13_answer\game\debug\enemygenerator.obj
d:\github\gamepg_2018\tkengine2\sample\lesson13_answer\game\debug\bullet.obj
d:\github\gamepg_2018\tkengine2\sample\lesson13_answer\game\debug\enemy.obj
d:\github\gamepg_2018\tkengine2\sample\lesson13_answer\game\debug\assets\shader\lightingfunction.h
d:\github\gamepg_2018\tkengine2\sample\lesson13_answer\game\debug\assets\shader\modelcb.h
d:\github\gamepg_2018\tkengine2\sample\lesson13_answer\game\debug\assets\shader\modelsrv.h
d:\github\gamepg_2018\tkengine2\sample\lesson13_answer\game\debug\assets\shader\modelstruct.h
d:\github\gamepg_2018\tkengine2\sample\lesson13_answer\game\debug\assets\shader\samplebrdf.h
d:\github\gamepg_2018\tkengine2\sample\lesson13_answer\game\debug\assets\shader\bloom.fx
d:\github\gamepg_2018\tkengine2\sample\lesson13_answer\game\debug\assets\shader\copy.fx
d:\github\gamepg_2018\tkengine2\sample\lesson13_answer\game\debug\assets\shader\fxaa.fx
d:\github\gamepg_2018\tkengine2\sample\lesson13_answer\game\debug\assets\shader\lightculling.fx
d:\github\gamepg_2018\tkengine2\sample\lesson13_answer\game\debug\assets\shader\model.fx
d:\github\gamepg_2018\tkengine2\sample\lesson13_answer\game\debug\assets\shader\sprite.fx
d:\github\gamepg_2018\tkengine2\sample\lesson13_answer\game\debug\assets\shader\tonemap.fx
d:\github\gamepg_2018\tkengine2\sample\lesson13_answer\game\debug\assets\shader\dithering.fx
d:\github\gamepg_2018\tkengine2\sample\lesson13_answer\game\debug\assets\font\myfile.spritefont
d:\github\gamepg_2018\tkengine2\sample\lesson13_answer\game\debug\assets\shader\shadowblur.fx
d:\github\gamepg_2018\tkengine2\sample\lesson13_answer\game\debug\assets\sound\explosion.wav
d:\github\gamepg_2018\tkengine2\sample\lesson13_answer\game\debug\assets\effect\fire.efk
d:\github\gamepg_2018\tkengine2\sample\lesson13_answer\game\debug\assets\effect\texture\line01.png
d:\github\gamepg_2018\tkengine2\sample\lesson13_answer\game\debug\assets\effect\texture\particle01.png
d:\github\gamepg_2018\tkengine2\sample\lesson13_answer\game\debug\assets\effect\texture\particle02.png
d:\github\gamepg_2018\tkengine2\sample\lesson13_answer\game\debug\game.ilk
d:\github\gamepg_2018\tkengine2\sample\lesson13_answer\game\debug\game.exe
d:\github\gamepg_2018\tkengine2\sample\lesson13_answer\game\debug\game.pdb
d:\github\gamepg_2018\tkengine2\sample\lesson13_answer\game\resource\modeldata\airplane.cmo
d:\github\gamepg_2018\tkengine2\sample\lesson13_answer\game\_program files (x86)_microsoft visual studio_2019_community_common7_ide_extensions_microsoft_vsgraphics_assets_effects_phong.dgsl.cso
d:\github\gamepg_2018\tkengine2\sample\lesson13_answer\game\_github_gamepg__2018_tkengine2_sample_lesson13__answer_game_assets_modeldata_world war ii - plane - heavy scratches.tga.dds
d:\github\gamepg_2018\tkengine2\sample\lesson13_answer\game\_github_gamepg__2018_tkengine2_sample_lesson13__answer_game_assets_modeldata_world war ii - propeller.tga.dds
d:\github\gamepg_2018\tkengine2\sample\lesson13_answer\game\resource\modeldata\bullet.cmo
d:\github\gamepg_2018\tkengine2\sample\lesson13_answer\game\_github_gamepg__2018_tkengine2_sample_lesson09__answer_game_assets_modeldata_bullet.png.dds
d:\github\gamepg_2018\tkengine2\sample\lesson13_answer\game\resource\modeldata\enemy.cmo
d:\github\gamepg_2018\tkengine2\sample\lesson13_answer\game\_github_gamepg__2018_tkengine2_sample_lesson13__answer_game_assets_modeldata_microsub__albedo.png.dds
d:\github\gamepg_2018\tkengine2\sample\lesson13_answer\game\_github_gamepg__2018_tkengine2_sample_lesson13__answer_game_assets_modeldata_microsub__glass__metallicsmoothness.png.dds
c:\programdata\nvidia corporation\drs\nvapptimestamps
d:\github\gamepg_2018\tkengine2\sample\lesson13_answer\game\debug\game.res
d:\github\gamepg_2018\tkengine2\sample\lesson13_answer\game\debug\tkengine.pdb
d:\github\gamepg_2018\tkengine2\sample\lesson13_answer\game\debug\game.tlog\cl.command.1.tlog
d:\github\gamepg_2018\tkengine2\sample\lesson13_answer\game\debug\game.tlog\cl.read.1.tlog
d:\github\gamepg_2018\tkengine2\sample\lesson13_answer\game\debug\game.tlog\cl.write.1.tlog
d:\github\gamepg_2018\tkengine2\sample\lesson13_answer\game\debug\game.tlog\custombuild.command.1.tlog
d:\github\gamepg_2018\tkengine2\sample\lesson13_answer\game\debug\game.tlog\custombuild.read.1.tlog
d:\github\gamepg_2018\tkengine2\sample\lesson13_answer\game\debug\game.tlog\custombuild.write.1.tlog
d:\github\gamepg_2018\tkengine2\sample\lesson13_answer\game\debug\game.tlog\link.15160-cvtres.read.1.tlog
d:\github\gamepg_2018\tkengine2\sample\lesson13_answer\game\debug\game.tlog\link.15160-cvtres.write.1.tlog
d:\github\gamepg_2018\tkengine2\sample\lesson13_answer\game\debug\game.tlog\link.command.1.tlog
d:\github\gamepg_2018\tkengine2\sample\lesson13_answer\game\debug\game.tlog\meshcontenttask-vsgraphics.12952.read.1.tlog
d:\github\gamepg_2018\tkengine2\sample\lesson13_answer\game\debug\game.tlog\meshcontenttask-vsgraphics.12952.read.2.tlog
d:\github\gamepg_2018\tkengine2\sample\lesson13_answer\game\debug\game.tlog\meshcontenttask-vsgraphics.12952.write.1.tlog
d:\github\gamepg_2018\tkengine2\sample\lesson13_answer\game\debug\game.tlog\meshcontenttask-vsgraphics.12952.write.2.tlog
d:\github\gamepg_2018\tkengine2\sample\lesson13_answer\game\debug\game.tlog\meshcontenttask-vsgraphics.13572.read.1.tlog
d:\github\gamepg_2018\tkengine2\sample\lesson13_answer\game\debug\game.tlog\meshcontenttask-vsgraphics.13572.read.2.tlog
d:\github\gamepg_2018\tkengine2\sample\lesson13_answer\game\debug\game.tlog\meshcontenttask-vsgraphics.13572.write.1.tlog
d:\github\gamepg_2018\tkengine2\sample\lesson13_answer\game\debug\game.tlog\meshcontenttask-vsgraphics.13572.write.2.tlog
d:\github\gamepg_2018\tkengine2\sample\lesson13_answer\game\debug\game.tlog\meshcontenttask-vsgraphics.17188.read.1.tlog
d:\github\gamepg_2018\tkengine2\sample\lesson13_answer\game\debug\game.tlog\meshcontenttask-vsgraphics.17188.read.2.tlog
d:\github\gamepg_2018\tkengine2\sample\lesson13_answer\game\debug\game.tlog\meshcontenttask-vsgraphics.17188.write.1.tlog
d:\github\gamepg_2018\tkengine2\sample\lesson13_answer\game\debug\game.tlog\meshcontenttask-vsgraphics.17188.write.2.tlog
d:\github\gamepg_2018\tkengine2\sample\lesson13_answer\game\debug\game.tlog\meshcontenttask-vsgraphics.17712.read.1.tlog
d:\github\gamepg_2018\tkengine2\sample\lesson13_answer\game\debug\game.tlog\meshcontenttask-vsgraphics.17712.read.2.tlog
d:\github\gamepg_2018\tkengine2\sample\lesson13_answer\game\debug\game.tlog\meshcontenttask-vsgraphics.17712.write.1.tlog
d:\github\gamepg_2018\tkengine2\sample\lesson13_answer\game\debug\game.tlog\meshcontenttask-vsgraphics.17712.write.2.tlog
d:\github\gamepg_2018\tkengine2\sample\lesson13_answer\game\debug\game.tlog\meshcontenttask-vsgraphics.19744.read.1.tlog
d:\github\gamepg_2018\tkengine2\sample\lesson13_answer\game\debug\game.tlog\meshcontenttask-vsgraphics.19744.read.2.tlog
d:\github\gamepg_2018\tkengine2\sample\lesson13_answer\game\debug\game.tlog\meshcontenttask-vsgraphics.19744.write.1.tlog
d:\github\gamepg_2018\tkengine2\sample\lesson13_answer\game\debug\game.tlog\meshcontenttask-vsgraphics.19744.write.2.tlog
d:\github\gamepg_2018\tkengine2\sample\lesson13_answer\game\debug\game.tlog\meshcontenttask-vsgraphics.6664.read.1.tlog
d:\github\gamepg_2018\tkengine2\sample\lesson13_answer\game\debug\game.tlog\meshcontenttask-vsgraphics.6664.read.2.tlog
d:\github\gamepg_2018\tkengine2\sample\lesson13_answer\game\debug\game.tlog\meshcontenttask-vsgraphics.6664.write.1.tlog
d:\github\gamepg_2018\tkengine2\sample\lesson13_answer\game\debug\game.tlog\meshcontenttask-vsgraphics.6664.write.2.tlog
d:\github\gamepg_2018\tkengine2\sample\lesson13_answer\game\debug\game.tlog\meshcontenttask-vsgraphics.7984.read.1.tlog
d:\github\gamepg_2018\tkengine2\sample\lesson13_answer\game\debug\game.tlog\meshcontenttask-vsgraphics.7984.read.2.tlog
d:\github\gamepg_2018\tkengine2\sample\lesson13_answer\game\debug\game.tlog\meshcontenttask-vsgraphics.7984.write.1.tlog
d:\github\gamepg_2018\tkengine2\sample\lesson13_answer\game\debug\game.tlog\meshcontenttask-vsgraphics.7984.write.2.tlog
d:\github\gamepg_2018\tkengine2\sample\lesson13_answer\game\debug\game.tlog\meshcontenttask-vsgraphics.9108.read.1.tlog
d:\github\gamepg_2018\tkengine2\sample\lesson13_answer\game\debug\game.tlog\meshcontenttask-vsgraphics.9108.read.2.tlog
d:\github\gamepg_2018\tkengine2\sample\lesson13_answer\game\debug\game.tlog\meshcontenttask-vsgraphics.9108.write.1.tlog
d:\github\gamepg_2018\tkengine2\sample\lesson13_answer\game\debug\game.tlog\meshcontenttask-vsgraphics.9108.write.2.tlog
d:\github\gamepg_2018\tkengine2\sample\lesson13_answer\game\debug\game.tlog\meshcontenttask-vsgraphics.9364.read.1.tlog
d:\github\gamepg_2018\tkengine2\sample\lesson13_answer\game\debug\game.tlog\meshcontenttask-vsgraphics.9364.read.2.tlog
d:\github\gamepg_2018\tkengine2\sample\lesson13_answer\game\debug\game.tlog\meshcontenttask-vsgraphics.9364.write.1.tlog
d:\github\gamepg_2018\tkengine2\sample\lesson13_answer\game\debug\game.tlog\meshcontenttask-vsgraphics.9364.write.2.tlog
d:\github\gamepg_2018\tkengine2\sample\lesson13_answer\game\debug\game.tlog\meshcontenttask-vsgraphics.9660.read.1.tlog
d:\github\gamepg_2018\tkengine2\sample\lesson13_answer\game\debug\game.tlog\meshcontenttask-vsgraphics.9660.read.2.tlog
d:\github\gamepg_2018\tkengine2\sample\lesson13_answer\game\debug\game.tlog\meshcontenttask-vsgraphics.9660.write.1.tlog
d:\github\gamepg_2018\tkengine2\sample\lesson13_answer\game\debug\game.tlog\meshcontenttask-vsgraphics.9660.write.2.tlog
d:\github\gamepg_2018\tkengine2\sample\lesson13_answer\game\debug\game.tlog\meshcontenttask-vsgraphics.read.1.tlog
d:\github\gamepg_2018\tkengine2\sample\lesson13_answer\game\debug\game.tlog\meshcontenttask-vsgraphics.read.2.tlog
d:\github\gamepg_2018\tkengine2\sample\lesson13_answer\game\debug\game.tlog\meshcontenttask-vsgraphics.write.1.tlog
d:\github\gamepg_2018\tkengine2\sample\lesson13_answer\game\debug\game.tlog\meshcontenttask-vsgraphics.write.2.tlog
d:\github\gamepg_2018\tkengine2\sample\lesson13_answer\game\debug\game.tlog\rc.9624.read.1.tlog
d:\github\gamepg_2018\tkengine2\sample\lesson13_answer\game\debug\game.tlog\rc.9624.write.1.tlog
d:\github\gamepg_2018\tkengine2\sample\lesson13_answer\game\debug\game.tlog\rc.command.1.tlog
