  tkEnginePreCompile.cpp
D:\Github\GamePG_2018\tkEngine2\Sample\Lesson04_Answer\tkEngine\math\tkVector.h(454,11): warning C4244: '=': 'double' から 'float' への変換です。データが失われる可能性があります。
D:\Github\GamePG_2018\tkEngine2\Sample\Lesson04_Answer\tkEngine\math\tkVector.h(455,11): warning C4244: '=': 'double' から 'float' への変換です。データが失われる可能性があります。
D:\Github\GamePG_2018\tkEngine2\Sample\Lesson04_Answer\tkEngine\math\tkVector.h(464,11): warning C4244: '=': 'double' から 'float' への変換です。データが失われる可能性があります。
D:\Github\GamePG_2018\tkEngine2\Sample\Lesson04_Answer\tkEngine\math\tkVector.h(465,11): warning C4244: '=': 'double' から 'float' への変換です。データが失われる可能性があります。
  tkPad.cpp
  tkDirectXModelResource.cpp
  tkShaderResources.cpp
  tkSoundEngine.cpp
  tkSoundSource.cpp
  tkWaveFile.cpp
  tkWaveFileBank.cpp
  tkCameraCollisionSolver.cpp
  tkSpringCamera.cpp
  tkCharacterController.cpp
  tkObjectFrustumCulling.cpp
  tkGameObject.cpp
  tkTransform.cpp
  tkgameobjectmanager.cpp
  tkSprite.cpp
  tkSpriteRender.cpp
  tkConstantBuffer.cpp
  tkGPUBuffer.cpp
  tkIndexBuffer.cpp
  tkStructuredBuffer.cpp
  コードを生成中...
D:\Github\GamePG_2018\tkEngine2\Sample\Lesson04_Answer\tkEngine\gameObject\tkgameobjectmanager.cpp : fatal error C1090: PDB API の呼び出しに失敗しました。エラー コード '3': D:\Github\GamePG_2018\tkEngine2\Sample\Lesson04_Answer\tkEngine\PreviewObjects\tkEngine.pdb
