d:\github\gamepg_2018\tkengine2\sample\shooting_00\tkengine\bulletphysics\src\linearmath\linearmath.dir\debug\linearmath.pdb
d:\github\gamepg_2018\tkengine2\sample\shooting_00\tkengine\bulletphysics\src\linearmath\linearmath.dir\debug\btvector3.obj
d:\github\gamepg_2018\tkengine2\sample\shooting_00\tkengine\bulletphysics\src\linearmath\linearmath.dir\debug\btserializer.obj
d:\github\gamepg_2018\tkengine2\sample\shooting_00\tkengine\bulletphysics\src\linearmath\linearmath.dir\debug\btquickprof.obj
d:\github\gamepg_2018\tkengine2\sample\shooting_00\tkengine\bulletphysics\src\linearmath\linearmath.dir\debug\btpolardecomposition.obj
d:\github\gamepg_2018\tkengine2\sample\shooting_00\tkengine\bulletphysics\src\linearmath\linearmath.dir\debug\btgeometryutil.obj
d:\github\gamepg_2018\tkengine2\sample\shooting_00\tkengine\bulletphysics\src\linearmath\linearmath.dir\debug\btconvexhullcomputer.obj
d:\github\gamepg_2018\tkengine2\sample\shooting_00\tkengine\bulletphysics\src\linearmath\linearmath.dir\debug\btconvexhull.obj
d:\github\gamepg_2018\tkengine2\sample\shooting_00\tkengine\bulletphysics\src\linearmath\linearmath.dir\debug\btalignedallocator.obj
c:\users\t-tsukamura\desktop\shooting_00\tkengine\bulletphysics\src\linearmath\linearmath.dir\debug\linearmath.pdb
c:\users\t-tsukamura\desktop\shooting_00\tkengine\bulletphysics\src\linearmath\linearmath.dir\debug\btvector3.obj
c:\users\t-tsukamura\desktop\shooting_00\tkengine\bulletphysics\src\linearmath\linearmath.dir\debug\btserializer.obj
c:\users\t-tsukamura\desktop\shooting_00\tkengine\bulletphysics\src\linearmath\linearmath.dir\debug\btquickprof.obj
c:\users\t-tsukamura\desktop\shooting_00\tkengine\bulletphysics\src\linearmath\linearmath.dir\debug\btpolardecomposition.obj
c:\users\t-tsukamura\desktop\shooting_00\tkengine\bulletphysics\src\linearmath\linearmath.dir\debug\btgeometryutil.obj
c:\users\t-tsukamura\desktop\shooting_00\tkengine\bulletphysics\src\linearmath\linearmath.dir\debug\btconvexhullcomputer.obj
c:\users\t-tsukamura\desktop\shooting_00\tkengine\bulletphysics\src\linearmath\linearmath.dir\debug\btconvexhull.obj
c:\users\t-tsukamura\desktop\shooting_00\tkengine\bulletphysics\src\linearmath\linearmath.dir\debug\btalignedallocator.obj
d:\github\gamepg_2018\tkengine2\sample\shooting_00\game\debug\linearmath_debug.lib
c:\users\t-tsukamura\desktop\shooting_00\game\debug\linearmath_debug.lib
c:\users\t-tsukamura\desktop\shooting_00\tkengine\bulletphysics\src\linearmath\linearmath.dir\debug\linearmath.tlog\cl.command.1.tlog
c:\users\t-tsukamura\desktop\shooting_00\tkengine\bulletphysics\src\linearmath\linearmath.dir\debug\linearmath.tlog\cl.read.1.tlog
c:\users\t-tsukamura\desktop\shooting_00\tkengine\bulletphysics\src\linearmath\linearmath.dir\debug\linearmath.tlog\cl.write.1.tlog
c:\users\t-tsukamura\desktop\shooting_00\tkengine\bulletphysics\src\linearmath\linearmath.dir\debug\linearmath.tlog\lib-link.read.1.tlog
c:\users\t-tsukamura\desktop\shooting_00\tkengine\bulletphysics\src\linearmath\linearmath.dir\debug\linearmath.tlog\lib-link.write.1.tlog
c:\users\t-tsukamura\desktop\shooting_00\tkengine\bulletphysics\src\linearmath\linearmath.dir\debug\linearmath.tlog\lib.command.1.tlog
