d:\github\gamepg_2018\tkengine2\sample\shooting_00\tkengine\effekseerruntime130\src\effekseer\debug\culling3d.layer.obj
d:\github\gamepg_2018\tkengine2\sample\shooting_00\tkengine\effekseerruntime130\src\effekseer\debug\effekseer.effectnodering.obj
d:\github\gamepg_2018\tkengine2\sample\shooting_00\tkengine\effekseerruntime130\src\effekseer\debug\effekseer.matrix44.obj
d:\github\gamepg_2018\tkengine2\sample\shooting_00\tkengine\effekseerruntime130\src\effekseer\debug\culling3d.referenceobject.obj
d:\github\gamepg_2018\tkengine2\sample\shooting_00\tkengine\effekseerruntime130\src\effekseer\debug\effekseer.effect.obj
d:\github\gamepg_2018\tkengine2\sample\shooting_00\tkengine\effekseerruntime130\src\effekseer\debug\effekseer.instanceglobal.obj
d:\github\gamepg_2018\tkengine2\sample\shooting_00\tkengine\effekseerruntime130\src\effekseer\debug\effekseer.vector2d.obj
d:\github\gamepg_2018\tkengine2\sample\shooting_00\tkengine\effekseerruntime130\src\effekseer\debug\culling3d.grid.obj
d:\github\gamepg_2018\tkengine2\sample\shooting_00\tkengine\effekseerruntime130\src\effekseer\debug\effekseer.effectnoderibbon.obj
d:\github\gamepg_2018\tkengine2\sample\shooting_00\tkengine\effekseerruntime130\src\effekseer\debug\effekseer.rectf.obj
d:\github\gamepg_2018\tkengine2\sample\shooting_00\tkengine\effekseerruntime130\src\effekseer\debug\culling3d.matrix44.obj
d:\github\gamepg_2018\tkengine2\sample\shooting_00\tkengine\effekseerruntime130\src\effekseer\debug\effekseer.effectnodemodel.obj
d:\github\gamepg_2018\tkengine2\sample\shooting_00\tkengine\effekseerruntime130\src\effekseer\debug\effekseer.instancegroup.obj
d:\github\gamepg_2018\tkengine2\sample\shooting_00\tkengine\effekseerruntime130\src\effekseer\debug\culling3d.objectinternal.obj
d:\github\gamepg_2018\tkengine2\sample\shooting_00\tkengine\effekseerruntime130\src\effekseer\debug\effekseer.effectnoderoot.obj
d:\github\gamepg_2018\tkengine2\sample\shooting_00\tkengine\effekseerruntime130\src\effekseer\debug\effekseer.server.obj
d:\github\gamepg_2018\tkengine2\sample\shooting_00\tkengine\effekseerruntime130\src\effekseer\debug\culling3d.worldinternal.obj
d:\github\gamepg_2018\tkengine2\sample\shooting_00\tkengine\effekseerruntime130\src\effekseer\debug\effekseer.effectnodesprite.obj
d:\github\gamepg_2018\tkengine2\sample\shooting_00\tkengine\effekseerruntime130\src\effekseer\debug\effekseer.setting.obj
d:\github\gamepg_2018\tkengine2\sample\shooting_00\tkengine\effekseerruntime130\src\effekseer\debug\effekseer.defaultfile.obj
d:\github\gamepg_2018\tkengine2\sample\shooting_00\tkengine\effekseerruntime130\src\effekseer\debug\effekseer.fcurves.obj
d:\github\gamepg_2018\tkengine2\sample\shooting_00\tkengine\effekseerruntime130\src\effekseer\debug\effekseer.thread.obj
d:\github\gamepg_2018\tkengine2\sample\shooting_00\tkengine\effekseerruntime130\src\effekseer\debug\effekseer.criticalsection.obj
d:\github\gamepg_2018\tkengine2\sample\shooting_00\tkengine\effekseerruntime130\src\effekseer\debug\effekseer.instance.obj
d:\github\gamepg_2018\tkengine2\sample\shooting_00\tkengine\effekseerruntime130\src\effekseer\debug\effekseer.color.obj
d:\github\gamepg_2018\tkengine2\sample\shooting_00\tkengine\effekseerruntime130\src\effekseer\debug\effekseer.manager.obj
d:\github\gamepg_2018\tkengine2\sample\shooting_00\tkengine\effekseerruntime130\src\effekseer\debug\effekseer.defaulteffectloader.obj
d:\github\gamepg_2018\tkengine2\sample\shooting_00\tkengine\effekseerruntime130\src\effekseer\debug\effekseer.effectnodetrack.obj
d:\github\gamepg_2018\tkengine2\sample\shooting_00\tkengine\effekseerruntime130\src\effekseer\debug\effekseer.socket.obj
d:\github\gamepg_2018\tkengine2\sample\shooting_00\tkengine\effekseerruntime130\src\effekseer\debug\effekseer.client.obj
d:\github\gamepg_2018\tkengine2\sample\shooting_00\tkengine\effekseerruntime130\src\effekseer\debug\effekseer.instancecontainer.obj
d:\github\gamepg_2018\tkengine2\sample\shooting_00\tkengine\effekseerruntime130\src\effekseer\debug\effekseer.vector3d.obj
d:\github\gamepg_2018\tkengine2\sample\shooting_00\tkengine\effekseerruntime130\src\effekseer\debug\culling3d.vector3df.obj
d:\github\gamepg_2018\tkengine2\sample\shooting_00\tkengine\effekseerruntime130\src\effekseer\debug\effekseer.effectnode.obj
d:\github\gamepg_2018\tkengine2\sample\shooting_00\tkengine\effekseerruntime130\src\effekseer\debug\effekseer.matrix43.obj
c:\users\t-tsukamura\desktop\shooting_00\tkengine\effekseerruntime130\src\effekseer\debug\effekseer.effectnode.obj
c:\users\t-tsukamura\desktop\shooting_00\tkengine\effekseerruntime130\src\effekseer\debug\effekseer.matrix44.obj
c:\users\t-tsukamura\desktop\shooting_00\tkengine\effekseerruntime130\src\effekseer\debug\culling3d.grid.obj
c:\users\t-tsukamura\desktop\shooting_00\tkengine\effekseerruntime130\src\effekseer\debug\culling3d.matrix44.obj
c:\users\t-tsukamura\desktop\shooting_00\tkengine\effekseerruntime130\src\effekseer\debug\culling3d.objectinternal.obj
c:\users\t-tsukamura\desktop\shooting_00\tkengine\effekseerruntime130\src\effekseer\debug\culling3d.worldinternal.obj
c:\users\t-tsukamura\desktop\shooting_00\tkengine\effekseerruntime130\src\effekseer\debug\effekseer.effectnodesprite.obj
c:\users\t-tsukamura\desktop\shooting_00\tkengine\effekseerruntime130\src\effekseer\debug\effekseer.matrix43.obj
c:\users\t-tsukamura\desktop\shooting_00\tkengine\effekseerruntime130\src\effekseer\debug\effekseer.criticalsection.obj
c:\users\t-tsukamura\desktop\shooting_00\tkengine\effekseerruntime130\src\effekseer\debug\effekseer.instance.obj
c:\users\t-tsukamura\desktop\shooting_00\tkengine\effekseerruntime130\src\effekseer\debug\culling3d.layer.obj
c:\users\t-tsukamura\desktop\shooting_00\tkengine\effekseerruntime130\src\effekseer\debug\culling3d.referenceobject.obj
c:\users\t-tsukamura\desktop\shooting_00\tkengine\effekseerruntime130\src\effekseer\debug\culling3d.vector3df.obj
c:\users\t-tsukamura\desktop\shooting_00\tkengine\effekseerruntime130\src\effekseer\debug\effekseer.client.obj
c:\users\t-tsukamura\desktop\shooting_00\tkengine\effekseerruntime130\src\effekseer\debug\effekseer.fcurves.obj
c:\users\t-tsukamura\desktop\shooting_00\tkengine\effekseerruntime130\src\effekseer\debug\effekseer.thread.obj
c:\users\t-tsukamura\desktop\shooting_00\tkengine\effekseerruntime130\src\effekseer\debug\effekseer.effectnodering.obj
c:\users\t-tsukamura\desktop\shooting_00\tkengine\effekseerruntime130\src\effekseer\debug\effekseer.setting.obj
c:\users\t-tsukamura\desktop\shooting_00\tkengine\effekseerruntime130\src\effekseer\debug\effekseer.color.obj
c:\users\t-tsukamura\desktop\shooting_00\tkengine\effekseerruntime130\src\effekseer\debug\effekseer.effectnodetrack.obj
c:\users\t-tsukamura\desktop\shooting_00\tkengine\effekseerruntime130\src\effekseer\debug\effekseer.socket.obj
c:\users\t-tsukamura\desktop\shooting_00\tkengine\effekseerruntime130\src\effekseer\debug\effekseer.effect.obj
c:\users\t-tsukamura\desktop\shooting_00\tkengine\effekseerruntime130\src\effekseer\debug\effekseer.rectf.obj
c:\users\t-tsukamura\desktop\shooting_00\tkengine\effekseerruntime130\src\effekseer\debug\effekseer.effectnoderibbon.obj
c:\users\t-tsukamura\desktop\shooting_00\tkengine\effekseerruntime130\src\effekseer\debug\effekseer.server.obj
c:\users\t-tsukamura\desktop\shooting_00\tkengine\effekseerruntime130\src\effekseer\debug\effekseer.defaulteffectloader.obj
c:\users\t-tsukamura\desktop\shooting_00\tkengine\effekseerruntime130\src\effekseer\debug\effekseer.instanceglobal.obj
c:\users\t-tsukamura\desktop\shooting_00\tkengine\effekseerruntime130\src\effekseer\debug\effekseer.vector3d.obj
c:\users\t-tsukamura\desktop\shooting_00\tkengine\effekseerruntime130\src\effekseer\debug\effekseer.effectnodemodel.obj
c:\users\t-tsukamura\desktop\shooting_00\tkengine\effekseerruntime130\src\effekseer\debug\effekseer.instancegroup.obj
c:\users\t-tsukamura\desktop\shooting_00\tkengine\effekseerruntime130\src\effekseer\debug\effekseer.defaultfile.obj
c:\users\t-tsukamura\desktop\shooting_00\tkengine\effekseerruntime130\src\effekseer\debug\effekseer.instancecontainer.obj
c:\users\t-tsukamura\desktop\shooting_00\tkengine\effekseerruntime130\src\effekseer\debug\effekseer.vector2d.obj
c:\users\t-tsukamura\desktop\shooting_00\tkengine\effekseerruntime130\src\effekseer\debug\effekseer.effectnoderoot.obj
c:\users\t-tsukamura\desktop\shooting_00\tkengine\effekseerruntime130\src\effekseer\debug\effekseer.manager.obj
d:\github\gamepg_2018\tkengine2\sample\shooting_00\tkengine\effekseerruntime130\src\lib\x86\effekseer.debug.lib
c:\users\t-tsukamura\desktop\shooting_00\tkengine\effekseerruntime130\src\lib\x86\effekseer.debug.lib
c:\users\t-tsukamura\desktop\shooting_00\tkengine\effekseerruntime130\src\effekseer\..\lib\x86\effekseer.debug.lib
c:\users\t-tsukamura\desktop\shooting_00\tkengine\effekseerruntime130\src\effekseer\debug\effekseer.tlog\cl.11204.write.1.tlog
c:\users\t-tsukamura\desktop\shooting_00\tkengine\effekseerruntime130\src\effekseer\debug\effekseer.tlog\cl.command.1.tlog
c:\users\t-tsukamura\desktop\shooting_00\tkengine\effekseerruntime130\src\effekseer\debug\effekseer.tlog\cl.read.1.tlog
c:\users\t-tsukamura\desktop\shooting_00\tkengine\effekseerruntime130\src\effekseer\debug\effekseer.tlog\lib-link.read.1.tlog
c:\users\t-tsukamura\desktop\shooting_00\tkengine\effekseerruntime130\src\effekseer\debug\effekseer.tlog\lib-link.write.1.tlog
c:\users\t-tsukamura\desktop\shooting_00\tkengine\effekseerruntime130\src\effekseer\debug\effekseer.tlog\lib.command.1.tlog
