c:\users\t-tsukamura\desktop\shooting_06_answer\game\debug\game.pch
c:\users\t-tsukamura\desktop\shooting_06_answer\game\debug\vc142.pdb
c:\users\t-tsukamura\desktop\shooting_06_answer\game\debug\vc142.idb
c:\users\t-tsukamura\desktop\shooting_06_answer\game\debug\stdafx.obj
c:\users\t-tsukamura\desktop\shooting_06_answer\game\debug\player.obj
c:\users\t-tsukamura\desktop\shooting_06_answer\game\debug\main.obj
c:\users\t-tsukamura\desktop\shooting_06_answer\game\debug\gameover2d.obj
c:\users\t-tsukamura\desktop\shooting_06_answer\game\debug\enemygenerator.obj
c:\users\t-tsukamura\desktop\shooting_06_answer\game\debug\enemy.obj
c:\users\t-tsukamura\desktop\shooting_06_answer\game\debug\bullet.obj
c:\users\t-tsukamura\desktop\shooting_06_answer\game\debug\background.obj
c:\users\t-tsukamura\desktop\shooting_06_answer\game\assets\sprite\gameover.dds
c:\users\t-tsukamura\desktop\shooting_06_answer\game\assets\sprite\background.dds
c:\programdata\nvidia corporation\drs\nvapptimestamps
c:\users\t-tsukamura\desktop\shooting_06_answer\game\debug\game.exe
c:\users\t-tsukamura\desktop\shooting_06_answer\game\debug\game.ilk
c:\users\t-tsukamura\desktop\shooting_06_answer\game\debug\game.pdb
c:\users\t-tsukamura\desktop\shooting_06_answer\game\assets\modeldata\enemy.cmo
c:\users\t-tsukamura\desktop\shooting_06_answer\game\assets\modeldata\_program files (x86)_microsoft visual studio_2019_community_common7_ide_extensions_microsoft_vsgraphics_assets_effects_phong.dgsl.cso
c:\users\t-tsukamura\desktop\shooting_06_answer\game\assets\modeldata\_users_t-tsukamura_desktop_shooting__06__answer_game_assets_modeldata_microsub__albedo.png.dds
c:\users\t-tsukamura\desktop\shooting_06_answer\game\assets\modeldata\_users_t-tsukamura_desktop_shooting__06__answer_game_assets_modeldata_microsub__glass__metallicsmoothness.png.dds
c:\users\t-tsukamura\desktop\shooting_06_answer\game\assets\modeldata\bullet.cmo
c:\users\t-tsukamura\desktop\shooting_06_answer\game\assets\modeldata\_users_t-tsukamura_desktop_shooting__06__answer_game_assets_modeldata_bullet.png.dds
c:\users\t-tsukamura\desktop\shooting_06_answer\game\assets\modeldata\airplane.cmo
c:\users\t-tsukamura\desktop\shooting_06_answer\game\assets\modeldata\_users_t-tsukamura_desktop_shooting__06__answer_game_assets_modeldata_world war ii - plane - heavy scratches.tga.dds
c:\users\t-tsukamura\desktop\shooting_06_answer\game\assets\modeldata\_users_t-tsukamura_desktop_shooting__06__answer_game_assets_modeldata_world war ii - propeller.tga.dds
c:\users\t-tsukamura\desktop\shooting_06_answer\game\debug\game.res
c:\users\t-tsukamura\desktop\shooting_06_answer\game\debug\tkengine.pdb
c:\users\t-tsukamura\desktop\shooting_06_answer\game\debug\game.tlog\cl.command.1.tlog
c:\users\t-tsukamura\desktop\shooting_06_answer\game\debug\game.tlog\cl.read.1.tlog
c:\users\t-tsukamura\desktop\shooting_06_answer\game\debug\game.tlog\cl.write.1.tlog
c:\users\t-tsukamura\desktop\shooting_06_answer\game\debug\game.tlog\imagecontenttask-vsgraphics.10364.read.1.tlog
c:\users\t-tsukamura\desktop\shooting_06_answer\game\debug\game.tlog\imagecontenttask-vsgraphics.10364.read.2.tlog
c:\users\t-tsukamura\desktop\shooting_06_answer\game\debug\game.tlog\imagecontenttask-vsgraphics.10364.write.1.tlog
c:\users\t-tsukamura\desktop\shooting_06_answer\game\debug\game.tlog\imagecontenttask-vsgraphics.10364.write.2.tlog
c:\users\t-tsukamura\desktop\shooting_06_answer\game\debug\game.tlog\imagecontenttask-vsgraphics.12792.read.1.tlog
c:\users\t-tsukamura\desktop\shooting_06_answer\game\debug\game.tlog\imagecontenttask-vsgraphics.12792.read.2.tlog
c:\users\t-tsukamura\desktop\shooting_06_answer\game\debug\game.tlog\imagecontenttask-vsgraphics.12792.write.1.tlog
c:\users\t-tsukamura\desktop\shooting_06_answer\game\debug\game.tlog\imagecontenttask-vsgraphics.12792.write.2.tlog
c:\users\t-tsukamura\desktop\shooting_06_answer\game\debug\game.tlog\imagecontenttask-vsgraphics.12968.read.1.tlog
c:\users\t-tsukamura\desktop\shooting_06_answer\game\debug\game.tlog\imagecontenttask-vsgraphics.12968.read.2.tlog
c:\users\t-tsukamura\desktop\shooting_06_answer\game\debug\game.tlog\imagecontenttask-vsgraphics.12968.write.1.tlog
c:\users\t-tsukamura\desktop\shooting_06_answer\game\debug\game.tlog\imagecontenttask-vsgraphics.12968.write.2.tlog
c:\users\t-tsukamura\desktop\shooting_06_answer\game\debug\game.tlog\imagecontenttask-vsgraphics.14576.read.1.tlog
c:\users\t-tsukamura\desktop\shooting_06_answer\game\debug\game.tlog\imagecontenttask-vsgraphics.14576.read.2.tlog
c:\users\t-tsukamura\desktop\shooting_06_answer\game\debug\game.tlog\imagecontenttask-vsgraphics.14576.write.1.tlog
c:\users\t-tsukamura\desktop\shooting_06_answer\game\debug\game.tlog\imagecontenttask-vsgraphics.14576.write.2.tlog
c:\users\t-tsukamura\desktop\shooting_06_answer\game\debug\game.tlog\imagecontenttask-vsgraphics.4960.read.1.tlog
c:\users\t-tsukamura\desktop\shooting_06_answer\game\debug\game.tlog\imagecontenttask-vsgraphics.4960.read.2.tlog
c:\users\t-tsukamura\desktop\shooting_06_answer\game\debug\game.tlog\imagecontenttask-vsgraphics.4960.write.1.tlog
c:\users\t-tsukamura\desktop\shooting_06_answer\game\debug\game.tlog\imagecontenttask-vsgraphics.4960.write.2.tlog
c:\users\t-tsukamura\desktop\shooting_06_answer\game\debug\game.tlog\imagecontenttask-vsgraphics.7484.read.1.tlog
c:\users\t-tsukamura\desktop\shooting_06_answer\game\debug\game.tlog\imagecontenttask-vsgraphics.7484.read.2.tlog
c:\users\t-tsukamura\desktop\shooting_06_answer\game\debug\game.tlog\imagecontenttask-vsgraphics.7484.write.1.tlog
c:\users\t-tsukamura\desktop\shooting_06_answer\game\debug\game.tlog\imagecontenttask-vsgraphics.7484.write.2.tlog
c:\users\t-tsukamura\desktop\shooting_06_answer\game\debug\game.tlog\imagecontenttask-vsgraphics.8436.read.1.tlog
c:\users\t-tsukamura\desktop\shooting_06_answer\game\debug\game.tlog\imagecontenttask-vsgraphics.8436.read.2.tlog
c:\users\t-tsukamura\desktop\shooting_06_answer\game\debug\game.tlog\imagecontenttask-vsgraphics.8436.write.1.tlog
c:\users\t-tsukamura\desktop\shooting_06_answer\game\debug\game.tlog\imagecontenttask-vsgraphics.8436.write.2.tlog
c:\users\t-tsukamura\desktop\shooting_06_answer\game\debug\game.tlog\imagecontenttask-vsgraphics.read.1.tlog
c:\users\t-tsukamura\desktop\shooting_06_answer\game\debug\game.tlog\imagecontenttask-vsgraphics.read.2.tlog
c:\users\t-tsukamura\desktop\shooting_06_answer\game\debug\game.tlog\imagecontenttask-vsgraphics.write.1.tlog
c:\users\t-tsukamura\desktop\shooting_06_answer\game\debug\game.tlog\imagecontenttask-vsgraphics.write.2.tlog
c:\users\t-tsukamura\desktop\shooting_06_answer\game\debug\game.tlog\link.2892-cvtres.read.1.tlog
c:\users\t-tsukamura\desktop\shooting_06_answer\game\debug\game.tlog\link.2892-cvtres.write.1.tlog
c:\users\t-tsukamura\desktop\shooting_06_answer\game\debug\game.tlog\link.command.1.tlog
c:\users\t-tsukamura\desktop\shooting_06_answer\game\debug\game.tlog\meshcontenttask-vsgraphics.14160.read.1.tlog
c:\users\t-tsukamura\desktop\shooting_06_answer\game\debug\game.tlog\meshcontenttask-vsgraphics.14160.read.2.tlog
c:\users\t-tsukamura\desktop\shooting_06_answer\game\debug\game.tlog\meshcontenttask-vsgraphics.14160.write.1.tlog
c:\users\t-tsukamura\desktop\shooting_06_answer\game\debug\game.tlog\meshcontenttask-vsgraphics.14160.write.2.tlog
c:\users\t-tsukamura\desktop\shooting_06_answer\game\debug\game.tlog\meshcontenttask-vsgraphics.15632.read.1.tlog
c:\users\t-tsukamura\desktop\shooting_06_answer\game\debug\game.tlog\meshcontenttask-vsgraphics.15632.read.2.tlog
c:\users\t-tsukamura\desktop\shooting_06_answer\game\debug\game.tlog\meshcontenttask-vsgraphics.15632.write.1.tlog
c:\users\t-tsukamura\desktop\shooting_06_answer\game\debug\game.tlog\meshcontenttask-vsgraphics.15632.write.2.tlog
c:\users\t-tsukamura\desktop\shooting_06_answer\game\debug\game.tlog\meshcontenttask-vsgraphics.16148.read.1.tlog
c:\users\t-tsukamura\desktop\shooting_06_answer\game\debug\game.tlog\meshcontenttask-vsgraphics.16148.read.2.tlog
c:\users\t-tsukamura\desktop\shooting_06_answer\game\debug\game.tlog\meshcontenttask-vsgraphics.16148.write.1.tlog
c:\users\t-tsukamura\desktop\shooting_06_answer\game\debug\game.tlog\meshcontenttask-vsgraphics.16148.write.2.tlog
c:\users\t-tsukamura\desktop\shooting_06_answer\game\debug\game.tlog\meshcontenttask-vsgraphics.2664.read.1.tlog
c:\users\t-tsukamura\desktop\shooting_06_answer\game\debug\game.tlog\meshcontenttask-vsgraphics.2664.read.2.tlog
c:\users\t-tsukamura\desktop\shooting_06_answer\game\debug\game.tlog\meshcontenttask-vsgraphics.2664.write.1.tlog
c:\users\t-tsukamura\desktop\shooting_06_answer\game\debug\game.tlog\meshcontenttask-vsgraphics.2664.write.2.tlog
c:\users\t-tsukamura\desktop\shooting_06_answer\game\debug\game.tlog\meshcontenttask-vsgraphics.6836.read.1.tlog
c:\users\t-tsukamura\desktop\shooting_06_answer\game\debug\game.tlog\meshcontenttask-vsgraphics.6836.read.2.tlog
c:\users\t-tsukamura\desktop\shooting_06_answer\game\debug\game.tlog\meshcontenttask-vsgraphics.6836.write.1.tlog
c:\users\t-tsukamura\desktop\shooting_06_answer\game\debug\game.tlog\meshcontenttask-vsgraphics.6836.write.2.tlog
c:\users\t-tsukamura\desktop\shooting_06_answer\game\debug\game.tlog\meshcontenttask-vsgraphics.read.1.tlog
c:\users\t-tsukamura\desktop\shooting_06_answer\game\debug\game.tlog\meshcontenttask-vsgraphics.read.2.tlog
c:\users\t-tsukamura\desktop\shooting_06_answer\game\debug\game.tlog\meshcontenttask-vsgraphics.write.1.tlog
c:\users\t-tsukamura\desktop\shooting_06_answer\game\debug\game.tlog\meshcontenttask-vsgraphics.write.2.tlog
c:\users\t-tsukamura\desktop\shooting_06_answer\game\debug\game.tlog\rc.15664.read.1.tlog
c:\users\t-tsukamura\desktop\shooting_06_answer\game\debug\game.tlog\rc.15664.write.1.tlog
c:\users\t-tsukamura\desktop\shooting_06_answer\game\debug\game.tlog\rc.command.1.tlog
