c:\users\t-tsukamura\desktop\shooting_03\game\debug\vc142.pdb
c:\users\t-tsukamura\desktop\shooting_03\game\debug\vc142.idb
c:\users\t-tsukamura\desktop\shooting_03\game\debug\player.obj
c:\users\t-tsukamura\desktop\shooting_03\game\debug\main.obj
c:\users\t-tsukamura\desktop\shooting_03\game\debug\enemygenerator.obj
c:\users\t-tsukamura\desktop\shooting_03\game\debug\enemy.obj
c:\users\t-tsukamura\desktop\shooting_03\game\debug\bullet.obj
c:\users\t-tsukamura\desktop\shooting_03\game\debug\game.pch
c:\users\t-tsukamura\desktop\shooting_03\game\debug\stdafx.obj
c:\users\t-tsukamura\desktop\shooting_03\game\debug\game.exe
c:\users\t-tsukamura\desktop\shooting_03\game\debug\game.ilk
c:\users\t-tsukamura\desktop\shooting_03\game\debug\game.pdb
c:\users\t-tsukamura\desktop\shooting_03\game\assets\modeldata\bullet.cmo
c:\users\t-tsukamura\desktop\shooting_03\game\assets\modeldata\_program files (x86)_microsoft visual studio_2019_community_common7_ide_extensions_microsoft_vsgraphics_assets_effects_phong.dgsl.cso
c:\users\t-tsukamura\desktop\shooting_03\game\assets\modeldata\_users_t-tsukamura_desktop_shooting__03_game_assets_modeldata_bullet.png.dds
c:\programdata\nvidia corporation\drs\nvapptimestamps
c:\users\t-tsukamura\desktop\shooting_03\game\assets\modeldata\enemy.cmo
c:\users\t-tsukamura\desktop\shooting_03\game\assets\modeldata\airplane.cmo
c:\users\t-tsukamura\desktop\shooting_03\game\assets\modeldata\_users_t-tsukamura_desktop_shooting__03_game_assets_modeldata_world war ii - plane - heavy scratches.tga.dds
c:\users\t-tsukamura\desktop\shooting_03\game\assets\modeldata\_users_t-tsukamura_desktop_shooting__03_game_assets_modeldata_world war ii - propeller.tga.dds
c:\users\t-tsukamura\desktop\shooting_03\game\debug\game.res
c:\users\t-tsukamura\desktop\shooting_03\game\debug\tkengine.pdb
c:\users\t-tsukamura\desktop\shooting_03\game\debug\game.tlog\cl.13608.read.1.tlog
c:\users\t-tsukamura\desktop\shooting_03\game\debug\game.tlog\cl.13608.write.1.tlog
c:\users\t-tsukamura\desktop\shooting_03\game\debug\game.tlog\cl.command.1.tlog
c:\users\t-tsukamura\desktop\shooting_03\game\debug\game.tlog\link.10996-cvtres.read.1.tlog
c:\users\t-tsukamura\desktop\shooting_03\game\debug\game.tlog\link.10996-cvtres.write.1.tlog
c:\users\t-tsukamura\desktop\shooting_03\game\debug\game.tlog\link.command.1.tlog
c:\users\t-tsukamura\desktop\shooting_03\game\debug\game.tlog\meshcontenttask-vsgraphics.14484.read.1.tlog
c:\users\t-tsukamura\desktop\shooting_03\game\debug\game.tlog\meshcontenttask-vsgraphics.14484.read.2.tlog
c:\users\t-tsukamura\desktop\shooting_03\game\debug\game.tlog\meshcontenttask-vsgraphics.14484.write.1.tlog
c:\users\t-tsukamura\desktop\shooting_03\game\debug\game.tlog\meshcontenttask-vsgraphics.14484.write.2.tlog
c:\users\t-tsukamura\desktop\shooting_03\game\debug\game.tlog\meshcontenttask-vsgraphics.20188.read.1.tlog
c:\users\t-tsukamura\desktop\shooting_03\game\debug\game.tlog\meshcontenttask-vsgraphics.20188.read.2.tlog
c:\users\t-tsukamura\desktop\shooting_03\game\debug\game.tlog\meshcontenttask-vsgraphics.20188.write.1.tlog
c:\users\t-tsukamura\desktop\shooting_03\game\debug\game.tlog\meshcontenttask-vsgraphics.20188.write.2.tlog
c:\users\t-tsukamura\desktop\shooting_03\game\debug\game.tlog\meshcontenttask-vsgraphics.22372.read.1.tlog
c:\users\t-tsukamura\desktop\shooting_03\game\debug\game.tlog\meshcontenttask-vsgraphics.22372.read.2.tlog
c:\users\t-tsukamura\desktop\shooting_03\game\debug\game.tlog\meshcontenttask-vsgraphics.22372.write.1.tlog
c:\users\t-tsukamura\desktop\shooting_03\game\debug\game.tlog\meshcontenttask-vsgraphics.22372.write.2.tlog
c:\users\t-tsukamura\desktop\shooting_03\game\debug\game.tlog\meshcontenttask-vsgraphics.23500.read.1.tlog
c:\users\t-tsukamura\desktop\shooting_03\game\debug\game.tlog\meshcontenttask-vsgraphics.23500.read.2.tlog
c:\users\t-tsukamura\desktop\shooting_03\game\debug\game.tlog\meshcontenttask-vsgraphics.23500.write.1.tlog
c:\users\t-tsukamura\desktop\shooting_03\game\debug\game.tlog\meshcontenttask-vsgraphics.23500.write.2.tlog
c:\users\t-tsukamura\desktop\shooting_03\game\debug\game.tlog\meshcontenttask-vsgraphics.read.1.tlog
c:\users\t-tsukamura\desktop\shooting_03\game\debug\game.tlog\meshcontenttask-vsgraphics.read.2.tlog
c:\users\t-tsukamura\desktop\shooting_03\game\debug\game.tlog\meshcontenttask-vsgraphics.write.1.tlog
c:\users\t-tsukamura\desktop\shooting_03\game\debug\game.tlog\meshcontenttask-vsgraphics.write.2.tlog
c:\users\t-tsukamura\desktop\shooting_03\game\debug\game.tlog\rc.23060.read.1.tlog
c:\users\t-tsukamura\desktop\shooting_03\game\debug\game.tlog\rc.23060.write.1.tlog
c:\users\t-tsukamura\desktop\shooting_03\game\debug\game.tlog\rc.command.1.tlog
