d:\github\gamepg_2018\tkengine2\sample\lesson08_answer\game\debug\game.pch
d:\github\gamepg_2018\tkengine2\sample\lesson08_answer\game\debug\vc142.pdb
d:\github\gamepg_2018\tkengine2\sample\lesson08_answer\game\debug\vc142.idb
d:\github\gamepg_2018\tkengine2\sample\lesson08_answer\game\debug\stdafx.obj
d:\github\gamepg_2018\tkengine2\sample\lesson08_answer\game\debug\player.obj
d:\github\gamepg_2018\tkengine2\sample\lesson08_answer\game\debug\main.obj
d:\github\gamepg_2018\tkengine2\sample\shooting_00\game\debug\game.pch
d:\github\gamepg_2018\tkengine2\sample\shooting_00\game\debug\vc142.pdb
d:\github\gamepg_2018\tkengine2\sample\shooting_00\game\debug\vc142.idb
d:\github\gamepg_2018\tkengine2\sample\shooting_00\game\debug\stdafx.obj
d:\github\gamepg_2018\tkengine2\sample\shooting_00\game\debug\main.obj
c:\users\t-tsukamura\desktop\shooting_00\game\debug\game.pch
c:\users\t-tsukamura\desktop\shooting_00\game\debug\vc142.pdb
c:\users\t-tsukamura\desktop\shooting_00\game\debug\vc142.idb
c:\users\t-tsukamura\desktop\shooting_00\game\debug\stdafx.obj
c:\users\t-tsukamura\desktop\shooting_00\game\debug\player.obj
c:\users\t-tsukamura\desktop\shooting_00\game\debug\main.obj
d:\github\gamepg_2018\tkengine2\sample\lesson08_answer\game\debug\game.ilk
d:\github\gamepg_2018\tkengine2\sample\lesson08_answer\game\debug\game.exe
d:\github\gamepg_2018\tkengine2\sample\lesson08_answer\game\debug\game.pdb
d:\github\gamepg_2018\tkengine2\sample\shooting_00\game\debug\game.exe
d:\github\gamepg_2018\tkengine2\sample\shooting_00\game\debug\game.ilk
d:\github\gamepg_2018\tkengine2\sample\shooting_00\game\debug\game.pdb
c:\users\t-tsukamura\desktop\shooting_00\game\debug\game.ilk
c:\users\t-tsukamura\desktop\shooting_00\game\debug\game.exe
c:\users\t-tsukamura\desktop\shooting_00\game\debug\game.pdb
d:\github\gamepg_2018\tkengine2\sample\lesson08_answer\game\assets\modeldata\airplane.cmo
d:\github\gamepg_2018\tkengine2\sample\lesson08_answer\game\assets\modeldata\_program files (x86)_microsoft visual studio_2019_community_common7_ide_extensions_microsoft_vsgraphics_assets_effects_phong.dgsl.cso
d:\github\gamepg_2018\tkengine2\sample\lesson08_answer\game\assets\modeldata\_github_gamepg__2018_tkengine2_sample_lesson08__answer_game_assets_modeldata_world war ii - plane - heavy scratches.tga.dds
d:\github\gamepg_2018\tkengine2\sample\lesson08_answer\game\assets\modeldata\_github_gamepg__2018_tkengine2_sample_lesson08__answer_game_assets_modeldata_world war ii - propeller.tga.dds
c:\users\t-tsukamura\desktop\shooting_00\game\assets\modeldata\airplane.cmo
c:\users\t-tsukamura\desktop\shooting_00\game\assets\modeldata\_program files (x86)_microsoft visual studio_2019_community_common7_ide_extensions_microsoft_vsgraphics_assets_effects_phong.dgsl.cso
c:\users\t-tsukamura\desktop\shooting_00\game\assets\modeldata\_users_t-tsukamura_desktop_shooting__00_game_assets_modeldata_world war ii - plane - heavy scratches.tga.dds
c:\users\t-tsukamura\desktop\shooting_00\game\assets\modeldata\_users_t-tsukamura_desktop_shooting__00_game_assets_modeldata_world war ii - propeller.tga.dds
c:\programdata\nvidia corporation\drs\nvapptimestamps
d:\github\gamepg_2018\tkengine2\sample\lesson08_answer\game\debug\game.res
d:\github\gamepg_2018\tkengine2\sample\shooting_00\game\debug\game.res
c:\users\t-tsukamura\desktop\shooting_00\game\debug\game.res
c:\users\t-tsukamura\desktop\shooting_00\game\debug\tkengine.pdb
c:\users\t-tsukamura\desktop\shooting_00\game\debug\game.tlog\cl.command.1.tlog
c:\users\t-tsukamura\desktop\shooting_00\game\debug\game.tlog\cl.read.1.tlog
c:\users\t-tsukamura\desktop\shooting_00\game\debug\game.tlog\cl.write.1.tlog
c:\users\t-tsukamura\desktop\shooting_00\game\debug\game.tlog\link.command.1.tlog
c:\users\t-tsukamura\desktop\shooting_00\game\debug\game.tlog\link.read.1.tlog
c:\users\t-tsukamura\desktop\shooting_00\game\debug\game.tlog\link.write.1.tlog
c:\users\t-tsukamura\desktop\shooting_00\game\debug\game.tlog\meshcontenttask-vsgraphics.read.1.tlog
c:\users\t-tsukamura\desktop\shooting_00\game\debug\game.tlog\meshcontenttask-vsgraphics.read.2.tlog
c:\users\t-tsukamura\desktop\shooting_00\game\debug\game.tlog\meshcontenttask-vsgraphics.read.3.tlog
c:\users\t-tsukamura\desktop\shooting_00\game\debug\game.tlog\meshcontenttask-vsgraphics.write.1.tlog
c:\users\t-tsukamura\desktop\shooting_00\game\debug\game.tlog\meshcontenttask-vsgraphics.write.2.tlog
c:\users\t-tsukamura\desktop\shooting_00\game\debug\game.tlog\meshcontenttask-vsgraphics.write.3.tlog
c:\users\t-tsukamura\desktop\shooting_00\game\debug\game.tlog\rc.command.1.tlog
c:\users\t-tsukamura\desktop\shooting_00\game\debug\game.tlog\rc.read.1.tlog
c:\users\t-tsukamura\desktop\shooting_00\game\debug\game.tlog\rc.write.1.tlog
