  Assets\modelData\AirPlane.fbx
main.obj : warning LNK4075: /EDITANDCONTINUE は /SAFESEH の指定によって無視されます。
BulletCollision_Debug.lib(btCollisionAlgorithm.obj) : warning LNK4099: PDB 'BulletCollision.pdb' が 'BulletCollision_Debug.lib(btCollisionAlgorithm.obj)' で、または 'C:\Users\t-tsukamura\Desktop\Shooting_00_Answer\Game\Debug\BulletCollision.pdb' に見つかりません。デバッグ情報がないものとして、オブジェクトにリンクします。
BulletCollision_Debug.lib(btDbvt.obj) : warning LNK4099: PDB 'BulletCollision.pdb' が 'BulletCollision_Debug.lib(btDbvt.obj)' で、または 'C:\Users\t-tsukamura\Desktop\Shooting_00_Answer\Game\Debug\BulletCollision.pdb' に見つかりません。デバッグ情報がないものとして、オブジェクトにリンクします。
BulletCollision_Debug.lib(btDbvtBroadphase.obj) : warning LNK4099: PDB 'BulletCollision.pdb' が 'BulletCollision_Debug.lib(btDbvtBroadphase.obj)' で、または 'C:\Users\t-tsukamura\Desktop\Shooting_00_Answer\Game\Debug\BulletCollision.pdb' に見つかりません。デバッグ情報がないものとして、オブジェクトにリンクします。
BulletCollision_Debug.lib(btDispatcher.obj) : warning LNK4099: PDB 'BulletCollision.pdb' が 'BulletCollision_Debug.lib(btDispatcher.obj)' で、または 'C:\Users\t-tsukamura\Desktop\Shooting_00_Answer\Game\Debug\BulletCollision.pdb' に見つかりません。デバッグ情報がないものとして、オブジェクトにリンクします。
BulletCollision_Debug.lib(btOverlappingPairCache.obj) : warning LNK4099: PDB 'BulletCollision.pdb' が 'BulletCollision_Debug.lib(btOverlappingPairCache.obj)' で、または 'C:\Users\t-tsukamura\Desktop\Shooting_00_Answer\Game\Debug\BulletCollision.pdb' に見つかりません。デバッグ情報がないものとして、オブジェクトにリンクします。
BulletCollision_Debug.lib(btQuantizedBvh.obj) : warning LNK4099: PDB 'BulletCollision.pdb' が 'BulletCollision_Debug.lib(btQuantizedBvh.obj)' で、または 'C:\Users\t-tsukamura\Desktop\Shooting_00_Answer\Game\Debug\BulletCollision.pdb' に見つかりません。デバッグ情報がないものとして、オブジェクトにリンクします。
BulletCollision_Debug.lib(btActivatingCollisionAlgorithm.obj) : warning LNK4099: PDB 'BulletCollision.pdb' が 'BulletCollision_Debug.lib(btActivatingCollisionAlgorithm.obj)' で、または 'C:\Users\t-tsukamura\Desktop\Shooting_00_Answer\Game\Debug\BulletCollision.pdb' に見つかりません。デバッグ情報がないものとして、オブジェクトにリンクします。
BulletCollision_Debug.lib(btBoxBoxCollisionAlgorithm.obj) : warning LNK4099: PDB 'BulletCollision.pdb' が 'BulletCollision_Debug.lib(btBoxBoxCollisionAlgorithm.obj)' で、または 'C:\Users\t-tsukamura\Desktop\Shooting_00_Answer\Game\Debug\BulletCollision.pdb' に見つかりません。デバッグ情報がないものとして、オブジェクトにリンクします。
BulletCollision_Debug.lib(btBoxBoxDetector.obj) : warning LNK4099: PDB 'BulletCollision.pdb' が 'BulletCollision_Debug.lib(btBoxBoxDetector.obj)' で、または 'C:\Users\t-tsukamura\Desktop\Shooting_00_Answer\Game\Debug\BulletCollision.pdb' に見つかりません。デバッグ情報がないものとして、オブジェクトにリンクします。
BulletCollision_Debug.lib(btCollisionDispatcher.obj) : warning LNK4099: PDB 'BulletCollision.pdb' が 'BulletCollision_Debug.lib(btCollisionDispatcher.obj)' で、または 'C:\Users\t-tsukamura\Desktop\Shooting_00_Answer\Game\Debug\BulletCollision.pdb' に見つかりません。デバッグ情報がないものとして、オブジェクトにリンクします。
BulletCollision_Debug.lib(btCollisionObject.obj) : warning LNK4099: PDB 'BulletCollision.pdb' が 'BulletCollision_Debug.lib(btCollisionObject.obj)' で、または 'C:\Users\t-tsukamura\Desktop\Shooting_00_Answer\Game\Debug\BulletCollision.pdb' に見つかりません。デバッグ情報がないものとして、オブジェクトにリンクします。
BulletCollision_Debug.lib(btCollisionWorld.obj) : warning LNK4099: PDB 'BulletCollision.pdb' が 'BulletCollision_Debug.lib(btCollisionWorld.obj)' で、または 'C:\Users\t-tsukamura\Desktop\Shooting_00_Answer\Game\Debug\BulletCollision.pdb' に見つかりません。デバッグ情報がないものとして、オブジェクトにリンクします。
BulletCollision_Debug.lib(btCompoundCollisionAlgorithm.obj) : warning LNK4099: PDB 'BulletCollision.pdb' が 'BulletCollision_Debug.lib(btCompoundCollisionAlgorithm.obj)' で、または 'C:\Users\t-tsukamura\Desktop\Shooting_00_Answer\Game\Debug\BulletCollision.pdb' に見つかりません。デバッグ情報がないものとして、オブジェクトにリンクします。
BulletCollision_Debug.lib(btCompoundCompoundCollisionAlgorithm.obj) : warning LNK4099: PDB 'BulletCollision.pdb' が 'BulletCollision_Debug.lib(btCompoundCompoundCollisionAlgorithm.obj)' で、または 'C:\Users\t-tsukamura\Desktop\Shooting_00_Answer\Game\Debug\BulletCollision.pdb' に見つかりません。デバッグ情報がないものとして、オブジェクトにリンクします。
BulletCollision_Debug.lib(btConvexConcaveCollisionAlgorithm.obj) : warning LNK4099: PDB 'BulletCollision.pdb' が 'BulletCollision_Debug.lib(btConvexConcaveCollisionAlgorithm.obj)' で、または 'C:\Users\t-tsukamura\Desktop\Shooting_00_Answer\Game\Debug\BulletCollision.pdb' に見つかりません。デバッグ情報がないものとして、オブジェクトにリンクします。
BulletCollision_Debug.lib(btConvexConvexAlgorithm.obj) : warning LNK4099: PDB 'BulletCollision.pdb' が 'BulletCollision_Debug.lib(btConvexConvexAlgorithm.obj)' で、または 'C:\Users\t-tsukamura\Desktop\Shooting_00_Answer\Game\Debug\BulletCollision.pdb' に見つかりません。デバッグ情報がないものとして、オブジェクトにリンクします。
BulletCollision_Debug.lib(btConvexPlaneCollisionAlgorithm.obj) : warning LNK4099: PDB 'BulletCollision.pdb' が 'BulletCollision_Debug.lib(btConvexPlaneCollisionAlgorithm.obj)' で、または 'C:\Users\t-tsukamura\Desktop\Shooting_00_Answer\Game\Debug\BulletCollision.pdb' に見つかりません。デバッグ情報がないものとして、オブジェクトにリンクします。
BulletCollision_Debug.lib(btDefaultCollisionConfiguration.obj) : warning LNK4099: PDB 'BulletCollision.pdb' が 'BulletCollision_Debug.lib(btDefaultCollisionConfiguration.obj)' で、または 'C:\Users\t-tsukamura\Desktop\Shooting_00_Answer\Game\Debug\BulletCollision.pdb' に見つかりません。デバッグ情報がないものとして、オブジェクトにリンクします。
BulletCollision_Debug.lib(btEmptyCollisionAlgorithm.obj) : warning LNK4099: PDB 'BulletCollision.pdb' が 'BulletCollision_Debug.lib(btEmptyCollisionAlgorithm.obj)' で、または 'C:\Users\t-tsukamura\Desktop\Shooting_00_Answer\Game\Debug\BulletCollision.pdb' に見つかりません。デバッグ情報がないものとして、オブジェクトにリンクします。
BulletCollision_Debug.lib(btHashedSimplePairCache.obj) : warning LNK4099: PDB 'BulletCollision.pdb' が 'BulletCollision_Debug.lib(btHashedSimplePairCache.obj)' で、または 'C:\Users\t-tsukamura\Desktop\Shooting_00_Answer\Game\Debug\BulletCollision.pdb' に見つかりません。デバッグ情報がないものとして、オブジェクトにリンクします。
BulletCollision_Debug.lib(btManifoldResult.obj) : warning LNK4099: PDB 'BulletCollision.pdb' が 'BulletCollision_Debug.lib(btManifoldResult.obj)' で、または 'C:\Users\t-tsukamura\Desktop\Shooting_00_Answer\Game\Debug\BulletCollision.pdb' に見つかりません。デバッグ情報がないものとして、オブジェクトにリンクします。
BulletCollision_Debug.lib(btSimulationIslandManager.obj) : warning LNK4099: PDB 'BulletCollision.pdb' が 'BulletCollision_Debug.lib(btSimulationIslandManager.obj)' で、または 'C:\Users\t-tsukamura\Desktop\Shooting_00_Answer\Game\Debug\BulletCollision.pdb' に見つかりません。デバッグ情報がないものとして、オブジェクトにリンクします。
BulletCollision_Debug.lib(btSphereSphereCollisionAlgorithm.obj) : warning LNK4099: PDB 'BulletCollision.pdb' が 'BulletCollision_Debug.lib(btSphereSphereCollisionAlgorithm.obj)' で、または 'C:\Users\t-tsukamura\Desktop\Shooting_00_Answer\Game\Debug\BulletCollision.pdb' に見つかりません。デバッグ情報がないものとして、オブジェクトにリンクします。
BulletCollision_Debug.lib(btSphereTriangleCollisionAlgorithm.obj) : warning LNK4099: PDB 'BulletCollision.pdb' が 'BulletCollision_Debug.lib(btSphereTriangleCollisionAlgorithm.obj)' で、または 'C:\Users\t-tsukamura\Desktop\Shooting_00_Answer\Game\Debug\BulletCollision.pdb' に見つかりません。デバッグ情報がないものとして、オブジェクトにリンクします。
BulletCollision_Debug.lib(btUnionFind.obj) : warning LNK4099: PDB 'BulletCollision.pdb' が 'BulletCollision_Debug.lib(btUnionFind.obj)' で、または 'C:\Users\t-tsukamura\Desktop\Shooting_00_Answer\Game\Debug\BulletCollision.pdb' に見つかりません。デバッグ情報がないものとして、オブジェクトにリンクします。
BulletCollision_Debug.lib(SphereTriangleDetector.obj) : warning LNK4099: PDB 'BulletCollision.pdb' が 'BulletCollision_Debug.lib(SphereTriangleDetector.obj)' で、または 'C:\Users\t-tsukamura\Desktop\Shooting_00_Answer\Game\Debug\BulletCollision.pdb' に見つかりません。デバッグ情報がないものとして、オブジェクトにリンクします。
BulletCollision_Debug.lib(btBvhTriangleMeshShape.obj) : warning LNK4099: PDB 'BulletCollision.pdb' が 'BulletCollision_Debug.lib(btBvhTriangleMeshShape.obj)' で、または 'C:\Users\t-tsukamura\Desktop\Shooting_00_Answer\Game\Debug\BulletCollision.pdb' に見つかりません。デバッグ情報がないものとして、オブジェクトにリンクします。
BulletCollision_Debug.lib(btCapsuleShape.obj) : warning LNK4099: PDB 'BulletCollision.pdb' が 'BulletCollision_Debug.lib(btCapsuleShape.obj)' で、または 'C:\Users\t-tsukamura\Desktop\Shooting_00_Answer\Game\Debug\BulletCollision.pdb' に見つかりません。デバッグ情報がないものとして、オブジェクトにリンクします。
BulletCollision_Debug.lib(btCollisionShape.obj) : warning LNK4099: PDB 'BulletCollision.pdb' が 'BulletCollision_Debug.lib(btCollisionShape.obj)' で、または 'C:\Users\t-tsukamura\Desktop\Shooting_00_Answer\Game\Debug\BulletCollision.pdb' に見つかりません。デバッグ情報がないものとして、オブジェクトにリンクします。
BulletCollision_Debug.lib(btConcaveShape.obj) : warning LNK4099: PDB 'BulletCollision.pdb' が 'BulletCollision_Debug.lib(btConcaveShape.obj)' で、または 'C:\Users\t-tsukamura\Desktop\Shooting_00_Answer\Game\Debug\BulletCollision.pdb' に見つかりません。デバッグ情報がないものとして、オブジェクトにリンクします。
BulletCollision_Debug.lib(btConvexInternalShape.obj) : warning LNK4099: PDB 'BulletCollision.pdb' が 'BulletCollision_Debug.lib(btConvexInternalShape.obj)' で、または 'C:\Users\t-tsukamura\Desktop\Shooting_00_Answer\Game\Debug\BulletCollision.pdb' に見つかりません。デバッグ情報がないものとして、オブジェクトにリンクします。
BulletCollision_Debug.lib(btConvexPolyhedron.obj) : warning LNK4099: PDB 'BulletCollision.pdb' が 'BulletCollision_Debug.lib(btConvexPolyhedron.obj)' で、または 'C:\Users\t-tsukamura\Desktop\Shooting_00_Answer\Game\Debug\BulletCollision.pdb' に見つかりません。デバッグ情報がないものとして、オブジェクトにリンクします。
BulletCollision_Debug.lib(btConvexShape.obj) : warning LNK4099: PDB 'BulletCollision.pdb' が 'BulletCollision_Debug.lib(btConvexShape.obj)' で、または 'C:\Users\t-tsukamura\Desktop\Shooting_00_Answer\Game\Debug\BulletCollision.pdb' に見つかりません。デバッグ情報がないものとして、オブジェクトにリンクします。
BulletCollision_Debug.lib(btOptimizedBvh.obj) : warning LNK4099: PDB 'BulletCollision.pdb' が 'BulletCollision_Debug.lib(btOptimizedBvh.obj)' で、または 'C:\Users\t-tsukamura\Desktop\Shooting_00_Answer\Game\Debug\BulletCollision.pdb' に見つかりません。デバッグ情報がないものとして、オブジェクトにリンクします。
BulletCollision_Debug.lib(btPolyhedralConvexShape.obj) : warning LNK4099: PDB 'BulletCollision.pdb' が 'BulletCollision_Debug.lib(btPolyhedralConvexShape.obj)' で、または 'C:\Users\t-tsukamura\Desktop\Shooting_00_Answer\Game\Debug\BulletCollision.pdb' に見つかりません。デバッグ情報がないものとして、オブジェクトにリンクします。
BulletCollision_Debug.lib(btSphereShape.obj) : warning LNK4099: PDB 'BulletCollision.pdb' が 'BulletCollision_Debug.lib(btSphereShape.obj)' で、または 'C:\Users\t-tsukamura\Desktop\Shooting_00_Answer\Game\Debug\BulletCollision.pdb' に見つかりません。デバッグ情報がないものとして、オブジェクトにリンクします。
BulletCollision_Debug.lib(btTriangleCallback.obj) : warning LNK4099: PDB 'BulletCollision.pdb' が 'BulletCollision_Debug.lib(btTriangleCallback.obj)' で、または 'C:\Users\t-tsukamura\Desktop\Shooting_00_Answer\Game\Debug\BulletCollision.pdb' に見つかりません。デバッグ情報がないものとして、オブジェクトにリンクします。
BulletCollision_Debug.lib(btTriangleMeshShape.obj) : warning LNK4099: PDB 'BulletCollision.pdb' が 'BulletCollision_Debug.lib(btTriangleMeshShape.obj)' で、または 'C:\Users\t-tsukamura\Desktop\Shooting_00_Answer\Game\Debug\BulletCollision.pdb' に見つかりません。デバッグ情報がないものとして、オブジェクトにリンクします。
BulletCollision_Debug.lib(btContinuousConvexCollision.obj) : warning LNK4099: PDB 'BulletCollision.pdb' が 'BulletCollision_Debug.lib(btContinuousConvexCollision.obj)' で、または 'C:\Users\t-tsukamura\Desktop\Shooting_00_Answer\Game\Debug\BulletCollision.pdb' に見つかりません。デバッグ情報がないものとして、オブジェクトにリンクします。
BulletCollision_Debug.lib(btConvexCast.obj) : warning LNK4099: PDB 'BulletCollision.pdb' が 'BulletCollision_Debug.lib(btConvexCast.obj)' で、または 'C:\Users\t-tsukamura\Desktop\Shooting_00_Answer\Game\Debug\BulletCollision.pdb' に見つかりません。デバッグ情報がないものとして、オブジェクトにリンクします。
BulletCollision_Debug.lib(btGjkConvexCast.obj) : warning LNK4099: PDB 'BulletCollision.pdb' が 'BulletCollision_Debug.lib(btGjkConvexCast.obj)' で、または 'C:\Users\t-tsukamura\Desktop\Shooting_00_Answer\Game\Debug\BulletCollision.pdb' に見つかりません。デバッグ情報がないものとして、オブジェクトにリンクします。
BulletCollision_Debug.lib(btGjkEpa2.obj) : warning LNK4099: PDB 'BulletCollision.pdb' が 'BulletCollision_Debug.lib(btGjkEpa2.obj)' で、または 'C:\Users\t-tsukamura\Desktop\Shooting_00_Answer\Game\Debug\BulletCollision.pdb' に見つかりません。デバッグ情報がないものとして、オブジェクトにリンクします。
BulletCollision_Debug.lib(btGjkEpaPenetrationDepthSolver.obj) : warning LNK4099: PDB 'BulletCollision.pdb' が 'BulletCollision_Debug.lib(btGjkEpaPenetrationDepthSolver.obj)' で、または 'C:\Users\t-tsukamura\Desktop\Shooting_00_Answer\Game\Debug\BulletCollision.pdb' に見つかりません。デバッグ情報がないものとして、オブジェクトにリンクします。
BulletCollision_Debug.lib(btGjkPairDetector.obj) : warning LNK4099: PDB 'BulletCollision.pdb' が 'BulletCollision_Debug.lib(btGjkPairDetector.obj)' で、または 'C:\Users\t-tsukamura\Desktop\Shooting_00_Answer\Game\Debug\BulletCollision.pdb' に見つかりません。デバッグ情報がないものとして、オブジェクトにリンクします。
BulletCollision_Debug.lib(btMinkowskiPenetrationDepthSolver.obj) : warning LNK4099: PDB 'BulletCollision.pdb' が 'BulletCollision_Debug.lib(btMinkowskiPenetrationDepthSolver.obj)' で、または 'C:\Users\t-tsukamura\Desktop\Shooting_00_Answer\Game\Debug\BulletCollision.pdb' に見つかりません。デバッグ情報がないものとして、オブジェクトにリンクします。
BulletCollision_Debug.lib(btPersistentManifold.obj) : warning LNK4099: PDB 'BulletCollision.pdb' が 'BulletCollision_Debug.lib(btPersistentManifold.obj)' で、または 'C:\Users\t-tsukamura\Desktop\Shooting_00_Answer\Game\Debug\BulletCollision.pdb' に見つかりません。デバッグ情報がないものとして、オブジェクトにリンクします。
BulletCollision_Debug.lib(btPolyhedralContactClipping.obj) : warning LNK4099: PDB 'BulletCollision.pdb' が 'BulletCollision_Debug.lib(btPolyhedralContactClipping.obj)' で、または 'C:\Users\t-tsukamura\Desktop\Shooting_00_Answer\Game\Debug\BulletCollision.pdb' に見つかりません。デバッグ情報がないものとして、オブジェクトにリンクします。
BulletCollision_Debug.lib(btRaycastCallback.obj) : warning LNK4099: PDB 'BulletCollision.pdb' が 'BulletCollision_Debug.lib(btRaycastCallback.obj)' で、または 'C:\Users\t-tsukamura\Desktop\Shooting_00_Answer\Game\Debug\BulletCollision.pdb' に見つかりません。デバッグ情報がないものとして、オブジェクトにリンクします。
BulletCollision_Debug.lib(btSubSimplexConvexCast.obj) : warning LNK4099: PDB 'BulletCollision.pdb' が 'BulletCollision_Debug.lib(btSubSimplexConvexCast.obj)' で、または 'C:\Users\t-tsukamura\Desktop\Shooting_00_Answer\Game\Debug\BulletCollision.pdb' に見つかりません。デバッグ情報がないものとして、オブジェクトにリンクします。
BulletCollision_Debug.lib(btVoronoiSimplexSolver.obj) : warning LNK4099: PDB 'BulletCollision.pdb' が 'BulletCollision_Debug.lib(btVoronoiSimplexSolver.obj)' で、または 'C:\Users\t-tsukamura\Desktop\Shooting_00_Answer\Game\Debug\BulletCollision.pdb' に見つかりません。デバッグ情報がないものとして、オブジェクトにリンクします。
BulletDynamics_Debug.lib(btConeTwistConstraint.obj) : warning LNK4099: PDB 'BulletDynamics.pdb' が 'BulletDynamics_Debug.lib(btConeTwistConstraint.obj)' で、または 'C:\Users\t-tsukamura\Desktop\Shooting_00_Answer\Game\Debug\BulletDynamics.pdb' に見つかりません。デバッグ情報がないものとして、オブジェクトにリンクします。
BulletDynamics_Debug.lib(btGeneric6DofConstraint.obj) : warning LNK4099: PDB 'BulletDynamics.pdb' が 'BulletDynamics_Debug.lib(btGeneric6DofConstraint.obj)' で、または 'C:\Users\t-tsukamura\Desktop\Shooting_00_Answer\Game\Debug\BulletDynamics.pdb' に見つかりません。デバッグ情報がないものとして、オブジェクトにリンクします。
BulletDynamics_Debug.lib(btSequentialImpulseConstraintSolver.obj) : warning LNK4099: PDB 'BulletDynamics.pdb' が 'BulletDynamics_Debug.lib(btSequentialImpulseConstraintSolver.obj)' で、または 'C:\Users\t-tsukamura\Desktop\Shooting_00_Answer\Game\Debug\BulletDynamics.pdb' に見つかりません。デバッグ情報がないものとして、オブジェクトにリンクします。
BulletDynamics_Debug.lib(btTypedConstraint.obj) : warning LNK4099: PDB 'BulletDynamics.pdb' が 'BulletDynamics_Debug.lib(btTypedConstraint.obj)' で、または 'C:\Users\t-tsukamura\Desktop\Shooting_00_Answer\Game\Debug\BulletDynamics.pdb' に見つかりません。デバッグ情報がないものとして、オブジェクトにリンクします。
BulletDynamics_Debug.lib(btDiscreteDynamicsWorld.obj) : warning LNK4099: PDB 'BulletDynamics.pdb' が 'BulletDynamics_Debug.lib(btDiscreteDynamicsWorld.obj)' で、または 'C:\Users\t-tsukamura\Desktop\Shooting_00_Answer\Game\Debug\BulletDynamics.pdb' に見つかりません。デバッグ情報がないものとして、オブジェクトにリンクします。
BulletDynamics_Debug.lib(btRigidBody.obj) : warning LNK4099: PDB 'BulletDynamics.pdb' が 'BulletDynamics_Debug.lib(btRigidBody.obj)' で、または 'C:\Users\t-tsukamura\Desktop\Shooting_00_Answer\Game\Debug\BulletDynamics.pdb' に見つかりません。デバッグ情報がないものとして、オブジェクトにリンクします。
LinearMath_Debug.lib(btAlignedAllocator.obj) : warning LNK4099: PDB 'LinearMath.pdb' が 'LinearMath_Debug.lib(btAlignedAllocator.obj)' で、または 'C:\Users\t-tsukamura\Desktop\Shooting_00_Answer\Game\Debug\LinearMath.pdb' に見つかりません。デバッグ情報がないものとして、オブジェクトにリンクします。
LinearMath_Debug.lib(btConvexHullComputer.obj) : warning LNK4099: PDB 'LinearMath.pdb' が 'LinearMath_Debug.lib(btConvexHullComputer.obj)' で、または 'C:\Users\t-tsukamura\Desktop\Shooting_00_Answer\Game\Debug\LinearMath.pdb' に見つかりません。デバッグ情報がないものとして、オブジェクトにリンクします。
LinearMath_Debug.lib(btGeometryUtil.obj) : warning LNK4099: PDB 'LinearMath.pdb' が 'LinearMath_Debug.lib(btGeometryUtil.obj)' で、または 'C:\Users\t-tsukamura\Desktop\Shooting_00_Answer\Game\Debug\LinearMath.pdb' に見つかりません。デバッグ情報がないものとして、オブジェクトにリンクします。
LinearMath_Debug.lib(btQuickprof.obj) : warning LNK4099: PDB 'LinearMath.pdb' が 'LinearMath_Debug.lib(btQuickprof.obj)' で、または 'C:\Users\t-tsukamura\Desktop\Shooting_00_Answer\Game\Debug\LinearMath.pdb' に見つかりません。デバッグ情報がないものとして、オブジェクトにリンクします。
LinearMath_Debug.lib(btVector3.obj) : warning LNK4099: PDB 'LinearMath.pdb' が 'LinearMath_Debug.lib(btVector3.obj)' で、または 'C:\Users\t-tsukamura\Desktop\Shooting_00_Answer\Game\Debug\LinearMath.pdb' に見つかりません。デバッグ情報がないものとして、オブジェクトにリンクします。
  Game.vcxproj -> C:\Users\t-tsukamura\Desktop\Shooting_00_Answer\Game\Debug\Game.exe
  ファイルが見つかりません - *.dds
  0 個のファイルをコピーしました
