c:\users\t-tsukamura\desktop\shooting_04\game\debug\game.pch
c:\users\t-tsukamura\desktop\shooting_04\game\debug\vc142.pdb
c:\users\t-tsukamura\desktop\shooting_04\game\debug\vc142.idb
c:\users\t-tsukamura\desktop\shooting_04\game\debug\stdafx.obj
c:\users\t-tsukamura\desktop\shooting_04\game\debug\player.obj
c:\users\t-tsukamura\desktop\shooting_04\game\debug\main.obj
c:\users\t-tsukamura\desktop\shooting_04\game\debug\enemygenerator.obj
c:\users\t-tsukamura\desktop\shooting_04\game\debug\enemy.obj
c:\users\t-tsukamura\desktop\shooting_04\game\debug\bullet.obj
c:\users\t-tsukamura\desktop\gc1 pg\chapter_14完全版\chapter_14_answer\shooting_04_answer\game\debug\game.pch
c:\users\t-tsukamura\desktop\gc1 pg\chapter_14完全版\chapter_14_answer\shooting_04_answer\game\debug\vc142.pdb
c:\users\t-tsukamura\desktop\gc1 pg\chapter_14完全版\chapter_14_answer\shooting_04_answer\game\debug\vc142.idb
c:\users\t-tsukamura\desktop\gc1 pg\chapter_14完全版\chapter_14_answer\shooting_04_answer\game\debug\stdafx.obj
c:\users\t-tsukamura\desktop\gc1 pg\chapter_14完全版\chapter_14_answer\shooting_04_answer\game\debug\player.obj
c:\users\t-tsukamura\desktop\gc1 pg\chapter_14完全版\chapter_14_answer\shooting_04_answer\game\debug\main.obj
c:\users\t-tsukamura\desktop\gc1 pg\chapter_14完全版\chapter_14_answer\shooting_04_answer\game\debug\enemygenerator.obj
c:\users\t-tsukamura\desktop\gc1 pg\chapter_14完全版\chapter_14_answer\shooting_04_answer\game\debug\enemy.obj
c:\users\t-tsukamura\desktop\gc1 pg\chapter_14完全版\chapter_14_answer\shooting_04_answer\game\debug\bullet.obj
c:\users\t-tsukamura\desktop\shooting_04\game\debug\game.exe
c:\users\t-tsukamura\desktop\shooting_04\game\debug\game.ilk
c:\users\t-tsukamura\desktop\shooting_04\game\debug\game.pdb
c:\users\t-tsukamura\desktop\gc1 pg\chapter_14完全版\chapter_14_answer\shooting_04_answer\game\debug\game.exe
c:\users\t-tsukamura\desktop\gc1 pg\chapter_14完全版\chapter_14_answer\shooting_04_answer\game\debug\game.ilk
c:\users\t-tsukamura\desktop\gc1 pg\chapter_14完全版\chapter_14_answer\shooting_04_answer\game\debug\game.pdb
c:\users\t-tsukamura\desktop\shooting_04\game\assets\modeldata\enemy.cmo
c:\users\t-tsukamura\desktop\shooting_04\game\assets\modeldata\_program files (x86)_microsoft visual studio_2019_community_common7_ide_extensions_microsoft_vsgraphics_assets_effects_phong.dgsl.cso
c:\users\t-tsukamura\desktop\shooting_04\game\assets\modeldata\_users_t-tsukamura_desktop_shooting__04_game_assets_modeldata_microsub__albedo.png.dds
c:\users\t-tsukamura\desktop\shooting_04\game\assets\modeldata\_users_t-tsukamura_desktop_shooting__04_game_assets_modeldata_microsub__glass__metallicsmoothness.png.dds
c:\users\t-tsukamura\desktop\shooting_04\game\assets\modeldata\bullet.cmo
c:\users\t-tsukamura\desktop\shooting_04\game\assets\modeldata\_users_t-tsukamura_desktop_shooting__04_game_assets_modeldata_bullet.png.dds
c:\users\t-tsukamura\desktop\shooting_04\game\assets\modeldata\airplane.cmo
c:\users\t-tsukamura\desktop\shooting_04\game\assets\modeldata\_users_t-tsukamura_desktop_shooting__04_game_assets_modeldata_world war ii - plane - heavy scratches.tga.dds
c:\users\t-tsukamura\desktop\shooting_04\game\assets\modeldata\_users_t-tsukamura_desktop_shooting__04_game_assets_modeldata_world war ii - propeller.tga.dds
c:\users\t-tsukamura\desktop\gc1 pg\chapter_14完全版\chapter_14_answer\shooting_04_answer\game\assets\modeldata\airplane.cmo
c:\users\t-tsukamura\desktop\gc1 pg\chapter_14完全版\chapter_14_answer\shooting_04_answer\game\assets\modeldata\_program files (x86)_microsoft visual studio_2019_community_common7_ide_extensions_microsoft_vsgraphics_assets_effects_phong.dgsl.cso
c:\users\t-tsukamura\desktop\gc1 pg\chapter_14完全版\chapter_14_answer\shooting_04_answer\game\assets\modeldata\_users_t-tsukamura_desktop_gc1 pg_chapter__14完全版_chapter__14__answer_shooting__04__answer_game_assets_modeldata_world war ii - propeller.tga.dds
c:\users\t-tsukamura\desktop\gc1 pg\chapter_14完全版\chapter_14_answer\shooting_04_answer\game\assets\modeldata\bullet.cmo
c:\users\t-tsukamura\desktop\gc1 pg\chapter_14完全版\chapter_14_answer\shooting_04_answer\game\assets\modeldata\_users_t-tsukamura_desktop_gc1 pg_chapter__14完全版_chapter__14__answer_shooting__04__answer_game_assets_modeldata_bullet.png.dds
c:\users\t-tsukamura\desktop\gc1 pg\chapter_14完全版\chapter_14_answer\shooting_04_answer\game\assets\modeldata\enemy.cmo
c:\users\t-tsukamura\desktop\gc1 pg\chapter_14完全版\chapter_14_answer\shooting_04_answer\game\assets\modeldata\_users_t-tsukamura_desktop_gc1 pg_chapter__14完全版_chapter__14__answer_shooting__04__answer_game_assets_modeldata_microsub__albedo.png.dds
c:\programdata\nvidia corporation\drs\nvapptimestamps
c:\users\t-tsukamura\desktop\shooting_04\game\debug\game.res
c:\users\t-tsukamura\desktop\gc1 pg\chapter_14完全版\chapter_14_answer\shooting_04_answer\game\debug\game.res
c:\users\t-tsukamura\desktop\gc1 pg\chapter_14完全版\chapter_14_answer\shooting_04_answer\game\debug\tkengine.pdb
c:\users\t-tsukamura\desktop\gc1 pg\chapter_14完全版\chapter_14_answer\shooting_04_answer\game\debug\game.tlog\cl.command.1.tlog
c:\users\t-tsukamura\desktop\gc1 pg\chapter_14完全版\chapter_14_answer\shooting_04_answer\game\debug\game.tlog\cl.read.1.tlog
c:\users\t-tsukamura\desktop\gc1 pg\chapter_14完全版\chapter_14_answer\shooting_04_answer\game\debug\game.tlog\cl.write.1.tlog
c:\users\t-tsukamura\desktop\gc1 pg\chapter_14完全版\chapter_14_answer\shooting_04_answer\game\debug\game.tlog\link.command.1.tlog
c:\users\t-tsukamura\desktop\gc1 pg\chapter_14完全版\chapter_14_answer\shooting_04_answer\game\debug\game.tlog\link.read.1.tlog
c:\users\t-tsukamura\desktop\gc1 pg\chapter_14完全版\chapter_14_answer\shooting_04_answer\game\debug\game.tlog\link.write.1.tlog
c:\users\t-tsukamura\desktop\gc1 pg\chapter_14完全版\chapter_14_answer\shooting_04_answer\game\debug\game.tlog\meshcontenttask-vsgraphics.11408.read.1.tlog
c:\users\t-tsukamura\desktop\gc1 pg\chapter_14完全版\chapter_14_answer\shooting_04_answer\game\debug\game.tlog\meshcontenttask-vsgraphics.11408.read.2.tlog
c:\users\t-tsukamura\desktop\gc1 pg\chapter_14完全版\chapter_14_answer\shooting_04_answer\game\debug\game.tlog\meshcontenttask-vsgraphics.11408.write.1.tlog
c:\users\t-tsukamura\desktop\gc1 pg\chapter_14完全版\chapter_14_answer\shooting_04_answer\game\debug\game.tlog\meshcontenttask-vsgraphics.11408.write.2.tlog
c:\users\t-tsukamura\desktop\gc1 pg\chapter_14完全版\chapter_14_answer\shooting_04_answer\game\debug\game.tlog\meshcontenttask-vsgraphics.12628.read.1.tlog
c:\users\t-tsukamura\desktop\gc1 pg\chapter_14完全版\chapter_14_answer\shooting_04_answer\game\debug\game.tlog\meshcontenttask-vsgraphics.12628.read.2.tlog
c:\users\t-tsukamura\desktop\gc1 pg\chapter_14完全版\chapter_14_answer\shooting_04_answer\game\debug\game.tlog\meshcontenttask-vsgraphics.12628.write.1.tlog
c:\users\t-tsukamura\desktop\gc1 pg\chapter_14完全版\chapter_14_answer\shooting_04_answer\game\debug\game.tlog\meshcontenttask-vsgraphics.12628.write.2.tlog
c:\users\t-tsukamura\desktop\gc1 pg\chapter_14完全版\chapter_14_answer\shooting_04_answer\game\debug\game.tlog\meshcontenttask-vsgraphics.13504.read.1.tlog
c:\users\t-tsukamura\desktop\gc1 pg\chapter_14完全版\chapter_14_answer\shooting_04_answer\game\debug\game.tlog\meshcontenttask-vsgraphics.13504.read.2.tlog
c:\users\t-tsukamura\desktop\gc1 pg\chapter_14完全版\chapter_14_answer\shooting_04_answer\game\debug\game.tlog\meshcontenttask-vsgraphics.13504.write.1.tlog
c:\users\t-tsukamura\desktop\gc1 pg\chapter_14完全版\chapter_14_answer\shooting_04_answer\game\debug\game.tlog\meshcontenttask-vsgraphics.13504.write.2.tlog
c:\users\t-tsukamura\desktop\gc1 pg\chapter_14完全版\chapter_14_answer\shooting_04_answer\game\debug\game.tlog\meshcontenttask-vsgraphics.14992.read.1.tlog
c:\users\t-tsukamura\desktop\gc1 pg\chapter_14完全版\chapter_14_answer\shooting_04_answer\game\debug\game.tlog\meshcontenttask-vsgraphics.14992.read.2.tlog
c:\users\t-tsukamura\desktop\gc1 pg\chapter_14完全版\chapter_14_answer\shooting_04_answer\game\debug\game.tlog\meshcontenttask-vsgraphics.14992.write.1.tlog
c:\users\t-tsukamura\desktop\gc1 pg\chapter_14完全版\chapter_14_answer\shooting_04_answer\game\debug\game.tlog\meshcontenttask-vsgraphics.14992.write.2.tlog
c:\users\t-tsukamura\desktop\gc1 pg\chapter_14完全版\chapter_14_answer\shooting_04_answer\game\debug\game.tlog\meshcontenttask-vsgraphics.15560.read.1.tlog
c:\users\t-tsukamura\desktop\gc1 pg\chapter_14完全版\chapter_14_answer\shooting_04_answer\game\debug\game.tlog\meshcontenttask-vsgraphics.15560.read.2.tlog
c:\users\t-tsukamura\desktop\gc1 pg\chapter_14完全版\chapter_14_answer\shooting_04_answer\game\debug\game.tlog\meshcontenttask-vsgraphics.15560.write.1.tlog
c:\users\t-tsukamura\desktop\gc1 pg\chapter_14完全版\chapter_14_answer\shooting_04_answer\game\debug\game.tlog\meshcontenttask-vsgraphics.15560.write.2.tlog
c:\users\t-tsukamura\desktop\gc1 pg\chapter_14完全版\chapter_14_answer\shooting_04_answer\game\debug\game.tlog\meshcontenttask-vsgraphics.16952.read.1.tlog
c:\users\t-tsukamura\desktop\gc1 pg\chapter_14完全版\chapter_14_answer\shooting_04_answer\game\debug\game.tlog\meshcontenttask-vsgraphics.16952.read.2.tlog
c:\users\t-tsukamura\desktop\gc1 pg\chapter_14完全版\chapter_14_answer\shooting_04_answer\game\debug\game.tlog\meshcontenttask-vsgraphics.16952.write.1.tlog
c:\users\t-tsukamura\desktop\gc1 pg\chapter_14完全版\chapter_14_answer\shooting_04_answer\game\debug\game.tlog\meshcontenttask-vsgraphics.16952.write.2.tlog
c:\users\t-tsukamura\desktop\gc1 pg\chapter_14完全版\chapter_14_answer\shooting_04_answer\game\debug\game.tlog\meshcontenttask-vsgraphics.17092.read.1.tlog
c:\users\t-tsukamura\desktop\gc1 pg\chapter_14完全版\chapter_14_answer\shooting_04_answer\game\debug\game.tlog\meshcontenttask-vsgraphics.17092.read.2.tlog
c:\users\t-tsukamura\desktop\gc1 pg\chapter_14完全版\chapter_14_answer\shooting_04_answer\game\debug\game.tlog\meshcontenttask-vsgraphics.17092.write.1.tlog
c:\users\t-tsukamura\desktop\gc1 pg\chapter_14完全版\chapter_14_answer\shooting_04_answer\game\debug\game.tlog\meshcontenttask-vsgraphics.17092.write.2.tlog
c:\users\t-tsukamura\desktop\gc1 pg\chapter_14完全版\chapter_14_answer\shooting_04_answer\game\debug\game.tlog\meshcontenttask-vsgraphics.19312.read.1.tlog
c:\users\t-tsukamura\desktop\gc1 pg\chapter_14完全版\chapter_14_answer\shooting_04_answer\game\debug\game.tlog\meshcontenttask-vsgraphics.19312.read.2.tlog
c:\users\t-tsukamura\desktop\gc1 pg\chapter_14完全版\chapter_14_answer\shooting_04_answer\game\debug\game.tlog\meshcontenttask-vsgraphics.19312.write.1.tlog
c:\users\t-tsukamura\desktop\gc1 pg\chapter_14完全版\chapter_14_answer\shooting_04_answer\game\debug\game.tlog\meshcontenttask-vsgraphics.19312.write.2.tlog
c:\users\t-tsukamura\desktop\gc1 pg\chapter_14完全版\chapter_14_answer\shooting_04_answer\game\debug\game.tlog\meshcontenttask-vsgraphics.20288.read.1.tlog
c:\users\t-tsukamura\desktop\gc1 pg\chapter_14完全版\chapter_14_answer\shooting_04_answer\game\debug\game.tlog\meshcontenttask-vsgraphics.20288.read.2.tlog
c:\users\t-tsukamura\desktop\gc1 pg\chapter_14完全版\chapter_14_answer\shooting_04_answer\game\debug\game.tlog\meshcontenttask-vsgraphics.20288.write.1.tlog
c:\users\t-tsukamura\desktop\gc1 pg\chapter_14完全版\chapter_14_answer\shooting_04_answer\game\debug\game.tlog\meshcontenttask-vsgraphics.20288.write.2.tlog
c:\users\t-tsukamura\desktop\gc1 pg\chapter_14完全版\chapter_14_answer\shooting_04_answer\game\debug\game.tlog\meshcontenttask-vsgraphics.20548.read.1.tlog
c:\users\t-tsukamura\desktop\gc1 pg\chapter_14完全版\chapter_14_answer\shooting_04_answer\game\debug\game.tlog\meshcontenttask-vsgraphics.20548.read.2.tlog
c:\users\t-tsukamura\desktop\gc1 pg\chapter_14完全版\chapter_14_answer\shooting_04_answer\game\debug\game.tlog\meshcontenttask-vsgraphics.20548.read.3.tlog
c:\users\t-tsukamura\desktop\gc1 pg\chapter_14完全版\chapter_14_answer\shooting_04_answer\game\debug\game.tlog\meshcontenttask-vsgraphics.20548.write.1.tlog
c:\users\t-tsukamura\desktop\gc1 pg\chapter_14完全版\chapter_14_answer\shooting_04_answer\game\debug\game.tlog\meshcontenttask-vsgraphics.20548.write.2.tlog
c:\users\t-tsukamura\desktop\gc1 pg\chapter_14完全版\chapter_14_answer\shooting_04_answer\game\debug\game.tlog\meshcontenttask-vsgraphics.20548.write.3.tlog
c:\users\t-tsukamura\desktop\gc1 pg\chapter_14完全版\chapter_14_answer\shooting_04_answer\game\debug\game.tlog\meshcontenttask-vsgraphics.4460.read.1.tlog
c:\users\t-tsukamura\desktop\gc1 pg\chapter_14完全版\chapter_14_answer\shooting_04_answer\game\debug\game.tlog\meshcontenttask-vsgraphics.4460.read.2.tlog
c:\users\t-tsukamura\desktop\gc1 pg\chapter_14完全版\chapter_14_answer\shooting_04_answer\game\debug\game.tlog\meshcontenttask-vsgraphics.4460.write.1.tlog
c:\users\t-tsukamura\desktop\gc1 pg\chapter_14完全版\chapter_14_answer\shooting_04_answer\game\debug\game.tlog\meshcontenttask-vsgraphics.4460.write.2.tlog
c:\users\t-tsukamura\desktop\gc1 pg\chapter_14完全版\chapter_14_answer\shooting_04_answer\game\debug\game.tlog\meshcontenttask-vsgraphics.7856.read.1.tlog
c:\users\t-tsukamura\desktop\gc1 pg\chapter_14完全版\chapter_14_answer\shooting_04_answer\game\debug\game.tlog\meshcontenttask-vsgraphics.7856.read.2.tlog
c:\users\t-tsukamura\desktop\gc1 pg\chapter_14完全版\chapter_14_answer\shooting_04_answer\game\debug\game.tlog\meshcontenttask-vsgraphics.7856.write.1.tlog
c:\users\t-tsukamura\desktop\gc1 pg\chapter_14完全版\chapter_14_answer\shooting_04_answer\game\debug\game.tlog\meshcontenttask-vsgraphics.7856.write.2.tlog
c:\users\t-tsukamura\desktop\gc1 pg\chapter_14完全版\chapter_14_answer\shooting_04_answer\game\debug\game.tlog\meshcontenttask-vsgraphics.read.1.tlog
c:\users\t-tsukamura\desktop\gc1 pg\chapter_14完全版\chapter_14_answer\shooting_04_answer\game\debug\game.tlog\meshcontenttask-vsgraphics.read.2.tlog
c:\users\t-tsukamura\desktop\gc1 pg\chapter_14完全版\chapter_14_answer\shooting_04_answer\game\debug\game.tlog\meshcontenttask-vsgraphics.write.1.tlog
c:\users\t-tsukamura\desktop\gc1 pg\chapter_14完全版\chapter_14_answer\shooting_04_answer\game\debug\game.tlog\meshcontenttask-vsgraphics.write.2.tlog
c:\users\t-tsukamura\desktop\gc1 pg\chapter_14完全版\chapter_14_answer\shooting_04_answer\game\debug\game.tlog\rc.19844.read.1.tlog
c:\users\t-tsukamura\desktop\gc1 pg\chapter_14完全版\chapter_14_answer\shooting_04_answer\game\debug\game.tlog\rc.19844.write.1.tlog
c:\users\t-tsukamura\desktop\gc1 pg\chapter_14完全版\chapter_14_answer\shooting_04_answer\game\debug\game.tlog\rc.command.1.tlog
