d:\github\gamepg_2018\tkengine2\sample\shooting_00\game\debug\game.pch
d:\github\gamepg_2018\tkengine2\sample\shooting_00\game\debug\vc142.pdb
d:\github\gamepg_2018\tkengine2\sample\shooting_00\game\debug\vc142.idb
d:\github\gamepg_2018\tkengine2\sample\shooting_00\game\debug\stdafx.obj
d:\github\gamepg_2018\tkengine2\sample\shooting_00\game\assets\modeldata\airplane.cmo
d:\github\gamepg_2018\tkengine2\sample\shooting_00\game\assets\modeldata\_program files (x86)_microsoft visual studio_2019_community_common7_ide_extensions_microsoft_vsgraphics_assets_effects_phong.dgsl.cso
d:\github\gamepg_2018\tkengine2\sample\shooting_00\game\assets\modeldata\_github_gamepg__2018_tkengine2_sample_shooting__00_game_assets_modeldata_world war ii - plane - heavy scratches.tga.dds
d:\github\gamepg_2018\tkengine2\sample\shooting_00\game\assets\modeldata\_github_gamepg__2018_tkengine2_sample_shooting__00_game_assets_modeldata_world war ii - propeller.tga.dds
d:\github\gamepg_2018\tkengine2\sample\shooting_00\game\assets\modeldata\bullet.cmo
d:\github\gamepg_2018\tkengine2\sample\shooting_00\game\assets\modeldata\_github_gamepg__2018_tkengine2_sample_lesson09__answer_game_assets_modeldata_bullet.png.dds
d:\github\gamepg_2018\tkengine2\sample\shooting_00\game\assets\modeldata\enemy.cmo
d:\github\gamepg_2018\tkengine2\sample\shooting_00\game\assets\modeldata\_github_gamepg__2018_tkengine2_sample_shooting__00_game_assets_modeldata_microsub__albedo.png.dds
d:\github\gamepg_2018\tkengine2\sample\shooting_00\game\assets\modeldata\_github_gamepg__2018_tkengine2_sample_shooting__00_game_assets_modeldata_microsub__glass__metallicsmoothness.png.dds
c:\programdata\nvidia corporation\drs\nvapptimestamps
d:\github\gamepg_2018\tkengine2\sample\shooting_00\game\debug\tkengine.pdb
d:\github\gamepg_2018\tkengine2\sample\shooting_00\game\debug\game.tlog\cl.command.1.tlog
d:\github\gamepg_2018\tkengine2\sample\shooting_00\game\debug\game.tlog\cl.read.1.tlog
d:\github\gamepg_2018\tkengine2\sample\shooting_00\game\debug\game.tlog\cl.write.1.tlog
d:\github\gamepg_2018\tkengine2\sample\shooting_00\game\debug\game.tlog\meshcontenttask-vsgraphics.10884.read.1.tlog
d:\github\gamepg_2018\tkengine2\sample\shooting_00\game\debug\game.tlog\meshcontenttask-vsgraphics.10884.read.2.tlog
d:\github\gamepg_2018\tkengine2\sample\shooting_00\game\debug\game.tlog\meshcontenttask-vsgraphics.10884.write.1.tlog
d:\github\gamepg_2018\tkengine2\sample\shooting_00\game\debug\game.tlog\meshcontenttask-vsgraphics.10884.write.2.tlog
d:\github\gamepg_2018\tkengine2\sample\shooting_00\game\debug\game.tlog\meshcontenttask-vsgraphics.11568.read.1.tlog
d:\github\gamepg_2018\tkengine2\sample\shooting_00\game\debug\game.tlog\meshcontenttask-vsgraphics.11568.read.2.tlog
d:\github\gamepg_2018\tkengine2\sample\shooting_00\game\debug\game.tlog\meshcontenttask-vsgraphics.11568.write.1.tlog
d:\github\gamepg_2018\tkengine2\sample\shooting_00\game\debug\game.tlog\meshcontenttask-vsgraphics.11568.write.2.tlog
d:\github\gamepg_2018\tkengine2\sample\shooting_00\game\debug\game.tlog\meshcontenttask-vsgraphics.11572.read.1.tlog
d:\github\gamepg_2018\tkengine2\sample\shooting_00\game\debug\game.tlog\meshcontenttask-vsgraphics.11572.read.2.tlog
d:\github\gamepg_2018\tkengine2\sample\shooting_00\game\debug\game.tlog\meshcontenttask-vsgraphics.11572.write.1.tlog
d:\github\gamepg_2018\tkengine2\sample\shooting_00\game\debug\game.tlog\meshcontenttask-vsgraphics.11572.write.2.tlog
d:\github\gamepg_2018\tkengine2\sample\shooting_00\game\debug\game.tlog\meshcontenttask-vsgraphics.11936.read.1.tlog
d:\github\gamepg_2018\tkengine2\sample\shooting_00\game\debug\game.tlog\meshcontenttask-vsgraphics.11936.read.2.tlog
d:\github\gamepg_2018\tkengine2\sample\shooting_00\game\debug\game.tlog\meshcontenttask-vsgraphics.11936.write.1.tlog
d:\github\gamepg_2018\tkengine2\sample\shooting_00\game\debug\game.tlog\meshcontenttask-vsgraphics.11936.write.2.tlog
d:\github\gamepg_2018\tkengine2\sample\shooting_00\game\debug\game.tlog\meshcontenttask-vsgraphics.14624.read.1.tlog
d:\github\gamepg_2018\tkengine2\sample\shooting_00\game\debug\game.tlog\meshcontenttask-vsgraphics.14624.read.2.tlog
d:\github\gamepg_2018\tkengine2\sample\shooting_00\game\debug\game.tlog\meshcontenttask-vsgraphics.14624.write.1.tlog
d:\github\gamepg_2018\tkengine2\sample\shooting_00\game\debug\game.tlog\meshcontenttask-vsgraphics.14624.write.2.tlog
d:\github\gamepg_2018\tkengine2\sample\shooting_00\game\debug\game.tlog\meshcontenttask-vsgraphics.15464.read.1.tlog
d:\github\gamepg_2018\tkengine2\sample\shooting_00\game\debug\game.tlog\meshcontenttask-vsgraphics.15464.read.2.tlog
d:\github\gamepg_2018\tkengine2\sample\shooting_00\game\debug\game.tlog\meshcontenttask-vsgraphics.15464.write.1.tlog
d:\github\gamepg_2018\tkengine2\sample\shooting_00\game\debug\game.tlog\meshcontenttask-vsgraphics.15464.write.2.tlog
d:\github\gamepg_2018\tkengine2\sample\shooting_00\game\debug\game.tlog\meshcontenttask-vsgraphics.17520.read.1.tlog
d:\github\gamepg_2018\tkengine2\sample\shooting_00\game\debug\game.tlog\meshcontenttask-vsgraphics.17520.read.2.tlog
d:\github\gamepg_2018\tkengine2\sample\shooting_00\game\debug\game.tlog\meshcontenttask-vsgraphics.17520.write.1.tlog
d:\github\gamepg_2018\tkengine2\sample\shooting_00\game\debug\game.tlog\meshcontenttask-vsgraphics.17520.write.2.tlog
d:\github\gamepg_2018\tkengine2\sample\shooting_00\game\debug\game.tlog\meshcontenttask-vsgraphics.9428.read.1.tlog
d:\github\gamepg_2018\tkengine2\sample\shooting_00\game\debug\game.tlog\meshcontenttask-vsgraphics.9428.read.2.tlog
d:\github\gamepg_2018\tkengine2\sample\shooting_00\game\debug\game.tlog\meshcontenttask-vsgraphics.9428.write.1.tlog
d:\github\gamepg_2018\tkengine2\sample\shooting_00\game\debug\game.tlog\meshcontenttask-vsgraphics.9428.write.2.tlog
d:\github\gamepg_2018\tkengine2\sample\shooting_00\game\debug\game.tlog\meshcontenttask-vsgraphics.9536.read.1.tlog
d:\github\gamepg_2018\tkengine2\sample\shooting_00\game\debug\game.tlog\meshcontenttask-vsgraphics.9536.read.2.tlog
d:\github\gamepg_2018\tkengine2\sample\shooting_00\game\debug\game.tlog\meshcontenttask-vsgraphics.9536.write.1.tlog
d:\github\gamepg_2018\tkengine2\sample\shooting_00\game\debug\game.tlog\meshcontenttask-vsgraphics.9536.write.2.tlog
d:\github\gamepg_2018\tkengine2\sample\shooting_00\game\debug\game.tlog\meshcontenttask-vsgraphics.read.1.tlog
d:\github\gamepg_2018\tkengine2\sample\shooting_00\game\debug\game.tlog\meshcontenttask-vsgraphics.read.2.tlog
d:\github\gamepg_2018\tkengine2\sample\shooting_00\game\debug\game.tlog\meshcontenttask-vsgraphics.write.1.tlog
d:\github\gamepg_2018\tkengine2\sample\shooting_00\game\debug\game.tlog\meshcontenttask-vsgraphics.write.2.tlog
