d:\github\gamepg_2018\tkengine2\sample\lesson04_answer\tkengine\previewobjects\tkengine.pch
d:\github\gamepg_2018\tkengine2\sample\lesson04_answer\tkengine\previewobjects\tkengine.pdb
d:\github\gamepg_2018\tkengine2\sample\lesson04_answer\tkengine\previewobjects\tkengineprecompile.obj
d:\github\gamepg_2018\tkengine2\sample\lesson04_answer\tkengine\previewobjects\tkstructuredbuffer.obj
d:\github\gamepg_2018\tkengine2\sample\lesson04_answer\tkengine\previewobjects\tkindexbuffer.obj
d:\github\gamepg_2018\tkengine2\sample\lesson04_answer\tkengine\previewobjects\tkgpubuffer.obj
d:\github\gamepg_2018\tkengine2\sample\lesson04_answer\tkengine\previewobjects\tkconstantbuffer.obj
d:\github\gamepg_2018\tkengine2\sample\lesson04_answer\tkengine\previewobjects\tkfont.obj
d:\github\gamepg_2018\tkengine2\sample\lesson04_answer\tkengine\previewobjects\tkeffectengine.obj
d:\github\gamepg_2018\tkengine2\sample\lesson04_answer\tkengine\previewobjects\tkeffect.obj
d:\github\gamepg_2018\tkengine2\sample\lesson04_answer\tkengine\previewobjects\tkanimationplaycontroller.obj
d:\github\gamepg_2018\tkengine2\sample\lesson04_answer\tkengine\previewobjects\tkanimationclip.obj
d:\github\gamepg_2018\tkengine2\sample\lesson04_answer\tkengine\previewobjects\tkanimation.obj
d:\github\gamepg_2018\tkengine2\sample\lesson04_answer\tkengine\previewobjects\tkanimationfootik.obj
d:\github\gamepg_2018\tkengine2\sample\lesson04_answer\tkengine\previewobjects\tkspriterender.obj
d:\github\gamepg_2018\tkengine2\sample\lesson04_answer\tkengine\previewobjects\tksprite.obj
d:\github\gamepg_2018\tkengine2\sample\lesson04_answer\tkengine\previewobjects\tktransform.obj
d:\github\gamepg_2018\tkengine2\sample\lesson04_answer\tkengine\previewobjects\tkgameobjectmanager.obj
d:\github\gamepg_2018\tkengine2\sample\lesson04_answer\tkengine\previewobjects\tkgameobject.obj
d:\github\gamepg_2018\tkengine2\sample\lesson04_answer\tkengine\previewobjects\tkobjectfrustumculling.obj
d:\github\gamepg_2018\tkengine2\sample\lesson04_answer\tkengine\previewobjects\tkcharactercontroller.obj
d:\github\gamepg_2018\tkengine2\sample\lesson04_answer\tkengine\previewobjects\tkspringcamera.obj
d:\github\gamepg_2018\tkengine2\sample\lesson04_answer\tkengine\previewobjects\tkcameracollisionsolver.obj
d:\github\gamepg_2018\tkengine2\sample\lesson04_answer\tkengine\previewobjects\tkprimitive.obj
d:\github\gamepg_2018\tkengine2\sample\lesson04_answer\tkengine\previewobjects\tkpresetrenderstate.obj
d:\github\gamepg_2018\tkengine2\sample\lesson04_answer\tkengine\previewobjects\tkgraphicsengine.obj
d:\github\gamepg_2018\tkengine2\sample\lesson04_answer\tkengine\previewobjects\tkgpueventmarker.obj
d:\github\gamepg_2018\tkengine2\sample\lesson04_answer\tkengine\previewobjects\tkcamera.obj
d:\github\gamepg_2018\tkengine2\sample\lesson04_answer\tkengine\previewobjects\tkblur.obj
d:\github\gamepg_2018\tkengine2\sample\lesson04_answer\tkengine\previewobjects\tkzprepass.obj
d:\github\gamepg_2018\tkengine2\sample\lesson04_answer\tkengine\previewobjects\tkshadowmap.obj
d:\github\gamepg_2018\tkengine2\sample\lesson04_answer\tkengine\previewobjects\tkshadowcaster.obj
d:\github\gamepg_2018\tkengine2\sample\lesson04_answer\tkengine\previewobjects\tkprerender.obj
d:\github\gamepg_2018\tkengine2\sample\lesson04_answer\tkengine\previewobjects\tklightculling.obj
d:\github\gamepg_2018\tkengine2\sample\lesson04_answer\tkengine\previewobjects\tkgbufferrender.obj
d:\github\gamepg_2018\tkengine2\sample\lesson04_answer\tkengine\previewobjects\tktonemap.obj
d:\github\gamepg_2018\tkengine2\sample\lesson04_answer\tkengine\previewobjects\tkposteffect.obj
d:\github\gamepg_2018\tkengine2\sample\lesson04_answer\tkengine\previewobjects\tkfxaa.obj
d:\github\gamepg_2018\tkengine2\sample\lesson04_answer\tkengine\previewobjects\tkdithering.obj
d:\github\gamepg_2018\tkengine2\sample\lesson04_answer\tkengine\previewobjects\tkbloom.obj
d:\github\gamepg_2018\tkengine2\sample\lesson04_answer\tkengine\previewobjects\tkunorderedaccessview.obj
d:\github\gamepg_2018\tkengine2\sample\lesson04_answer\tkengine\previewobjects\tkshaderresourceview.obj
d:\github\gamepg_2018\tkengine2\sample\lesson04_answer\tkengine\previewobjects\tkvertexbuffer.obj
d:\github\gamepg_2018\tkengine2\sample\lesson04_answer\tkengine\previewobjects\tkcapsulecollider.obj
d:\github\gamepg_2018\tkengine2\sample\lesson04_answer\tkengine\previewobjects\tkboxcollider.obj
d:\github\gamepg_2018\tkengine2\sample\lesson04_answer\tkengine\previewobjects\tkvector.obj
d:\github\gamepg_2018\tkengine2\sample\lesson04_answer\tkengine\previewobjects\tkmatrix.obj
d:\github\gamepg_2018\tkengine2\sample\lesson04_answer\tkengine\previewobjects\tkmath.obj
d:\github\gamepg_2018\tkengine2\sample\lesson04_answer\tkengine\previewobjects\tkaabb.obj
d:\github\gamepg_2018\tkengine2\sample\lesson04_answer\tkengine\previewobjects\tkpointlight.obj
d:\github\gamepg_2018\tkengine2\sample\lesson04_answer\tkengine\previewobjects\tklightmanager.obj
d:\github\gamepg_2018\tkengine2\sample\lesson04_answer\tkengine\previewobjects\tklightbase.obj
d:\github\gamepg_2018\tkengine2\sample\lesson04_answer\tkengine\previewobjects\tkdirectionlight.obj
d:\github\gamepg_2018\tkengine2\sample\lesson04_answer\tkengine\previewobjects\tkpad.obj
d:\github\gamepg_2018\tkengine2\sample\lesson04_answer\tkengine\previewobjects\tkskinmodelrender.obj
d:\github\gamepg_2018\tkengine2\sample\lesson04_answer\tkengine\previewobjects\tkskinmodeldata.obj
d:\github\gamepg_2018\tkengine2\sample\lesson04_answer\tkengine\previewobjects\tkskinmodel.obj
d:\github\gamepg_2018\tkengine2\sample\lesson04_answer\tkengine\previewobjects\tkskeleton.obj
d:\github\gamepg_2018\tkengine2\sample\lesson04_answer\tkengine\previewobjects\tkshadowblur.obj
d:\github\gamepg_2018\tkengine2\sample\lesson04_answer\tkengine\previewobjects\tkshader.obj
d:\github\gamepg_2018\tkengine2\sample\lesson04_answer\tkengine\previewobjects\tksamplerstate.obj
d:\github\gamepg_2018\tkengine2\sample\lesson04_answer\tkengine\previewobjects\tkrendertarget.obj
d:\github\gamepg_2018\tkengine2\sample\lesson04_answer\tkengine\previewobjects\tkrendercontext.obj
d:\github\gamepg_2018\tkengine2\sample\lesson04_answer\tkengine\previewobjects\tkengine.obj
d:\github\gamepg_2018\tkengine2\sample\lesson04_answer\tkengine\previewobjects\tkwavefilebank.obj
d:\github\gamepg_2018\tkengine2\sample\lesson04_answer\tkengine\previewobjects\tkwavefile.obj
d:\github\gamepg_2018\tkengine2\sample\lesson04_answer\tkengine\previewobjects\tksoundsource.obj
d:\github\gamepg_2018\tkengine2\sample\lesson04_answer\tkengine\previewobjects\tksoundengine.obj
d:\github\gamepg_2018\tkengine2\sample\lesson04_answer\tkengine\previewobjects\tkshaderresources.obj
d:\github\gamepg_2018\tkengine2\sample\lesson04_answer\tkengine\previewobjects\tkdirectxmodelresource.obj
d:\github\gamepg_2018\tkengine2\sample\lesson04_answer\tkengine\previewobjects\tkrandom.obj
d:\github\gamepg_2018\tkengine2\sample\lesson04_answer\tkengine\previewobjects\tkspherecollider.obj
d:\github\gamepg_2018\tkengine2\sample\lesson04_answer\tkengine\previewobjects\tkrigidbody.obj
d:\github\gamepg_2018\tkengine2\sample\lesson04_answer\tkengine\previewobjects\tkphysicsstaticobject.obj
d:\github\gamepg_2018\tkengine2\sample\lesson04_answer\tkengine\previewobjects\tkphysics.obj
d:\github\gamepg_2018\tkengine2\sample\lesson04_answer\tkengine\previewobjects\tkmeshcollider.obj
d:\github\gamepg_2018\tkengine2\sample\lesson04_answer\game\preview\tkengine.lib
d:\github\gamepg_2018\tkengine2\sample\lesson04_answer\tkengine\previewobjects\tkengine.tlog\cl.command.1.tlog
d:\github\gamepg_2018\tkengine2\sample\lesson04_answer\tkengine\previewobjects\tkengine.tlog\cl.read.1.tlog
d:\github\gamepg_2018\tkengine2\sample\lesson04_answer\tkengine\previewobjects\tkengine.tlog\cl.write.1.tlog
d:\github\gamepg_2018\tkengine2\sample\lesson04_answer\tkengine\previewobjects\tkengine.tlog\lib.19676-link.read.1.tlog
d:\github\gamepg_2018\tkengine2\sample\lesson04_answer\tkengine\previewobjects\tkengine.tlog\lib.19676-link.write.1.tlog
d:\github\gamepg_2018\tkengine2\sample\lesson04_answer\tkengine\previewobjects\tkengine.tlog\lib.command.1.tlog
