c:\users\t-tsukamura\desktop\gc1 pg\chapter_14完全版\chapter_14_answer\shooting_04_answer\tkengine\effekseerruntime130\src\effekseerrendererdx11\debug\effekseerrenderer.pngtextureloader.obj
c:\users\t-tsukamura\desktop\gc1 pg\chapter_14完全版\chapter_14_answer\shooting_04_answer\tkengine\effekseerruntime130\src\effekseerrendererdx11\debug\effekseerrendererdx11.renderstate.obj
c:\users\t-tsukamura\desktop\gc1 pg\chapter_14完全版\chapter_14_answer\shooting_04_answer\tkengine\effekseerruntime130\src\effekseerrendererdx11\debug\effekseerrenderer.renderer.obj
c:\users\t-tsukamura\desktop\gc1 pg\chapter_14完全版\chapter_14_answer\shooting_04_answer\tkengine\effekseerruntime130\src\effekseerrendererdx11\debug\effekseerrendererdx11.modelloader.obj
c:\users\t-tsukamura\desktop\gc1 pg\chapter_14完全版\chapter_14_answer\shooting_04_answer\tkengine\effekseerruntime130\src\effekseerrendererdx11\debug\effekseerrenderer.dxtk.ddstextureloader.obj
c:\users\t-tsukamura\desktop\gc1 pg\chapter_14完全版\chapter_14_answer\shooting_04_answer\tkengine\effekseerruntime130\src\effekseerrendererdx11\debug\effekseerrendererdx11.shader.obj
c:\users\t-tsukamura\desktop\gc1 pg\chapter_14完全版\chapter_14_answer\shooting_04_answer\tkengine\effekseerruntime130\src\effekseerrendererdx11\debug\effekseerrenderer.ddstextureloader.obj
c:\users\t-tsukamura\desktop\gc1 pg\chapter_14完全版\chapter_14_answer\shooting_04_answer\tkengine\effekseerruntime130\src\effekseerrendererdx11\debug\effekseerrendererdx11.renderer.obj
c:\users\t-tsukamura\desktop\gc1 pg\chapter_14完全版\chapter_14_answer\shooting_04_answer\tkengine\effekseerruntime130\src\effekseerrendererdx11\debug\effekseerrenderer.vertexbufferbase.obj
c:\users\t-tsukamura\desktop\gc1 pg\chapter_14完全版\chapter_14_answer\shooting_04_answer\tkengine\effekseerruntime130\src\effekseerrendererdx11\debug\effekseerrendererdx11.indexbuffer.obj
c:\users\t-tsukamura\desktop\gc1 pg\chapter_14完全版\chapter_14_answer\shooting_04_answer\tkengine\effekseerruntime130\src\effekseerrendererdx11\debug\effekseerrenderer.trackrendererbase.obj
c:\users\t-tsukamura\desktop\gc1 pg\chapter_14完全版\chapter_14_answer\shooting_04_answer\tkengine\effekseerruntime130\src\effekseerrendererdx11\debug\effekseerrenderer.modelrendererbase.obj
c:\users\t-tsukamura\desktop\gc1 pg\chapter_14完全版\chapter_14_answer\shooting_04_answer\tkengine\effekseerruntime130\src\effekseerrendererdx11\debug\effekseerrenderer.ringrendererbase.obj
c:\users\t-tsukamura\desktop\gc1 pg\chapter_14完全版\chapter_14_answer\shooting_04_answer\tkengine\effekseerruntime130\src\effekseerrendererdx11\debug\effekseerrenderer.indexbufferbase.obj
c:\users\t-tsukamura\desktop\gc1 pg\chapter_14完全版\chapter_14_answer\shooting_04_answer\tkengine\effekseerruntime130\src\effekseerrendererdx11\debug\effekseerrendererdx11.deviceobject.obj
c:\users\t-tsukamura\desktop\gc1 pg\chapter_14完全版\chapter_14_answer\shooting_04_answer\tkengine\effekseerruntime130\src\effekseerrendererdx11\debug\effekseerrenderer.renderstatebase.obj
c:\users\t-tsukamura\desktop\gc1 pg\chapter_14完全版\chapter_14_answer\shooting_04_answer\tkengine\effekseerruntime130\src\effekseerrendererdx11\debug\effekseerrendererdx11.vertexbuffer.obj
c:\users\t-tsukamura\desktop\gc1 pg\chapter_14完全版\chapter_14_answer\shooting_04_answer\tkengine\effekseerruntime130\src\effekseerrendererdx11\debug\effekseerrenderer.spriterendererbase.obj
c:\users\t-tsukamura\desktop\gc1 pg\chapter_14完全版\chapter_14_answer\shooting_04_answer\tkengine\effekseerruntime130\src\effekseerrendererdx11\debug\effekseerrendererdx11.textureloader.obj
c:\users\t-tsukamura\desktop\gc1 pg\chapter_14完全版\chapter_14_answer\shooting_04_answer\tkengine\effekseerruntime130\src\effekseerrendererdx11\debug\effekseerrenderer.ribbonrendererbase.obj
c:\users\t-tsukamura\desktop\gc1 pg\chapter_14完全版\chapter_14_answer\shooting_04_answer\tkengine\effekseerruntime130\src\effekseerrendererdx11\debug\effekseerrendererdx11.modelrenderer.obj
c:\users\t-tsukamura\desktop\shooting_04\tkengine\effekseerruntime130\src\lib\x86\effekseerrendererdx11.debug.lib
c:\users\t-tsukamura\desktop\gc1 pg\chapter_14完全版\chapter_14_answer\shooting_04_answer\tkengine\effekseerruntime130\src\lib\x86\effekseerrendererdx11.debug.lib
c:\users\t-tsukamura\desktop\gc1 pg\chapter_14完全版\chapter_14_answer\shooting_04_answer\tkengine\effekseerruntime130\src\effekseerrendererdx11\..\lib\x86\effekseerrendererdx11.debug.lib
c:\users\t-tsukamura\desktop\gc1 pg\chapter_14完全版\chapter_14_answer\shooting_04_answer\tkengine\effekseerruntime130\src\effekseerrendererdx11\debug\effeksee.4e7a02cf.tlog\cl.10072.write.1.tlog
c:\users\t-tsukamura\desktop\gc1 pg\chapter_14完全版\chapter_14_answer\shooting_04_answer\tkengine\effekseerruntime130\src\effekseerrendererdx11\debug\effeksee.4e7a02cf.tlog\cl.command.1.tlog
c:\users\t-tsukamura\desktop\gc1 pg\chapter_14完全版\chapter_14_answer\shooting_04_answer\tkengine\effekseerruntime130\src\effekseerrendererdx11\debug\effeksee.4e7a02cf.tlog\cl.read.1.tlog
c:\users\t-tsukamura\desktop\gc1 pg\chapter_14完全版\chapter_14_answer\shooting_04_answer\tkengine\effekseerruntime130\src\effekseerrendererdx11\debug\effeksee.4e7a02cf.tlog\lib.6828-link.read.1.tlog
c:\users\t-tsukamura\desktop\gc1 pg\chapter_14完全版\chapter_14_answer\shooting_04_answer\tkengine\effekseerruntime130\src\effekseerrendererdx11\debug\effeksee.4e7a02cf.tlog\lib.6828-link.write.1.tlog
c:\users\t-tsukamura\desktop\gc1 pg\chapter_14完全版\chapter_14_answer\shooting_04_answer\tkengine\effekseerruntime130\src\effekseerrendererdx11\debug\effeksee.4e7a02cf.tlog\lib.command.1.tlog
