d:\github\gamepg_2018\tkengine2\sample\lesson10_answer\tkengine\effekseerruntime130\src\effekseerrendererdx11\debug\effekseerrenderer.spriterendererbase.obj
d:\github\gamepg_2018\tkengine2\sample\lesson10_answer\tkengine\effekseerruntime130\src\effekseerrendererdx11\debug\effekseerrenderer.dxtk.ddstextureloader.obj
d:\github\gamepg_2018\tkengine2\sample\lesson10_answer\tkengine\effekseerruntime130\src\effekseerrendererdx11\debug\effekseerrendererdx11.modelrenderer.obj
d:\github\gamepg_2018\tkengine2\sample\lesson10_answer\tkengine\effekseerruntime130\src\effekseerrendererdx11\debug\effekseerrenderer.ddstextureloader.obj
d:\github\gamepg_2018\tkengine2\sample\lesson10_answer\tkengine\effekseerruntime130\src\effekseerrendererdx11\debug\effekseerrendererdx11.indexbuffer.obj
d:\github\gamepg_2018\tkengine2\sample\lesson10_answer\tkengine\effekseerruntime130\src\effekseerrendererdx11\debug\effekseerrenderer.indexbufferbase.obj
d:\github\gamepg_2018\tkengine2\sample\lesson10_answer\tkengine\effekseerruntime130\src\effekseerrendererdx11\debug\effekseerrendererdx11.deviceobject.obj
d:\github\gamepg_2018\tkengine2\sample\lesson10_answer\tkengine\effekseerruntime130\src\effekseerrendererdx11\debug\effekseerrenderer.ringrendererbase.obj
d:\github\gamepg_2018\tkengine2\sample\lesson10_answer\tkengine\effekseerruntime130\src\effekseerrendererdx11\debug\effekseerrendererdx11.vertexbuffer.obj
d:\github\gamepg_2018\tkengine2\sample\lesson10_answer\tkengine\effekseerruntime130\src\effekseerrendererdx11\debug\effekseerrenderer.trackrendererbase.obj
d:\github\gamepg_2018\tkengine2\sample\lesson10_answer\tkengine\effekseerruntime130\src\effekseerrendererdx11\debug\effekseerrenderer.vertexbufferbase.obj
d:\github\gamepg_2018\tkengine2\sample\lesson10_answer\tkengine\effekseerruntime130\src\effekseerrendererdx11\debug\effekseerrenderer.renderer.obj
d:\github\gamepg_2018\tkengine2\sample\lesson10_answer\tkengine\effekseerruntime130\src\effekseerrendererdx11\debug\effekseerrendererdx11.renderer.obj
d:\github\gamepg_2018\tkengine2\sample\lesson10_answer\tkengine\effekseerruntime130\src\effekseerrendererdx11\debug\effekseerrenderer.pngtextureloader.obj
d:\github\gamepg_2018\tkengine2\sample\lesson10_answer\tkengine\effekseerruntime130\src\effekseerrendererdx11\debug\effekseerrendererdx11.renderstate.obj
d:\github\gamepg_2018\tkengine2\sample\lesson10_answer\tkengine\effekseerruntime130\src\effekseerrendererdx11\debug\effekseerrenderer.renderstatebase.obj
d:\github\gamepg_2018\tkengine2\sample\lesson10_answer\tkengine\effekseerruntime130\src\effekseerrendererdx11\debug\effekseerrendererdx11.shader.obj
d:\github\gamepg_2018\tkengine2\sample\lesson10_answer\tkengine\effekseerruntime130\src\effekseerrendererdx11\debug\effekseerrenderer.ribbonrendererbase.obj
d:\github\gamepg_2018\tkengine2\sample\lesson10_answer\tkengine\effekseerruntime130\src\effekseerrendererdx11\debug\effekseerrendererdx11.textureloader.obj
d:\github\gamepg_2018\tkengine2\sample\lesson10_answer\tkengine\effekseerruntime130\src\effekseerrendererdx11\debug\effekseerrenderer.modelrendererbase.obj
d:\github\gamepg_2018\tkengine2\sample\lesson10_answer\tkengine\effekseerruntime130\src\effekseerrendererdx11\debug\effekseerrendererdx11.modelloader.obj
d:\github\gamepg_2018\tkengine2\sample\lesson11_answer\tkengine\effekseerruntime130\src\effekseerrendererdx11\debug\effekseerrenderer.renderer.obj
d:\github\gamepg_2018\tkengine2\sample\lesson11_answer\tkengine\effekseerruntime130\src\effekseerrendererdx11\debug\effekseerrendererdx11.textureloader.obj
d:\github\gamepg_2018\tkengine2\sample\lesson11_answer\tkengine\effekseerruntime130\src\effekseerrendererdx11\debug\effekseerrenderer.ddstextureloader.obj
d:\github\gamepg_2018\tkengine2\sample\lesson11_answer\tkengine\effekseerruntime130\src\effekseerrendererdx11\debug\effekseerrendererdx11.renderer.obj
d:\github\gamepg_2018\tkengine2\sample\lesson11_answer\tkengine\effekseerruntime130\src\effekseerrendererdx11\debug\effekseerrenderer.dxtk.ddstextureloader.obj
d:\github\gamepg_2018\tkengine2\sample\lesson11_answer\tkengine\effekseerruntime130\src\effekseerrendererdx11\debug\effekseerrendererdx11.indexbuffer.obj
d:\github\gamepg_2018\tkengine2\sample\lesson11_answer\tkengine\effekseerruntime130\src\effekseerrendererdx11\debug\effekseerrenderer.renderstatebase.obj
d:\github\gamepg_2018\tkengine2\sample\lesson11_answer\tkengine\effekseerruntime130\src\effekseerrendererdx11\debug\effekseerrenderer.ringrendererbase.obj
d:\github\gamepg_2018\tkengine2\sample\lesson11_answer\tkengine\effekseerruntime130\src\effekseerrendererdx11\debug\effekseerrendererdx11.vertexbuffer.obj
d:\github\gamepg_2018\tkengine2\sample\lesson11_answer\tkengine\effekseerruntime130\src\effekseerrendererdx11\debug\effekseerrenderer.trackrendererbase.obj
d:\github\gamepg_2018\tkengine2\sample\lesson11_answer\tkengine\effekseerruntime130\src\effekseerrendererdx11\debug\effekseerrenderer.vertexbufferbase.obj
d:\github\gamepg_2018\tkengine2\sample\lesson11_answer\tkengine\effekseerruntime130\src\effekseerrendererdx11\debug\effekseerrendererdx11.shader.obj
d:\github\gamepg_2018\tkengine2\sample\lesson11_answer\tkengine\effekseerruntime130\src\effekseerrendererdx11\debug\effekseerrenderer.pngtextureloader.obj
d:\github\gamepg_2018\tkengine2\sample\lesson11_answer\tkengine\effekseerruntime130\src\effekseerrendererdx11\debug\effekseerrendererdx11.modelloader.obj
d:\github\gamepg_2018\tkengine2\sample\lesson11_answer\tkengine\effekseerruntime130\src\effekseerrendererdx11\debug\effekseerrenderer.modelrendererbase.obj
d:\github\gamepg_2018\tkengine2\sample\lesson11_answer\tkengine\effekseerruntime130\src\effekseerrendererdx11\debug\effekseerrenderer.indexbufferbase.obj
d:\github\gamepg_2018\tkengine2\sample\lesson11_answer\tkengine\effekseerruntime130\src\effekseerrendererdx11\debug\effekseerrendererdx11.deviceobject.obj
d:\github\gamepg_2018\tkengine2\sample\lesson11_answer\tkengine\effekseerruntime130\src\effekseerrendererdx11\debug\effekseerrenderer.spriterendererbase.obj
d:\github\gamepg_2018\tkengine2\sample\lesson11_answer\tkengine\effekseerruntime130\src\effekseerrendererdx11\debug\effekseerrendererdx11.modelrenderer.obj
d:\github\gamepg_2018\tkengine2\sample\lesson11_answer\tkengine\effekseerruntime130\src\effekseerrendererdx11\debug\effekseerrenderer.ribbonrendererbase.obj
d:\github\gamepg_2018\tkengine2\sample\lesson11_answer\tkengine\effekseerruntime130\src\effekseerrendererdx11\debug\effekseerrendererdx11.renderstate.obj
d:\github\gamepg_2018\tkengine2\sample\lesson12_answer\tkengine\effekseerruntime130\src\effekseerrendererdx11\debug\effekseerrenderer.dxtk.ddstextureloader.obj
d:\github\gamepg_2018\tkengine2\sample\lesson12_answer\tkengine\effekseerruntime130\src\effekseerrendererdx11\debug\effekseerrenderer.ribbonrendererbase.obj
d:\github\gamepg_2018\tkengine2\sample\lesson12_answer\tkengine\effekseerruntime130\src\effekseerrendererdx11\debug\effekseerrendererdx11.renderstate.obj
d:\github\gamepg_2018\tkengine2\sample\lesson12_answer\tkengine\effekseerruntime130\src\effekseerrendererdx11\debug\effekseerrenderer.renderer.obj
d:\github\gamepg_2018\tkengine2\sample\lesson12_answer\tkengine\effekseerruntime130\src\effekseerrendererdx11\debug\effekseerrendererdx11.modelloader.obj
d:\github\gamepg_2018\tkengine2\sample\lesson12_answer\tkengine\effekseerruntime130\src\effekseerrendererdx11\debug\effekseerrenderer.spriterendererbase.obj
d:\github\gamepg_2018\tkengine2\sample\lesson12_answer\tkengine\effekseerruntime130\src\effekseerrendererdx11\debug\effekseerrendererdx11.textureloader.obj
d:\github\gamepg_2018\tkengine2\sample\lesson12_answer\tkengine\effekseerruntime130\src\effekseerrendererdx11\debug\effekseerrenderer.ringrendererbase.obj
d:\github\gamepg_2018\tkengine2\sample\lesson12_answer\tkengine\effekseerruntime130\src\effekseerrendererdx11\debug\effekseerrenderer.ddstextureloader.obj
d:\github\gamepg_2018\tkengine2\sample\lesson12_answer\tkengine\effekseerruntime130\src\effekseerrendererdx11\debug\effekseerrendererdx11.renderer.obj
d:\github\gamepg_2018\tkengine2\sample\lesson12_answer\tkengine\effekseerruntime130\src\effekseerrendererdx11\debug\effekseerrenderer.modelrendererbase.obj
d:\github\gamepg_2018\tkengine2\sample\lesson12_answer\tkengine\effekseerruntime130\src\effekseerrendererdx11\debug\effekseerrendererdx11.vertexbuffer.obj
d:\github\gamepg_2018\tkengine2\sample\lesson12_answer\tkengine\effekseerruntime130\src\effekseerrendererdx11\debug\effekseerrenderer.indexbufferbase.obj
d:\github\gamepg_2018\tkengine2\sample\lesson12_answer\tkengine\effekseerruntime130\src\effekseerrendererdx11\debug\effekseerrendererdx11.deviceobject.obj
d:\github\gamepg_2018\tkengine2\sample\lesson12_answer\tkengine\effekseerruntime130\src\effekseerrendererdx11\debug\effekseerrenderer.trackrendererbase.obj
d:\github\gamepg_2018\tkengine2\sample\lesson12_answer\tkengine\effekseerruntime130\src\effekseerrendererdx11\debug\effekseerrendererdx11.shader.obj
d:\github\gamepg_2018\tkengine2\sample\lesson12_answer\tkengine\effekseerruntime130\src\effekseerrendererdx11\debug\effekseerrenderer.renderstatebase.obj
d:\github\gamepg_2018\tkengine2\sample\lesson12_answer\tkengine\effekseerruntime130\src\effekseerrendererdx11\debug\effekseerrendererdx11.modelrenderer.obj
d:\github\gamepg_2018\tkengine2\sample\lesson12_answer\tkengine\effekseerruntime130\src\effekseerrendererdx11\debug\effekseerrenderer.vertexbufferbase.obj
d:\github\gamepg_2018\tkengine2\sample\lesson12_answer\tkengine\effekseerruntime130\src\effekseerrendererdx11\debug\effekseerrendererdx11.indexbuffer.obj
d:\github\gamepg_2018\tkengine2\sample\lesson12_answer\tkengine\effekseerruntime130\src\effekseerrendererdx11\debug\effekseerrenderer.pngtextureloader.obj
d:\github\gamepg_2018\tkengine2\sample\lesson10_answer\tkengine\effekseerruntime130\src\lib\x86\effekseerrendererdx11.debug.lib
d:\github\gamepg_2018\tkengine2\sample\lesson11_answer\tkengine\effekseerruntime130\src\lib\x86\effekseerrendererdx11.debug.lib
d:\github\gamepg_2018\tkengine2\sample\lesson12_answer\tkengine\effekseerruntime130\src\lib\x86\effekseerrendererdx11.debug.lib
d:\github\gamepg_2018\tkengine2\sample\lesson12_answer\tkengine\effekseerruntime130\src\effekseerrendererdx11\..\lib\x86\effekseerrendererdx11.debug.lib
d:\github\gamepg_2018\tkengine2\sample\lesson12_answer\tkengine\effekseerruntime130\src\effekseerrendererdx11\debug\effeksee.4e7a02cf.tlog\cl.10532.write.1.tlog
d:\github\gamepg_2018\tkengine2\sample\lesson12_answer\tkengine\effekseerruntime130\src\effekseerrendererdx11\debug\effeksee.4e7a02cf.tlog\cl.command.1.tlog
d:\github\gamepg_2018\tkengine2\sample\lesson12_answer\tkengine\effekseerruntime130\src\effekseerrendererdx11\debug\effeksee.4e7a02cf.tlog\cl.read.1.tlog
d:\github\gamepg_2018\tkengine2\sample\lesson12_answer\tkengine\effekseerruntime130\src\effekseerrendererdx11\debug\effeksee.4e7a02cf.tlog\lib-link.read.1.tlog
d:\github\gamepg_2018\tkengine2\sample\lesson12_answer\tkengine\effekseerruntime130\src\effekseerrendererdx11\debug\effeksee.4e7a02cf.tlog\lib-link.write.1.tlog
d:\github\gamepg_2018\tkengine2\sample\lesson12_answer\tkengine\effekseerruntime130\src\effekseerrendererdx11\debug\effeksee.4e7a02cf.tlog\lib.command.1.tlog
