  EffekseerRenderer.DDSTextureLoader.cpp
  EffekseerRenderer.DXTK.DDSTextureLoader.cpp
  EffekseerRenderer.IndexBufferBase.cpp
  EffekseerRenderer.ModelRendererBase.cpp
  EffekseerRenderer.PngTextureLoader.cpp
  EffekseerRenderer.Renderer.cpp
  EffekseerRenderer.RenderStateBase.cpp
  EffekseerRenderer.RibbonRendererBase.cpp
  EffekseerRenderer.RingRendererBase.cpp
  EffekseerRenderer.SpriteRendererBase.cpp
  EffekseerRenderer.TrackRendererBase.cpp
  EffekseerRenderer.VertexBufferBase.cpp
D:\Github\GamePG_2018\tkEngine2\Sample\Lesson12_Answer\tkEngine\EffekseerRuntime130\src\EffekseerRendererCommon\EffekseerRenderer.DXTK.DDSTextureLoader.cpp(1609,28): warning C4018: '<': signed と unsigned の数値を比較しようとしました。
D:\Github\GamePG_2018\tkEngine2\Sample\Lesson12_Answer\tkEngine\EffekseerRuntime130\src\EffekseerRendererCommon\EffekseerRenderer.DXTK.DDSTextureLoader.cpp(1620,23): warning C4018: '<': signed と unsigned の数値を比較しようとしました。
  EffekseerRendererDX11.DeviceObject.cpp
  EffekseerRendererDX11.IndexBuffer.cpp
  EffekseerRendererDX11.ModelLoader.cpp
  EffekseerRendererDX11.ModelRenderer.cpp
  EffekseerRendererDX11.Renderer.cpp
D:\Github\GamePG_2018\tkEngine2\Sample\Lesson12_Answer\tkEngine\EffekseerRuntime130\src\EffekseerRendererCommon\EffekseerRenderer.PngTextureLoader.cpp(14,1): warning C4005: 'WINVER': マクロが再定義されました。
C:\Program Files (x86)\Windows Kits\10\Include\10.0.18362.0\shared\sdkddkver.h(238): message : 'WINVER' の以前の定義を確認してください (ソース ファイルをコンパイルしています ..\EffekseerRendererCommon\EffekseerRenderer.PngTextureLoader.cpp)
D:\Github\GamePG_2018\tkEngine2\Sample\Lesson12_Answer\tkEngine\EffekseerRuntime130\src\EffekseerRendererCommon\EffekseerRenderer.PngTextureLoader.cpp(15,1): warning C4005: '_WIN32_WINNT': マクロが再定義されました。
C:\Program Files (x86)\Windows Kits\10\Include\10.0.18362.0\shared\sdkddkver.h(217): message : '_WIN32_WINNT' の以前の定義を確認してください (ソース ファイルをコンパイルしています ..\EffekseerRendererCommon\EffekseerRenderer.PngTextureLoader.cpp)
  EffekseerRendererDX11.RenderState.cpp
  EffekseerRendererDX11.Shader.cpp
  EffekseerRendererDX11.TextureLoader.cpp
  EffekseerRendererDX11.VertexBuffer.cpp
D:\Github\GamePG_2018\tkEngine2\Sample\Lesson12_Answer\tkEngine\EffekseerRuntime130\src\EffekseerRendererDX11\EffekseerRenderer\EffekseerRendererDX11.ModelLoader.cpp(50,11): warning C4101: 'hr': ローカル変数は 1 度も使われていません。
D:\Github\GamePG_2018\tkEngine2\Sample\Lesson12_Answer\tkEngine\EffekseerRuntime130\src\EffekseerRendererCommon\EffekseerRenderer.StandardRenderer.h(117,64): warning C4018: '>': signed と unsigned の数値を比較しようとしました。 (ソース ファイルをコンパイルしています EffekseerRenderer\EffekseerRendererDX11.Renderer.cpp)
D:\Github\GamePG_2018\tkEngine2\Sample\Lesson12_Answer\tkEngine\EffekseerRuntime130\src\EffekseerRendererCommon\EffekseerRenderer.StandardRenderer.h(114): message : クラス テンプレート メンバー関数 'void EffekseerRenderer::StandardRenderer<EffekseerRendererDX11::RendererImplemented,EffekseerRendererDX11::Shader,EffekseerRendererDX11::Vertex,EffekseerRendererDX11::VertexDistortion>::BeginRenderingAndRenderingIfRequired(int32_t,int32_t &,void *&)' のコンパイル中 (ソース ファイルをコンパイルしています EffekseerRenderer\EffekseerRendererDX11.Renderer.cpp)
D:\Github\GamePG_2018\tkEngine2\Sample\Lesson12_Answer\tkEngine\EffekseerRuntime130\src\EffekseerRendererCommon\EffekseerRenderer.TrackRendererBase.h(105): message : コンパイル対象の関数 テンプレート インスタンス化 'void EffekseerRenderer::StandardRenderer<EffekseerRendererDX11::RendererImplemented,EffekseerRendererDX11::Shader,EffekseerRendererDX11::Vertex,EffekseerRendererDX11::VertexDistortion>::BeginRenderingAndRenderingIfRequired(int32_t,int32_t &,void *&)' のリファレンスを確認してください (ソース ファイルをコンパイルしています EffekseerRenderer\EffekseerRendererDX11.Renderer.cpp)
D:\Github\GamePG_2018\tkEngine2\Sample\Lesson12_Answer\tkEngine\EffekseerRuntime130\src\EffekseerRendererDX11\EffekseerRenderer\EffekseerRendererDX11.Renderer.cpp(294): message : コンパイル対象の クラス テンプレート インスタンス化 'EffekseerRenderer::StandardRenderer<EffekseerRendererDX11::RendererImplemented,EffekseerRendererDX11::Shader,EffekseerRendererDX11::Vertex,EffekseerRendererDX11::VertexDistortion>' のリファレンスを確認してください
D:\Github\GamePG_2018\tkEngine2\Sample\Lesson12_Answer\tkEngine\EffekseerRuntime130\src\EffekseerRendererCommon\EffekseerRenderer.StandardRenderer.h(129,53): warning C4018: '>': signed と unsigned の数値を比較しようとしました。 (ソース ファイルをコンパイルしています EffekseerRenderer\EffekseerRendererDX11.Renderer.cpp)
D:\Github\GamePG_2018\tkEngine2\Sample\Lesson12_Answer\tkEngine\EffekseerRuntime130\src\EffekseerRendererCommon\EffekseerRenderer.RingRendererBase.h(308,16): warning C4244: '初期化中': 'double' から 'float' への変換です。データが失われる可能性があります。 (ソース ファイルをコンパイルしています EffekseerRenderer\EffekseerRendererDX11.Renderer.cpp)
D:\Github\GamePG_2018\tkEngine2\Sample\Lesson12_Answer\tkEngine\EffekseerRuntime130\src\EffekseerRendererCommon\EffekseerRenderer.RingRendererBase.h(107): message : コンパイル対象の関数 テンプレート インスタンス化 'void EffekseerRenderer::RingRendererBase<EffekseerRendererDX11::RendererImplemented,EffekseerRendererDX11::Vertex,EffekseerRendererDX11::VertexDistortion>::Rendering_Internal<VERTEX_DISTORTION>(const EffekseerRenderer::efkRingNodeParam &,const EffekseerRenderer::efkRingInstanceParam &,void *,const Effekseer::Matrix44 &)' のリファレンスを確認してください
          with
          [
              VERTEX_DISTORTION=EffekseerRendererDX11::VertexDistortion
          ] (ソース ファイルをコンパイルしています EffekseerRenderer\EffekseerRendererDX11.Renderer.cpp)
D:\Github\GamePG_2018\tkEngine2\Sample\Lesson12_Answer\tkEngine\EffekseerRuntime130\src\EffekseerRendererCommon\EffekseerRenderer.RingRendererBase.h(107): message : コンパイル対象の関数 テンプレート インスタンス化 'void EffekseerRenderer::RingRendererBase<EffekseerRendererDX11::RendererImplemented,EffekseerRendererDX11::Vertex,EffekseerRendererDX11::VertexDistortion>::Rendering_Internal<VERTEX_DISTORTION>(const EffekseerRenderer::efkRingNodeParam &,const EffekseerRenderer::efkRingInstanceParam &,void *,const Effekseer::Matrix44 &)' のリファレンスを確認してください
          with
          [
              VERTEX_DISTORTION=EffekseerRendererDX11::VertexDistortion
          ] (ソース ファイルをコンパイルしています EffekseerRenderer\EffekseerRendererDX11.Renderer.cpp)
D:\Github\GamePG_2018\tkEngine2\Sample\Lesson12_Answer\tkEngine\EffekseerRuntime130\src\EffekseerRendererCommon\EffekseerRenderer.RingRendererBase.h(104): message : クラス テンプレート メンバー関数 'void EffekseerRenderer::RingRendererBase<EffekseerRendererDX11::RendererImplemented,EffekseerRendererDX11::Vertex,EffekseerRendererDX11::VertexDistortion>::Rendering_(const EffekseerRenderer::efkRingNodeParam &,const EffekseerRenderer::efkRingInstanceParam &,void *,const Effekseer::Matrix44 &)' のコンパイル中 (ソース ファイルをコンパイルしています EffekseerRenderer\EffekseerRendererDX11.Renderer.cpp)
D:\Github\GamePG_2018\tkEngine2\Sample\Lesson12_Answer\tkEngine\EffekseerRuntime130\src\EffekseerRendererCommon\EffekseerRenderer.RingRendererBase.h(422): message : コンパイル対象の関数 テンプレート インスタンス化 'void EffekseerRenderer::RingRendererBase<EffekseerRendererDX11::RendererImplemented,EffekseerRendererDX11::Vertex,EffekseerRendererDX11::VertexDistortion>::Rendering_(const EffekseerRenderer::efkRingNodeParam &,const EffekseerRenderer::efkRingInstanceParam &,void *,const Effekseer::Matrix44 &)' のリファレンスを確認してください (ソース ファイルをコンパイルしています EffekseerRenderer\EffekseerRendererDX11.Renderer.cpp)
D:\Github\GamePG_2018\tkEngine2\Sample\Lesson12_Answer\tkEngine\EffekseerRuntime130\src\EffekseerRendererDX11\EffekseerRenderer\EffekseerRendererDX11.Renderer.cpp(695): message : コンパイル対象の クラス テンプレート インスタンス化 'EffekseerRenderer::RingRendererBase<EffekseerRendererDX11::RendererImplemented,EffekseerRendererDX11::Vertex,EffekseerRendererDX11::VertexDistortion>' のリファレンスを確認してください
D:\Github\GamePG_2018\tkEngine2\Sample\Lesson12_Answer\tkEngine\EffekseerRuntime130\src\EffekseerRendererCommon\EffekseerRenderer.RingRendererBase.h(315,16): warning C4244: '=': 'double' から 'float' への変換です。データが失われる可能性があります。 (ソース ファイルをコンパイルしています EffekseerRenderer\EffekseerRendererDX11.Renderer.cpp)
D:\Github\GamePG_2018\tkEngine2\Sample\Lesson12_Answer\tkEngine\EffekseerRuntime130\src\EffekseerRendererCommon\EffekseerRenderer.SpriteRendererBase.h(188,16): warning C4244: '初期化中': 'double' から 'float' への変換です。データが失われる可能性があります。 (ソース ファイルをコンパイルしています EffekseerRenderer\EffekseerRendererDX11.Renderer.cpp)
D:\Github\GamePG_2018\tkEngine2\Sample\Lesson12_Answer\tkEngine\EffekseerRuntime130\src\EffekseerRendererCommon\EffekseerRenderer.SpriteRendererBase.h(96): message : コンパイル対象の関数 テンプレート インスタンス化 'void EffekseerRenderer::SpriteRendererBase<EffekseerRendererDX11::RendererImplemented,EffekseerRendererDX11::Vertex,EffekseerRendererDX11::VertexDistortion>::Rendering_Internal<VERTEX_DISTORTION>(const EffekseerRenderer::efkSpriteNodeParam &,const EffekseerRenderer::efkSpriteInstanceParam &,void *,const Effekseer::Matrix44 &)' のリファレンスを確認してください
          with
          [
              VERTEX_DISTORTION=EffekseerRendererDX11::VertexDistortion
          ] (ソース ファイルをコンパイルしています EffekseerRenderer\EffekseerRendererDX11.Renderer.cpp)
D:\Github\GamePG_2018\tkEngine2\Sample\Lesson12_Answer\tkEngine\EffekseerRuntime130\src\EffekseerRendererCommon\EffekseerRenderer.SpriteRendererBase.h(96): message : コンパイル対象の関数 テンプレート インスタンス化 'void EffekseerRenderer::SpriteRendererBase<EffekseerRendererDX11::RendererImplemented,EffekseerRendererDX11::Vertex,EffekseerRendererDX11::VertexDistortion>::Rendering_Internal<VERTEX_DISTORTION>(const EffekseerRenderer::efkSpriteNodeParam &,const EffekseerRenderer::efkSpriteInstanceParam &,void *,const Effekseer::Matrix44 &)' のリファレンスを確認してください
          with
          [
              VERTEX_DISTORTION=EffekseerRendererDX11::VertexDistortion
          ] (ソース ファイルをコンパイルしています EffekseerRenderer\EffekseerRendererDX11.Renderer.cpp)
D:\Github\GamePG_2018\tkEngine2\Sample\Lesson12_Answer\tkEngine\EffekseerRuntime130\src\EffekseerRendererCommon\EffekseerRenderer.SpriteRendererBase.h(93): message : クラス テンプレート メンバー関数 'void EffekseerRenderer::SpriteRendererBase<EffekseerRendererDX11::RendererImplemented,EffekseerRendererDX11::Vertex,EffekseerRendererDX11::VertexDistortion>::Rendering_(const EffekseerRenderer::efkSpriteNodeParam &,const EffekseerRenderer::efkSpriteInstanceParam &,void *,const Effekseer::Matrix44 &)' のコンパイル中 (ソース ファイルをコンパイルしています EffekseerRenderer\EffekseerRendererDX11.Renderer.cpp)
D:\Github\GamePG_2018\tkEngine2\Sample\Lesson12_Answer\tkEngine\EffekseerRuntime130\src\EffekseerRendererCommon\EffekseerRenderer.SpriteRendererBase.h(341): message : コンパイル対象の関数 テンプレート インスタンス化 'void EffekseerRenderer::SpriteRendererBase<EffekseerRendererDX11::RendererImplemented,EffekseerRendererDX11::Vertex,EffekseerRendererDX11::VertexDistortion>::Rendering_(const EffekseerRenderer::efkSpriteNodeParam &,const EffekseerRenderer::efkSpriteInstanceParam &,void *,const Effekseer::Matrix44 &)' のリファレンスを確認してください (ソース ファイルをコンパイルしています EffekseerRenderer\EffekseerRendererDX11.Renderer.cpp)
D:\Github\GamePG_2018\tkEngine2\Sample\Lesson12_Answer\tkEngine\EffekseerRuntime130\src\EffekseerRendererDX11\EffekseerRenderer\EffekseerRendererDX11.Renderer.cpp(679): message : コンパイル対象の クラス テンプレート インスタンス化 'EffekseerRenderer::SpriteRendererBase<EffekseerRendererDX11::RendererImplemented,EffekseerRendererDX11::Vertex,EffekseerRendererDX11::VertexDistortion>' のリファレンスを確認してください
D:\Github\GamePG_2018\tkEngine2\Sample\Lesson12_Answer\tkEngine\EffekseerRuntime130\src\EffekseerRendererCommon\EffekseerRenderer.SpriteRendererBase.h(195,16): warning C4244: '=': 'double' から 'float' への変換です。データが失われる可能性があります。 (ソース ファイルをコンパイルしています EffekseerRenderer\EffekseerRendererDX11.Renderer.cpp)
  EffekseerRendererDX11.vcxproj -> D:\Github\GamePG_2018\tkEngine2\Sample\Lesson12_Answer\tkEngine\EffekseerRuntime130\src\EffekseerRendererDX11\..\lib\x86\EffekseerRendererDX11.Debug.lib
