d:\github\gamepg_2018\tkengine2\sample\lesson12_answer\game\debug\game.pch
d:\github\gamepg_2018\tkengine2\sample\lesson12_answer\game\debug\vc142.pdb
d:\github\gamepg_2018\tkengine2\sample\lesson12_answer\game\debug\vc142.idb
d:\github\gamepg_2018\tkengine2\sample\lesson12_answer\game\debug\stdafx.obj
d:\github\gamepg_2018\tkengine2\sample\lesson12_answer\game\debug\bullet.obj
d:\github\gamepg_2018\tkengine2\sample\lesson12_answer\game\debug\main.obj
d:\github\gamepg_2018\tkengine2\sample\lesson12_answer\game\debug\enemygenerator.obj
d:\github\gamepg_2018\tkengine2\sample\lesson12_answer\game\debug\enemy.obj
d:\github\gamepg_2018\tkengine2\sample\lesson12_answer\game\debug\player.obj
d:\github\gamepg_2018\tkengine2\sample\lesson12_answer\game\debug\game.ilk
d:\github\gamepg_2018\tkengine2\sample\lesson12_answer\game\debug\game.exe
d:\github\gamepg_2018\tkengine2\sample\lesson12_answer\game\debug\game.pdb
d:\github\gamepg_2018\tkengine2\sample\lesson12_answer\game\resource\modeldata\enemy.cmo
d:\github\gamepg_2018\tkengine2\sample\lesson12_answer\game\_program files (x86)_microsoft visual studio_2019_community_common7_ide_extensions_microsoft_vsgraphics_assets_effects_phong.dgsl.cso
d:\github\gamepg_2018\tkengine2\sample\lesson12_answer\game\_github_gamepg__2018_tkengine2_sample_lesson12__answer_game_assets_modeldata_microsub__albedo.png.dds
d:\github\gamepg_2018\tkengine2\sample\lesson12_answer\game\_github_gamepg__2018_tkengine2_sample_lesson12__answer_game_assets_modeldata_microsub__glass__metallicsmoothness.png.dds
d:\github\gamepg_2018\tkengine2\sample\lesson12_answer\game\assets\modeldata\airplane.cmo
d:\github\gamepg_2018\tkengine2\sample\lesson12_answer\game\assets\modeldata\_program files (x86)_microsoft visual studio_2019_community_common7_ide_extensions_microsoft_vsgraphics_assets_effects_phong.dgsl.cso
d:\github\gamepg_2018\tkengine2\sample\lesson12_answer\game\assets\modeldata\_github_gamepg__2018_tkengine2_sample_lesson12__answer_game_assets_modeldata_world war ii - plane - heavy scratches.tga.dds
d:\github\gamepg_2018\tkengine2\sample\lesson12_answer\game\assets\modeldata\_github_gamepg__2018_tkengine2_sample_lesson12__answer_game_assets_modeldata_world war ii - propeller.tga.dds
d:\github\gamepg_2018\tkengine2\sample\lesson12_answer\game\assets\modeldata\bullet.cmo
d:\github\gamepg_2018\tkengine2\sample\lesson12_answer\game\assets\modeldata\_github_gamepg__2018_tkengine2_sample_lesson09__answer_game_assets_modeldata_bullet.png.dds
c:\programdata\nvidia corporation\drs\nvapptimestamps
d:\github\gamepg_2018\tkengine2\sample\lesson12_answer\game\debug\game.res
d:\github\gamepg_2018\tkengine2\sample\lesson12_answer\game\debug\tkengine.pdb
d:\github\gamepg_2018\tkengine2\sample\lesson12_answer\game\debug\game.tlog\cl.command.1.tlog
d:\github\gamepg_2018\tkengine2\sample\lesson12_answer\game\debug\game.tlog\cl.read.1.tlog
d:\github\gamepg_2018\tkengine2\sample\lesson12_answer\game\debug\game.tlog\cl.write.1.tlog
d:\github\gamepg_2018\tkengine2\sample\lesson12_answer\game\debug\game.tlog\link.2032-cvtres.read.1.tlog
d:\github\gamepg_2018\tkengine2\sample\lesson12_answer\game\debug\game.tlog\link.2032-cvtres.write.1.tlog
d:\github\gamepg_2018\tkengine2\sample\lesson12_answer\game\debug\game.tlog\link.command.1.tlog
d:\github\gamepg_2018\tkengine2\sample\lesson12_answer\game\debug\game.tlog\meshcontenttask-vsgraphics.10176.read.1.tlog
d:\github\gamepg_2018\tkengine2\sample\lesson12_answer\game\debug\game.tlog\meshcontenttask-vsgraphics.10176.read.2.tlog
d:\github\gamepg_2018\tkengine2\sample\lesson12_answer\game\debug\game.tlog\meshcontenttask-vsgraphics.10176.write.1.tlog
d:\github\gamepg_2018\tkengine2\sample\lesson12_answer\game\debug\game.tlog\meshcontenttask-vsgraphics.10176.write.2.tlog
d:\github\gamepg_2018\tkengine2\sample\lesson12_answer\game\debug\game.tlog\meshcontenttask-vsgraphics.13060.read.1.tlog
d:\github\gamepg_2018\tkengine2\sample\lesson12_answer\game\debug\game.tlog\meshcontenttask-vsgraphics.13060.read.2.tlog
d:\github\gamepg_2018\tkengine2\sample\lesson12_answer\game\debug\game.tlog\meshcontenttask-vsgraphics.13060.write.1.tlog
d:\github\gamepg_2018\tkengine2\sample\lesson12_answer\game\debug\game.tlog\meshcontenttask-vsgraphics.13060.write.2.tlog
d:\github\gamepg_2018\tkengine2\sample\lesson12_answer\game\debug\game.tlog\meshcontenttask-vsgraphics.1336.read.1.tlog
d:\github\gamepg_2018\tkengine2\sample\lesson12_answer\game\debug\game.tlog\meshcontenttask-vsgraphics.1336.read.2.tlog
d:\github\gamepg_2018\tkengine2\sample\lesson12_answer\game\debug\game.tlog\meshcontenttask-vsgraphics.1336.write.1.tlog
d:\github\gamepg_2018\tkengine2\sample\lesson12_answer\game\debug\game.tlog\meshcontenttask-vsgraphics.1336.write.2.tlog
d:\github\gamepg_2018\tkengine2\sample\lesson12_answer\game\debug\game.tlog\meshcontenttask-vsgraphics.14684.read.1.tlog
d:\github\gamepg_2018\tkengine2\sample\lesson12_answer\game\debug\game.tlog\meshcontenttask-vsgraphics.14684.read.2.tlog
d:\github\gamepg_2018\tkengine2\sample\lesson12_answer\game\debug\game.tlog\meshcontenttask-vsgraphics.14684.write.1.tlog
d:\github\gamepg_2018\tkengine2\sample\lesson12_answer\game\debug\game.tlog\meshcontenttask-vsgraphics.14684.write.2.tlog
d:\github\gamepg_2018\tkengine2\sample\lesson12_answer\game\debug\game.tlog\meshcontenttask-vsgraphics.17472.read.1.tlog
d:\github\gamepg_2018\tkengine2\sample\lesson12_answer\game\debug\game.tlog\meshcontenttask-vsgraphics.17472.read.2.tlog
d:\github\gamepg_2018\tkengine2\sample\lesson12_answer\game\debug\game.tlog\meshcontenttask-vsgraphics.17472.write.1.tlog
d:\github\gamepg_2018\tkengine2\sample\lesson12_answer\game\debug\game.tlog\meshcontenttask-vsgraphics.17472.write.2.tlog
d:\github\gamepg_2018\tkengine2\sample\lesson12_answer\game\debug\game.tlog\meshcontenttask-vsgraphics.18676.read.1.tlog
d:\github\gamepg_2018\tkengine2\sample\lesson12_answer\game\debug\game.tlog\meshcontenttask-vsgraphics.18676.read.2.tlog
d:\github\gamepg_2018\tkengine2\sample\lesson12_answer\game\debug\game.tlog\meshcontenttask-vsgraphics.18676.write.1.tlog
d:\github\gamepg_2018\tkengine2\sample\lesson12_answer\game\debug\game.tlog\meshcontenttask-vsgraphics.18676.write.2.tlog
d:\github\gamepg_2018\tkengine2\sample\lesson12_answer\game\debug\game.tlog\meshcontenttask-vsgraphics.19396.read.1.tlog
d:\github\gamepg_2018\tkengine2\sample\lesson12_answer\game\debug\game.tlog\meshcontenttask-vsgraphics.19396.read.2.tlog
d:\github\gamepg_2018\tkengine2\sample\lesson12_answer\game\debug\game.tlog\meshcontenttask-vsgraphics.19396.write.1.tlog
d:\github\gamepg_2018\tkengine2\sample\lesson12_answer\game\debug\game.tlog\meshcontenttask-vsgraphics.19396.write.2.tlog
d:\github\gamepg_2018\tkengine2\sample\lesson12_answer\game\debug\game.tlog\meshcontenttask-vsgraphics.2164.read.1.tlog
d:\github\gamepg_2018\tkengine2\sample\lesson12_answer\game\debug\game.tlog\meshcontenttask-vsgraphics.2164.read.2.tlog
d:\github\gamepg_2018\tkengine2\sample\lesson12_answer\game\debug\game.tlog\meshcontenttask-vsgraphics.2164.write.1.tlog
d:\github\gamepg_2018\tkengine2\sample\lesson12_answer\game\debug\game.tlog\meshcontenttask-vsgraphics.2164.write.2.tlog
d:\github\gamepg_2018\tkengine2\sample\lesson12_answer\game\debug\game.tlog\meshcontenttask-vsgraphics.3000.read.1.tlog
d:\github\gamepg_2018\tkengine2\sample\lesson12_answer\game\debug\game.tlog\meshcontenttask-vsgraphics.3000.read.2.tlog
d:\github\gamepg_2018\tkengine2\sample\lesson12_answer\game\debug\game.tlog\meshcontenttask-vsgraphics.3000.read.3.tlog
d:\github\gamepg_2018\tkengine2\sample\lesson12_answer\game\debug\game.tlog\meshcontenttask-vsgraphics.3000.write.1.tlog
d:\github\gamepg_2018\tkengine2\sample\lesson12_answer\game\debug\game.tlog\meshcontenttask-vsgraphics.3000.write.2.tlog
d:\github\gamepg_2018\tkengine2\sample\lesson12_answer\game\debug\game.tlog\meshcontenttask-vsgraphics.3000.write.3.tlog
d:\github\gamepg_2018\tkengine2\sample\lesson12_answer\game\debug\game.tlog\meshcontenttask-vsgraphics.3456.read.1.tlog
d:\github\gamepg_2018\tkengine2\sample\lesson12_answer\game\debug\game.tlog\meshcontenttask-vsgraphics.3456.read.2.tlog
d:\github\gamepg_2018\tkengine2\sample\lesson12_answer\game\debug\game.tlog\meshcontenttask-vsgraphics.3456.write.1.tlog
d:\github\gamepg_2018\tkengine2\sample\lesson12_answer\game\debug\game.tlog\meshcontenttask-vsgraphics.3456.write.2.tlog
d:\github\gamepg_2018\tkengine2\sample\lesson12_answer\game\debug\game.tlog\meshcontenttask-vsgraphics.3708.read.1.tlog
d:\github\gamepg_2018\tkengine2\sample\lesson12_answer\game\debug\game.tlog\meshcontenttask-vsgraphics.3708.read.2.tlog
d:\github\gamepg_2018\tkengine2\sample\lesson12_answer\game\debug\game.tlog\meshcontenttask-vsgraphics.3708.write.1.tlog
d:\github\gamepg_2018\tkengine2\sample\lesson12_answer\game\debug\game.tlog\meshcontenttask-vsgraphics.3708.write.2.tlog
d:\github\gamepg_2018\tkengine2\sample\lesson12_answer\game\debug\game.tlog\meshcontenttask-vsgraphics.3772.read.1.tlog
d:\github\gamepg_2018\tkengine2\sample\lesson12_answer\game\debug\game.tlog\meshcontenttask-vsgraphics.3772.read.2.tlog
d:\github\gamepg_2018\tkengine2\sample\lesson12_answer\game\debug\game.tlog\meshcontenttask-vsgraphics.3772.write.1.tlog
d:\github\gamepg_2018\tkengine2\sample\lesson12_answer\game\debug\game.tlog\meshcontenttask-vsgraphics.3772.write.2.tlog
d:\github\gamepg_2018\tkengine2\sample\lesson12_answer\game\debug\game.tlog\meshcontenttask-vsgraphics.7688.read.1.tlog
d:\github\gamepg_2018\tkengine2\sample\lesson12_answer\game\debug\game.tlog\meshcontenttask-vsgraphics.7688.read.2.tlog
d:\github\gamepg_2018\tkengine2\sample\lesson12_answer\game\debug\game.tlog\meshcontenttask-vsgraphics.7688.write.1.tlog
d:\github\gamepg_2018\tkengine2\sample\lesson12_answer\game\debug\game.tlog\meshcontenttask-vsgraphics.7688.write.2.tlog
d:\github\gamepg_2018\tkengine2\sample\lesson12_answer\game\debug\game.tlog\meshcontenttask-vsgraphics.9040.read.1.tlog
d:\github\gamepg_2018\tkengine2\sample\lesson12_answer\game\debug\game.tlog\meshcontenttask-vsgraphics.9040.read.2.tlog
d:\github\gamepg_2018\tkengine2\sample\lesson12_answer\game\debug\game.tlog\meshcontenttask-vsgraphics.9040.write.1.tlog
d:\github\gamepg_2018\tkengine2\sample\lesson12_answer\game\debug\game.tlog\meshcontenttask-vsgraphics.9040.write.2.tlog
d:\github\gamepg_2018\tkengine2\sample\lesson12_answer\game\debug\game.tlog\meshcontenttask-vsgraphics.read.1.tlog
d:\github\gamepg_2018\tkengine2\sample\lesson12_answer\game\debug\game.tlog\meshcontenttask-vsgraphics.read.2.tlog
d:\github\gamepg_2018\tkengine2\sample\lesson12_answer\game\debug\game.tlog\meshcontenttask-vsgraphics.write.1.tlog
d:\github\gamepg_2018\tkengine2\sample\lesson12_answer\game\debug\game.tlog\meshcontenttask-vsgraphics.write.2.tlog
d:\github\gamepg_2018\tkengine2\sample\lesson12_answer\game\debug\game.tlog\rc.12864.read.1.tlog
d:\github\gamepg_2018\tkengine2\sample\lesson12_answer\game\debug\game.tlog\rc.12864.write.1.tlog
d:\github\gamepg_2018\tkengine2\sample\lesson12_answer\game\debug\game.tlog\rc.command.1.tlog
