c:\users\t-tsukamura\desktop\shooting_01\tkengine\debugobjects\tkengine.pch
c:\users\t-tsukamura\desktop\shooting_01\tkengine\debugobjects\tkengine.pdb
c:\users\t-tsukamura\desktop\shooting_01\tkengine\debugobjects\tkengine.idb
c:\users\t-tsukamura\desktop\shooting_01\tkengine\debugobjects\tkengineprecompile.obj
c:\users\t-tsukamura\desktop\shooting_01\tkengine\debugobjects\tkstructuredbuffer.obj
c:\users\t-tsukamura\desktop\shooting_01\tkengine\debugobjects\tkindexbuffer.obj
c:\users\t-tsukamura\desktop\shooting_01\tkengine\debugobjects\tkgpubuffer.obj
c:\users\t-tsukamura\desktop\shooting_01\tkengine\debugobjects\tkconstantbuffer.obj
c:\users\t-tsukamura\desktop\shooting_01\tkengine\debugobjects\tkfont.obj
c:\users\t-tsukamura\desktop\shooting_01\tkengine\debugobjects\tkeffectengine.obj
c:\users\t-tsukamura\desktop\shooting_01\tkengine\debugobjects\tkeffect.obj
c:\users\t-tsukamura\desktop\shooting_01\tkengine\debugobjects\tkanimationplaycontroller.obj
c:\users\t-tsukamura\desktop\shooting_01\tkengine\debugobjects\tkanimationclip.obj
c:\users\t-tsukamura\desktop\shooting_01\tkengine\debugobjects\tkanimation.obj
c:\users\t-tsukamura\desktop\shooting_01\tkengine\debugobjects\tkanimationfootik.obj
c:\users\t-tsukamura\desktop\shooting_01\tkengine\debugobjects\tkspriterender.obj
c:\users\t-tsukamura\desktop\shooting_01\tkengine\debugobjects\tksprite.obj
c:\users\t-tsukamura\desktop\shooting_01\tkengine\debugobjects\tktransform.obj
c:\users\t-tsukamura\desktop\shooting_01\tkengine\debugobjects\tkgameobjectmanager.obj
c:\users\t-tsukamura\desktop\shooting_01\tkengine\debugobjects\tkgameobject.obj
c:\users\t-tsukamura\desktop\shooting_01\tkengine\debugobjects\tkobjectfrustumculling.obj
c:\users\t-tsukamura\desktop\shooting_01\tkengine\debugobjects\tkcharactercontroller.obj
c:\users\t-tsukamura\desktop\shooting_01\tkengine\debugobjects\tkspringcamera.obj
c:\users\t-tsukamura\desktop\shooting_01\tkengine\debugobjects\tkcameracollisionsolver.obj
c:\users\t-tsukamura\desktop\shooting_01\tkengine\debugobjects\tkprimitive.obj
c:\users\t-tsukamura\desktop\shooting_01\tkengine\debugobjects\tkpresetrenderstate.obj
c:\users\t-tsukamura\desktop\shooting_01\tkengine\debugobjects\tkgraphicsengine.obj
c:\users\t-tsukamura\desktop\shooting_01\tkengine\debugobjects\tkgpueventmarker.obj
c:\users\t-tsukamura\desktop\shooting_01\tkengine\debugobjects\tkcamera.obj
c:\users\t-tsukamura\desktop\shooting_01\tkengine\debugobjects\tkblur.obj
c:\users\t-tsukamura\desktop\shooting_01\tkengine\debugobjects\tkzprepass.obj
c:\users\t-tsukamura\desktop\shooting_01\tkengine\debugobjects\tkshadowmap.obj
c:\users\t-tsukamura\desktop\shooting_01\tkengine\debugobjects\tkshadowcaster.obj
c:\users\t-tsukamura\desktop\shooting_01\tkengine\debugobjects\tkprerender.obj
c:\users\t-tsukamura\desktop\shooting_01\tkengine\debugobjects\tklightculling.obj
c:\users\t-tsukamura\desktop\shooting_01\tkengine\debugobjects\tkgbufferrender.obj
c:\users\t-tsukamura\desktop\shooting_01\tkengine\debugobjects\tktonemap.obj
c:\users\t-tsukamura\desktop\shooting_01\tkengine\debugobjects\tkposteffect.obj
c:\users\t-tsukamura\desktop\shooting_01\tkengine\debugobjects\tkfxaa.obj
c:\users\t-tsukamura\desktop\shooting_01\tkengine\debugobjects\tkdithering.obj
c:\users\t-tsukamura\desktop\shooting_01\tkengine\debugobjects\tkbloom.obj
c:\users\t-tsukamura\desktop\shooting_01\tkengine\debugobjects\tkunorderedaccessview.obj
c:\users\t-tsukamura\desktop\shooting_01\tkengine\debugobjects\tkshaderresourceview.obj
c:\users\t-tsukamura\desktop\shooting_01\tkengine\debugobjects\tkvertexbuffer.obj
c:\users\t-tsukamura\desktop\shooting_01\tkengine\debugobjects\tkcapsulecollider.obj
c:\users\t-tsukamura\desktop\shooting_01\tkengine\debugobjects\tkboxcollider.obj
c:\users\t-tsukamura\desktop\shooting_01\tkengine\debugobjects\tkvector.obj
c:\users\t-tsukamura\desktop\shooting_01\tkengine\debugobjects\tkmatrix.obj
c:\users\t-tsukamura\desktop\shooting_01\tkengine\debugobjects\tkmath.obj
c:\users\t-tsukamura\desktop\shooting_01\tkengine\debugobjects\tkaabb.obj
c:\users\t-tsukamura\desktop\shooting_01\tkengine\debugobjects\tkpointlight.obj
c:\users\t-tsukamura\desktop\shooting_01\tkengine\debugobjects\tklightmanager.obj
c:\users\t-tsukamura\desktop\shooting_01\tkengine\debugobjects\tklightbase.obj
c:\users\t-tsukamura\desktop\shooting_01\tkengine\debugobjects\tkdirectionlight.obj
c:\users\t-tsukamura\desktop\shooting_01\tkengine\debugobjects\tkpad.obj
c:\users\t-tsukamura\desktop\shooting_01\tkengine\debugobjects\tkskinmodelrender.obj
c:\users\t-tsukamura\desktop\shooting_01\tkengine\debugobjects\tkskinmodeldata.obj
c:\users\t-tsukamura\desktop\shooting_01\tkengine\debugobjects\tkskinmodel.obj
c:\users\t-tsukamura\desktop\shooting_01\tkengine\debugobjects\tkskeleton.obj
c:\users\t-tsukamura\desktop\shooting_01\tkengine\debugobjects\tkshadowblur.obj
c:\users\t-tsukamura\desktop\shooting_01\tkengine\debugobjects\tkshader.obj
c:\users\t-tsukamura\desktop\shooting_01\tkengine\debugobjects\tksamplerstate.obj
c:\users\t-tsukamura\desktop\shooting_01\tkengine\debugobjects\tkrendertarget.obj
c:\users\t-tsukamura\desktop\shooting_01\tkengine\debugobjects\tkrendercontext.obj
c:\users\t-tsukamura\desktop\shooting_01\tkengine\debugobjects\tkengine.obj
c:\users\t-tsukamura\desktop\shooting_01\tkengine\debugobjects\tkwavefilebank.obj
c:\users\t-tsukamura\desktop\shooting_01\tkengine\debugobjects\tkwavefile.obj
c:\users\t-tsukamura\desktop\shooting_01\tkengine\debugobjects\tksoundsource.obj
c:\users\t-tsukamura\desktop\shooting_01\tkengine\debugobjects\tksoundengine.obj
c:\users\t-tsukamura\desktop\shooting_01\tkengine\debugobjects\tkshaderresources.obj
c:\users\t-tsukamura\desktop\shooting_01\tkengine\debugobjects\tkdirectxmodelresource.obj
c:\users\t-tsukamura\desktop\shooting_01\tkengine\debugobjects\tkrandom.obj
c:\users\t-tsukamura\desktop\shooting_01\tkengine\debugobjects\tkspherecollider.obj
c:\users\t-tsukamura\desktop\shooting_01\tkengine\debugobjects\tkrigidbody.obj
c:\users\t-tsukamura\desktop\shooting_01\tkengine\debugobjects\tkphysicsstaticobject.obj
c:\users\t-tsukamura\desktop\shooting_01\tkengine\debugobjects\tkphysics.obj
c:\users\t-tsukamura\desktop\shooting_01\tkengine\debugobjects\tkmeshcollider.obj
c:\users\t-tsukamura\desktop\shooting_01\game\debug\tkengine.lib
c:\users\t-tsukamura\desktop\shooting_01\tkengine\debugobjects\tkengine.tlog\cl.command.1.tlog
c:\users\t-tsukamura\desktop\shooting_01\tkengine\debugobjects\tkengine.tlog\cl.read.1.tlog
c:\users\t-tsukamura\desktop\shooting_01\tkengine\debugobjects\tkengine.tlog\cl.write.1.tlog
c:\users\t-tsukamura\desktop\shooting_01\tkengine\debugobjects\tkengine.tlog\lib.18276-link.read.1.tlog
c:\users\t-tsukamura\desktop\shooting_01\tkengine\debugobjects\tkengine.tlog\lib.18276-link.write.1.tlog
c:\users\t-tsukamura\desktop\shooting_01\tkengine\debugobjects\tkengine.tlog\lib.command.1.tlog
