d:\github\gamepg_2018\tkengine2\sample\lesson10_answer\tkengine\bulletphysics\src\bulletdynamics\bulletdynamics.dir\debug\bulletdynamics.pdb
d:\github\gamepg_2018\tkengine2\sample\lesson10_answer\tkengine\bulletphysics\src\bulletdynamics\bulletdynamics.dir\debug\btsimpledynamicsworld.obj
d:\github\gamepg_2018\tkengine2\sample\lesson10_answer\tkengine\bulletphysics\src\bulletdynamics\bulletdynamics.dir\debug\btrigidbody.obj
d:\github\gamepg_2018\tkengine2\sample\lesson10_answer\tkengine\bulletphysics\src\bulletdynamics\bulletdynamics.dir\debug\btdiscretedynamicsworld.obj
d:\github\gamepg_2018\tkengine2\sample\lesson10_answer\tkengine\bulletphysics\src\bulletdynamics\bulletdynamics.dir\debug\btuniversalconstraint.obj
d:\github\gamepg_2018\tkengine2\sample\lesson10_answer\tkengine\bulletphysics\src\bulletdynamics\bulletdynamics.dir\debug\bttypedconstraint.obj
d:\github\gamepg_2018\tkengine2\sample\lesson10_answer\tkengine\bulletphysics\src\bulletdynamics\bulletdynamics.dir\debug\btsolve2linearconstraint.obj
d:\github\gamepg_2018\tkengine2\sample\lesson10_answer\tkengine\bulletphysics\src\bulletdynamics\bulletdynamics.dir\debug\btsliderconstraint.obj
d:\github\gamepg_2018\tkengine2\sample\lesson10_answer\tkengine\bulletphysics\src\bulletdynamics\bulletdynamics.dir\debug\btsequentialimpulseconstraintsolver.obj
d:\github\gamepg_2018\tkengine2\sample\lesson10_answer\tkengine\bulletphysics\src\bulletdynamics\bulletdynamics.dir\debug\btpoint2pointconstraint.obj
d:\github\gamepg_2018\tkengine2\sample\lesson10_answer\tkengine\bulletphysics\src\bulletdynamics\bulletdynamics.dir\debug\btnncgconstraintsolver.obj
d:\github\gamepg_2018\tkengine2\sample\lesson10_answer\tkengine\bulletphysics\src\bulletdynamics\bulletdynamics.dir\debug\bthingeconstraint.obj
d:\github\gamepg_2018\tkengine2\sample\lesson10_answer\tkengine\bulletphysics\src\bulletdynamics\bulletdynamics.dir\debug\bthinge2constraint.obj
d:\github\gamepg_2018\tkengine2\sample\lesson10_answer\tkengine\bulletphysics\src\bulletdynamics\bulletdynamics.dir\debug\btgeneric6dofspringconstraint.obj
d:\github\gamepg_2018\tkengine2\sample\lesson10_answer\tkengine\bulletphysics\src\bulletdynamics\bulletdynamics.dir\debug\btgeneric6dofspring2constraint.obj
d:\github\gamepg_2018\tkengine2\sample\lesson10_answer\tkengine\bulletphysics\src\bulletdynamics\bulletdynamics.dir\debug\btgeneric6dofconstraint.obj
d:\github\gamepg_2018\tkengine2\sample\lesson10_answer\tkengine\bulletphysics\src\bulletdynamics\bulletdynamics.dir\debug\btgearconstraint.obj
d:\github\gamepg_2018\tkengine2\sample\lesson10_answer\tkengine\bulletphysics\src\bulletdynamics\bulletdynamics.dir\debug\btfixedconstraint.obj
d:\github\gamepg_2018\tkengine2\sample\lesson10_answer\tkengine\bulletphysics\src\bulletdynamics\bulletdynamics.dir\debug\btcontactconstraint.obj
d:\github\gamepg_2018\tkengine2\sample\lesson10_answer\tkengine\bulletphysics\src\bulletdynamics\bulletdynamics.dir\debug\btconetwistconstraint.obj
d:\github\gamepg_2018\tkengine2\sample\lesson10_answer\tkengine\bulletphysics\src\bulletdynamics\bulletdynamics.dir\debug\btkinematiccharactercontroller.obj
d:\github\gamepg_2018\tkengine2\sample\lesson10_answer\tkengine\bulletphysics\src\bulletdynamics\bulletdynamics.dir\debug\btwheelinfo.obj
d:\github\gamepg_2018\tkengine2\sample\lesson10_answer\tkengine\bulletphysics\src\bulletdynamics\bulletdynamics.dir\debug\btraycastvehicle.obj
d:\github\gamepg_2018\tkengine2\sample\lesson10_answer\tkengine\bulletphysics\src\bulletdynamics\bulletdynamics.dir\debug\btmlcpsolver.obj
d:\github\gamepg_2018\tkengine2\sample\lesson10_answer\tkengine\bulletphysics\src\bulletdynamics\bulletdynamics.dir\debug\btlemkealgorithm.obj
d:\github\gamepg_2018\tkengine2\sample\lesson10_answer\tkengine\bulletphysics\src\bulletdynamics\bulletdynamics.dir\debug\btdantziglcp.obj
d:\github\gamepg_2018\tkengine2\sample\lesson10_answer\tkengine\bulletphysics\src\bulletdynamics\bulletdynamics.dir\debug\btmultibodypoint2point.obj
d:\github\gamepg_2018\tkengine2\sample\lesson10_answer\tkengine\bulletphysics\src\bulletdynamics\bulletdynamics.dir\debug\btmultibodyjointmotor.obj
d:\github\gamepg_2018\tkengine2\sample\lesson10_answer\tkengine\bulletphysics\src\bulletdynamics\bulletdynamics.dir\debug\btmultibodyjointlimitconstraint.obj
d:\github\gamepg_2018\tkengine2\sample\lesson10_answer\tkengine\bulletphysics\src\bulletdynamics\bulletdynamics.dir\debug\btmultibodydynamicsworld.obj
d:\github\gamepg_2018\tkengine2\sample\lesson10_answer\tkengine\bulletphysics\src\bulletdynamics\bulletdynamics.dir\debug\btmultibodyconstraintsolver.obj
d:\github\gamepg_2018\tkengine2\sample\lesson10_answer\tkengine\bulletphysics\src\bulletdynamics\bulletdynamics.dir\debug\btmultibodyconstraint.obj
d:\github\gamepg_2018\tkengine2\sample\lesson10_answer\tkengine\bulletphysics\src\bulletdynamics\bulletdynamics.dir\debug\btmultibody.obj
d:\github\gamepg_2018\tkengine2\sample\lesson09_answer\tkengine\bulletphysics\src\bulletdynamics\bulletdynamics.dir\debug\bulletdynamics.pdb
d:\github\gamepg_2018\tkengine2\sample\lesson09_answer\tkengine\bulletphysics\src\bulletdynamics\bulletdynamics.dir\debug\btsimpledynamicsworld.obj
d:\github\gamepg_2018\tkengine2\sample\lesson09_answer\tkengine\bulletphysics\src\bulletdynamics\bulletdynamics.dir\debug\btrigidbody.obj
d:\github\gamepg_2018\tkengine2\sample\lesson09_answer\tkengine\bulletphysics\src\bulletdynamics\bulletdynamics.dir\debug\btdiscretedynamicsworld.obj
d:\github\gamepg_2018\tkengine2\sample\lesson09_answer\tkengine\bulletphysics\src\bulletdynamics\bulletdynamics.dir\debug\btuniversalconstraint.obj
d:\github\gamepg_2018\tkengine2\sample\lesson09_answer\tkengine\bulletphysics\src\bulletdynamics\bulletdynamics.dir\debug\bttypedconstraint.obj
d:\github\gamepg_2018\tkengine2\sample\lesson09_answer\tkengine\bulletphysics\src\bulletdynamics\bulletdynamics.dir\debug\btsolve2linearconstraint.obj
d:\github\gamepg_2018\tkengine2\sample\lesson09_answer\tkengine\bulletphysics\src\bulletdynamics\bulletdynamics.dir\debug\btsliderconstraint.obj
d:\github\gamepg_2018\tkengine2\sample\lesson09_answer\tkengine\bulletphysics\src\bulletdynamics\bulletdynamics.dir\debug\btsequentialimpulseconstraintsolver.obj
d:\github\gamepg_2018\tkengine2\sample\lesson09_answer\tkengine\bulletphysics\src\bulletdynamics\bulletdynamics.dir\debug\btpoint2pointconstraint.obj
d:\github\gamepg_2018\tkengine2\sample\lesson09_answer\tkengine\bulletphysics\src\bulletdynamics\bulletdynamics.dir\debug\btnncgconstraintsolver.obj
d:\github\gamepg_2018\tkengine2\sample\lesson09_answer\tkengine\bulletphysics\src\bulletdynamics\bulletdynamics.dir\debug\bthingeconstraint.obj
d:\github\gamepg_2018\tkengine2\sample\lesson09_answer\tkengine\bulletphysics\src\bulletdynamics\bulletdynamics.dir\debug\bthinge2constraint.obj
d:\github\gamepg_2018\tkengine2\sample\lesson09_answer\tkengine\bulletphysics\src\bulletdynamics\bulletdynamics.dir\debug\btgeneric6dofspringconstraint.obj
d:\github\gamepg_2018\tkengine2\sample\lesson09_answer\tkengine\bulletphysics\src\bulletdynamics\bulletdynamics.dir\debug\btgeneric6dofspring2constraint.obj
d:\github\gamepg_2018\tkengine2\sample\lesson09_answer\tkengine\bulletphysics\src\bulletdynamics\bulletdynamics.dir\debug\btgeneric6dofconstraint.obj
d:\github\gamepg_2018\tkengine2\sample\lesson09_answer\tkengine\bulletphysics\src\bulletdynamics\bulletdynamics.dir\debug\btgearconstraint.obj
d:\github\gamepg_2018\tkengine2\sample\lesson09_answer\tkengine\bulletphysics\src\bulletdynamics\bulletdynamics.dir\debug\btfixedconstraint.obj
d:\github\gamepg_2018\tkengine2\sample\lesson09_answer\tkengine\bulletphysics\src\bulletdynamics\bulletdynamics.dir\debug\btcontactconstraint.obj
d:\github\gamepg_2018\tkengine2\sample\lesson09_answer\tkengine\bulletphysics\src\bulletdynamics\bulletdynamics.dir\debug\btconetwistconstraint.obj
d:\github\gamepg_2018\tkengine2\sample\lesson09_answer\tkengine\bulletphysics\src\bulletdynamics\bulletdynamics.dir\debug\btkinematiccharactercontroller.obj
d:\github\gamepg_2018\tkengine2\sample\lesson09_answer\tkengine\bulletphysics\src\bulletdynamics\bulletdynamics.dir\debug\btwheelinfo.obj
d:\github\gamepg_2018\tkengine2\sample\lesson09_answer\tkengine\bulletphysics\src\bulletdynamics\bulletdynamics.dir\debug\btraycastvehicle.obj
d:\github\gamepg_2018\tkengine2\sample\lesson09_answer\tkengine\bulletphysics\src\bulletdynamics\bulletdynamics.dir\debug\btmlcpsolver.obj
d:\github\gamepg_2018\tkengine2\sample\lesson09_answer\tkengine\bulletphysics\src\bulletdynamics\bulletdynamics.dir\debug\btlemkealgorithm.obj
d:\github\gamepg_2018\tkengine2\sample\lesson09_answer\tkengine\bulletphysics\src\bulletdynamics\bulletdynamics.dir\debug\btdantziglcp.obj
d:\github\gamepg_2018\tkengine2\sample\lesson09_answer\tkengine\bulletphysics\src\bulletdynamics\bulletdynamics.dir\debug\btmultibodypoint2point.obj
d:\github\gamepg_2018\tkengine2\sample\lesson09_answer\tkengine\bulletphysics\src\bulletdynamics\bulletdynamics.dir\debug\btmultibodyjointmotor.obj
d:\github\gamepg_2018\tkengine2\sample\lesson09_answer\tkengine\bulletphysics\src\bulletdynamics\bulletdynamics.dir\debug\btmultibodyjointlimitconstraint.obj
d:\github\gamepg_2018\tkengine2\sample\lesson09_answer\tkengine\bulletphysics\src\bulletdynamics\bulletdynamics.dir\debug\btmultibodydynamicsworld.obj
d:\github\gamepg_2018\tkengine2\sample\lesson09_answer\tkengine\bulletphysics\src\bulletdynamics\bulletdynamics.dir\debug\btmultibodyconstraintsolver.obj
d:\github\gamepg_2018\tkengine2\sample\lesson09_answer\tkengine\bulletphysics\src\bulletdynamics\bulletdynamics.dir\debug\btmultibodyconstraint.obj
d:\github\gamepg_2018\tkengine2\sample\lesson09_answer\tkengine\bulletphysics\src\bulletdynamics\bulletdynamics.dir\debug\btmultibody.obj
d:\github\gamepg_2018\tkengine2\sample\lesson09_answer\game\debug\bulletdynamics_debug.lib
d:\github\gamepg_2018\tkengine2\sample\lesson10_answer\game\debug\bulletdynamics_debug.lib
d:\github\gamepg_2018\tkengine2\sample\lesson10_answer\tkengine\bulletphysics\src\bulletdynamics\bulletdynamics.dir\debug\bulletdynamics.tlog\cl.command.1.tlog
d:\github\gamepg_2018\tkengine2\sample\lesson10_answer\tkengine\bulletphysics\src\bulletdynamics\bulletdynamics.dir\debug\bulletdynamics.tlog\cl.read.1.tlog
d:\github\gamepg_2018\tkengine2\sample\lesson10_answer\tkengine\bulletphysics\src\bulletdynamics\bulletdynamics.dir\debug\bulletdynamics.tlog\cl.write.1.tlog
d:\github\gamepg_2018\tkengine2\sample\lesson10_answer\tkengine\bulletphysics\src\bulletdynamics\bulletdynamics.dir\debug\bulletdynamics.tlog\lib.14740-link.read.1.tlog
d:\github\gamepg_2018\tkengine2\sample\lesson10_answer\tkengine\bulletphysics\src\bulletdynamics\bulletdynamics.dir\debug\bulletdynamics.tlog\lib.14740-link.write.1.tlog
d:\github\gamepg_2018\tkengine2\sample\lesson10_answer\tkengine\bulletphysics\src\bulletdynamics\bulletdynamics.dir\debug\bulletdynamics.tlog\lib.command.1.tlog
