d:\github\gamepg_2018\tkengine2\sample\lesson10_answer\game\debug\game.pch
d:\github\gamepg_2018\tkengine2\sample\lesson10_answer\game\debug\vc142.pdb
d:\github\gamepg_2018\tkengine2\sample\lesson10_answer\game\debug\vc142.idb
d:\github\gamepg_2018\tkengine2\sample\lesson10_answer\game\debug\stdafx.obj
d:\github\gamepg_2018\tkengine2\sample\lesson10_answer\game\debug\bullet.obj
d:\github\gamepg_2018\tkengine2\sample\lesson10_answer\game\debug\main.obj
d:\github\gamepg_2018\tkengine2\sample\lesson10_answer\game\debug\player.obj
d:\github\gamepg_2018\tkengine2\sample\lesson10_answer\game\debug\game.ilk
d:\github\gamepg_2018\tkengine2\sample\lesson10_answer\game\debug\game.exe
d:\github\gamepg_2018\tkengine2\sample\lesson10_answer\game\debug\game.pdb
d:\github\gamepg_2018\tkengine2\sample\lesson10_answer\game\resource\modeldata\bullet.cmo
d:\github\gamepg_2018\tkengine2\sample\lesson10_answer\game\_program files (x86)_microsoft visual studio_2019_community_common7_ide_extensions_microsoft_vsgraphics_assets_effects_phong.dgsl.cso
d:\github\gamepg_2018\tkengine2\sample\lesson10_answer\game\_github_gamepg__2018_tkengine2_sample_lesson09__answer_game_assets_modeldata_bullet.png.dds
d:\github\gamepg_2018\tkengine2\sample\lesson10_answer\game\assets\modeldata\airplane.cmo
d:\github\gamepg_2018\tkengine2\sample\lesson10_answer\game\assets\modeldata\_program files (x86)_microsoft visual studio_2019_community_common7_ide_extensions_microsoft_vsgraphics_assets_effects_phong.dgsl.cso
d:\github\gamepg_2018\tkengine2\sample\lesson10_answer\game\assets\modeldata\_github_gamepg__2018_tkengine2_sample_lesson10__answer_game_assets_modeldata_world war ii - plane - heavy scratches.tga.dds
d:\github\gamepg_2018\tkengine2\sample\lesson10_answer\game\assets\modeldata\_github_gamepg__2018_tkengine2_sample_lesson10__answer_game_assets_modeldata_world war ii - propeller.tga.dds
c:\programdata\nvidia corporation\drs\nvapptimestamps
d:\github\gamepg_2018\tkengine2\sample\lesson10_answer\game\debug\game.res
d:\github\gamepg_2018\tkengine2\sample\lesson10_answer\game\debug\tkengine.pdb
d:\github\gamepg_2018\tkengine2\sample\lesson10_answer\game\debug\game.tlog\cl.command.1.tlog
d:\github\gamepg_2018\tkengine2\sample\lesson10_answer\game\debug\game.tlog\cl.read.1.tlog
d:\github\gamepg_2018\tkengine2\sample\lesson10_answer\game\debug\game.tlog\cl.write.1.tlog
d:\github\gamepg_2018\tkengine2\sample\lesson10_answer\game\debug\game.tlog\link.14880-cvtres.read.1.tlog
d:\github\gamepg_2018\tkengine2\sample\lesson10_answer\game\debug\game.tlog\link.14880-cvtres.write.1.tlog
d:\github\gamepg_2018\tkengine2\sample\lesson10_answer\game\debug\game.tlog\link.command.1.tlog
d:\github\gamepg_2018\tkengine2\sample\lesson10_answer\game\debug\game.tlog\meshcontenttask-vsgraphics.13476.read.1.tlog
d:\github\gamepg_2018\tkengine2\sample\lesson10_answer\game\debug\game.tlog\meshcontenttask-vsgraphics.13476.read.2.tlog
d:\github\gamepg_2018\tkengine2\sample\lesson10_answer\game\debug\game.tlog\meshcontenttask-vsgraphics.13476.write.1.tlog
d:\github\gamepg_2018\tkengine2\sample\lesson10_answer\game\debug\game.tlog\meshcontenttask-vsgraphics.13476.write.2.tlog
d:\github\gamepg_2018\tkengine2\sample\lesson10_answer\game\debug\game.tlog\meshcontenttask-vsgraphics.1404.read.1.tlog
d:\github\gamepg_2018\tkengine2\sample\lesson10_answer\game\debug\game.tlog\meshcontenttask-vsgraphics.1404.read.2.tlog
d:\github\gamepg_2018\tkengine2\sample\lesson10_answer\game\debug\game.tlog\meshcontenttask-vsgraphics.1404.write.1.tlog
d:\github\gamepg_2018\tkengine2\sample\lesson10_answer\game\debug\game.tlog\meshcontenttask-vsgraphics.1404.write.2.tlog
d:\github\gamepg_2018\tkengine2\sample\lesson10_answer\game\debug\game.tlog\meshcontenttask-vsgraphics.16752.read.1.tlog
d:\github\gamepg_2018\tkengine2\sample\lesson10_answer\game\debug\game.tlog\meshcontenttask-vsgraphics.16752.read.2.tlog
d:\github\gamepg_2018\tkengine2\sample\lesson10_answer\game\debug\game.tlog\meshcontenttask-vsgraphics.16752.write.1.tlog
d:\github\gamepg_2018\tkengine2\sample\lesson10_answer\game\debug\game.tlog\meshcontenttask-vsgraphics.16752.write.2.tlog
d:\github\gamepg_2018\tkengine2\sample\lesson10_answer\game\debug\game.tlog\meshcontenttask-vsgraphics.19784.read.1.tlog
d:\github\gamepg_2018\tkengine2\sample\lesson10_answer\game\debug\game.tlog\meshcontenttask-vsgraphics.19784.read.2.tlog
d:\github\gamepg_2018\tkengine2\sample\lesson10_answer\game\debug\game.tlog\meshcontenttask-vsgraphics.19784.write.1.tlog
d:\github\gamepg_2018\tkengine2\sample\lesson10_answer\game\debug\game.tlog\meshcontenttask-vsgraphics.19784.write.2.tlog
d:\github\gamepg_2018\tkengine2\sample\lesson10_answer\game\debug\game.tlog\meshcontenttask-vsgraphics.20284.read.1.tlog
d:\github\gamepg_2018\tkengine2\sample\lesson10_answer\game\debug\game.tlog\meshcontenttask-vsgraphics.20284.read.2.tlog
d:\github\gamepg_2018\tkengine2\sample\lesson10_answer\game\debug\game.tlog\meshcontenttask-vsgraphics.20284.write.1.tlog
d:\github\gamepg_2018\tkengine2\sample\lesson10_answer\game\debug\game.tlog\meshcontenttask-vsgraphics.20284.write.2.tlog
d:\github\gamepg_2018\tkengine2\sample\lesson10_answer\game\debug\game.tlog\meshcontenttask-vsgraphics.22164.read.1.tlog
d:\github\gamepg_2018\tkengine2\sample\lesson10_answer\game\debug\game.tlog\meshcontenttask-vsgraphics.22164.read.2.tlog
d:\github\gamepg_2018\tkengine2\sample\lesson10_answer\game\debug\game.tlog\meshcontenttask-vsgraphics.22164.write.1.tlog
d:\github\gamepg_2018\tkengine2\sample\lesson10_answer\game\debug\game.tlog\meshcontenttask-vsgraphics.22164.write.2.tlog
d:\github\gamepg_2018\tkengine2\sample\lesson10_answer\game\debug\game.tlog\meshcontenttask-vsgraphics.2888.read.1.tlog
d:\github\gamepg_2018\tkengine2\sample\lesson10_answer\game\debug\game.tlog\meshcontenttask-vsgraphics.2888.read.2.tlog
d:\github\gamepg_2018\tkengine2\sample\lesson10_answer\game\debug\game.tlog\meshcontenttask-vsgraphics.2888.write.1.tlog
d:\github\gamepg_2018\tkengine2\sample\lesson10_answer\game\debug\game.tlog\meshcontenttask-vsgraphics.2888.write.2.tlog
d:\github\gamepg_2018\tkengine2\sample\lesson10_answer\game\debug\game.tlog\meshcontenttask-vsgraphics.6396.read.1.tlog
d:\github\gamepg_2018\tkengine2\sample\lesson10_answer\game\debug\game.tlog\meshcontenttask-vsgraphics.6396.read.2.tlog
d:\github\gamepg_2018\tkengine2\sample\lesson10_answer\game\debug\game.tlog\meshcontenttask-vsgraphics.6396.write.1.tlog
d:\github\gamepg_2018\tkengine2\sample\lesson10_answer\game\debug\game.tlog\meshcontenttask-vsgraphics.6396.write.2.tlog
d:\github\gamepg_2018\tkengine2\sample\lesson10_answer\game\debug\game.tlog\meshcontenttask-vsgraphics.6460.read.1.tlog
d:\github\gamepg_2018\tkengine2\sample\lesson10_answer\game\debug\game.tlog\meshcontenttask-vsgraphics.6460.read.2.tlog
d:\github\gamepg_2018\tkengine2\sample\lesson10_answer\game\debug\game.tlog\meshcontenttask-vsgraphics.6460.write.1.tlog
d:\github\gamepg_2018\tkengine2\sample\lesson10_answer\game\debug\game.tlog\meshcontenttask-vsgraphics.6460.write.2.tlog
d:\github\gamepg_2018\tkengine2\sample\lesson10_answer\game\debug\game.tlog\meshcontenttask-vsgraphics.7852.read.1.tlog
d:\github\gamepg_2018\tkengine2\sample\lesson10_answer\game\debug\game.tlog\meshcontenttask-vsgraphics.7852.read.2.tlog
d:\github\gamepg_2018\tkengine2\sample\lesson10_answer\game\debug\game.tlog\meshcontenttask-vsgraphics.7852.write.1.tlog
d:\github\gamepg_2018\tkengine2\sample\lesson10_answer\game\debug\game.tlog\meshcontenttask-vsgraphics.7852.write.2.tlog
d:\github\gamepg_2018\tkengine2\sample\lesson10_answer\game\debug\game.tlog\meshcontenttask-vsgraphics.read.1.tlog
d:\github\gamepg_2018\tkengine2\sample\lesson10_answer\game\debug\game.tlog\meshcontenttask-vsgraphics.read.2.tlog
d:\github\gamepg_2018\tkengine2\sample\lesson10_answer\game\debug\game.tlog\meshcontenttask-vsgraphics.write.1.tlog
d:\github\gamepg_2018\tkengine2\sample\lesson10_answer\game\debug\game.tlog\meshcontenttask-vsgraphics.write.2.tlog
d:\github\gamepg_2018\tkengine2\sample\lesson10_answer\game\debug\game.tlog\rc.3584.read.1.tlog
d:\github\gamepg_2018\tkengine2\sample\lesson10_answer\game\debug\game.tlog\rc.3584.write.1.tlog
d:\github\gamepg_2018\tkengine2\sample\lesson10_answer\game\debug\game.tlog\rc.command.1.tlog
