d:\github\gamepg_2018\tkengine2\sample\lesson08_answer\game\debug\game.pch
d:\github\gamepg_2018\tkengine2\sample\lesson08_answer\game\debug\vc142.pdb
d:\github\gamepg_2018\tkengine2\sample\lesson08_answer\game\debug\vc142.idb
d:\github\gamepg_2018\tkengine2\sample\lesson08_answer\game\debug\stdafx.obj
d:\github\gamepg_2018\tkengine2\sample\lesson08_answer\game\debug\game.exe
d:\github\gamepg_2018\tkengine2\sample\lesson08_answer\game\debug\game.ilk
d:\github\gamepg_2018\tkengine2\sample\lesson08_answer\game\debug\game.pdb
d:\github\gamepg_2018\tkengine2\sample\lesson08_answer\game\assets\modeldata\airplane.cmo
d:\github\gamepg_2018\tkengine2\sample\lesson08_answer\game\assets\modeldata\_program files (x86)_microsoft visual studio_2019_community_common7_ide_extensions_microsoft_vsgraphics_assets_effects_phong.dgsl.cso
d:\github\gamepg_2018\tkengine2\sample\lesson08_answer\game\assets\modeldata\_github_gamepg__2018_tkengine2_sample_lesson08__answer_game_assets_modeldata_world war ii - plane - heavy scratches.tga.dds
d:\github\gamepg_2018\tkengine2\sample\lesson08_answer\game\assets\modeldata\_github_gamepg__2018_tkengine2_sample_lesson08__answer_game_assets_modeldata_world war ii - propeller.tga.dds
c:\programdata\nvidia corporation\drs\nvapptimestamps
d:\github\gamepg_2018\tkengine2\sample\lesson08_answer\game\debug\tkengine.pdb
d:\github\gamepg_2018\tkengine2\sample\lesson08_answer\game\debug\game.tlog\cl.command.1.tlog
d:\github\gamepg_2018\tkengine2\sample\lesson08_answer\game\debug\game.tlog\cl.read.1.tlog
d:\github\gamepg_2018\tkengine2\sample\lesson08_answer\game\debug\game.tlog\cl.write.1.tlog
d:\github\gamepg_2018\tkengine2\sample\lesson08_answer\game\debug\game.tlog\link.command.1.tlog
d:\github\gamepg_2018\tkengine2\sample\lesson08_answer\game\debug\game.tlog\link.read.1.tlog
d:\github\gamepg_2018\tkengine2\sample\lesson08_answer\game\debug\game.tlog\link.write.1.tlog
d:\github\gamepg_2018\tkengine2\sample\lesson08_answer\game\debug\game.tlog\meshcontenttask-vsgraphics.read.1.tlog
d:\github\gamepg_2018\tkengine2\sample\lesson08_answer\game\debug\game.tlog\meshcontenttask-vsgraphics.read.2.tlog
d:\github\gamepg_2018\tkengine2\sample\lesson08_answer\game\debug\game.tlog\meshcontenttask-vsgraphics.write.1.tlog
d:\github\gamepg_2018\tkengine2\sample\lesson08_answer\game\debug\game.tlog\meshcontenttask-vsgraphics.write.2.tlog
d:\github\gamepg_2018\tkengine2\sample\lesson08_answer\game\debug\game.tlog\rc.14036.read.1.tlog
d:\github\gamepg_2018\tkengine2\sample\lesson08_answer\game\debug\game.tlog\rc.14036.write.1.tlog
d:\github\gamepg_2018\tkengine2\sample\lesson08_answer\game\debug\game.tlog\rc.command.1.tlog
