d:\github\gamepg_2018\tkengine2\sample\lesson09_answer\game\debug\game.pch
d:\github\gamepg_2018\tkengine2\sample\lesson09_answer\game\debug\vc142.pdb
d:\github\gamepg_2018\tkengine2\sample\lesson09_answer\game\debug\vc142.idb
d:\github\gamepg_2018\tkengine2\sample\lesson09_answer\game\debug\stdafx.obj
d:\github\gamepg_2018\tkengine2\sample\lesson09_answer\game\debug\player.obj
d:\github\gamepg_2018\tkengine2\sample\lesson09_answer\game\debug\main.obj
d:\github\gamepg_2018\tkengine2\sample\lesson09_answer\game\debug\game.ilk
d:\github\gamepg_2018\tkengine2\sample\lesson09_answer\game\debug\game.exe
d:\github\gamepg_2018\tkengine2\sample\lesson09_answer\game\debug\game.pdb
d:\github\gamepg_2018\tkengine2\sample\lesson09_answer\game\resource\modeldata\airplane.cmo
d:\github\gamepg_2018\tkengine2\sample\lesson09_answer\game\_program files (x86)_microsoft visual studio_2019_community_common7_ide_extensions_microsoft_vsgraphics_assets_effects_phong.dgsl.cso
d:\github\gamepg_2018\tkengine2\sample\lesson09_answer\game\_github_gamepg__2018_tkengine2_sample_lesson09__answer_game_assets_modeldata_world war ii - plane - heavy scratches.tga.dds
d:\github\gamepg_2018\tkengine2\sample\lesson09_answer\game\_github_gamepg__2018_tkengine2_sample_lesson09__answer_game_assets_modeldata_world war ii - propeller.tga.dds
c:\programdata\nvidia corporation\drs\nvapptimestamps
d:\github\gamepg_2018\tkengine2\sample\lesson09_answer\game\debug\game.res
d:\github\gamepg_2018\tkengine2\sample\lesson09_answer\game\debug\tkengine.pdb
d:\github\gamepg_2018\tkengine2\sample\lesson09_answer\game\debug\game.tlog\cl.command.1.tlog
d:\github\gamepg_2018\tkengine2\sample\lesson09_answer\game\debug\game.tlog\cl.read.1.tlog
d:\github\gamepg_2018\tkengine2\sample\lesson09_answer\game\debug\game.tlog\cl.write.1.tlog
d:\github\gamepg_2018\tkengine2\sample\lesson09_answer\game\debug\game.tlog\link.18488-cvtres.read.1.tlog
d:\github\gamepg_2018\tkengine2\sample\lesson09_answer\game\debug\game.tlog\link.18488-cvtres.write.1.tlog
d:\github\gamepg_2018\tkengine2\sample\lesson09_answer\game\debug\game.tlog\link.command.1.tlog
d:\github\gamepg_2018\tkengine2\sample\lesson09_answer\game\debug\game.tlog\meshcontenttask-vsgraphics.10656.read.1.tlog
d:\github\gamepg_2018\tkengine2\sample\lesson09_answer\game\debug\game.tlog\meshcontenttask-vsgraphics.10656.read.2.tlog
d:\github\gamepg_2018\tkengine2\sample\lesson09_answer\game\debug\game.tlog\meshcontenttask-vsgraphics.10656.write.1.tlog
d:\github\gamepg_2018\tkengine2\sample\lesson09_answer\game\debug\game.tlog\meshcontenttask-vsgraphics.10656.write.2.tlog
d:\github\gamepg_2018\tkengine2\sample\lesson09_answer\game\debug\game.tlog\meshcontenttask-vsgraphics.read.1.tlog
d:\github\gamepg_2018\tkengine2\sample\lesson09_answer\game\debug\game.tlog\meshcontenttask-vsgraphics.read.2.tlog
d:\github\gamepg_2018\tkengine2\sample\lesson09_answer\game\debug\game.tlog\meshcontenttask-vsgraphics.write.1.tlog
d:\github\gamepg_2018\tkengine2\sample\lesson09_answer\game\debug\game.tlog\meshcontenttask-vsgraphics.write.2.tlog
d:\github\gamepg_2018\tkengine2\sample\lesson09_answer\game\debug\game.tlog\rc.7140.read.1.tlog
d:\github\gamepg_2018\tkengine2\sample\lesson09_answer\game\debug\game.tlog\rc.7140.write.1.tlog
d:\github\gamepg_2018\tkengine2\sample\lesson09_answer\game\debug\game.tlog\rc.command.1.tlog
