  Culling3D.Grid.cpp
D:\Github\GamePG_2018\tkEngine2\Sample\Lesson10_Answer\tkEngine\EffekseerRuntime130\src\Effekseer\Effekseer\Culling\Culling3D.h(152,15): warning C4244: 'return': 'double' から 'float' への変換です。データが失われる可能性があります。 (ソース ファイルをコンパイルしています Effekseer\Culling\Culling3D.Grid.cpp)
  Culling3D.Layer.cpp
D:\Github\GamePG_2018\tkEngine2\Sample\Lesson10_Answer\tkEngine\EffekseerRuntime130\src\Effekseer\Effekseer\Culling\Culling3D.ObjectInternal.h(41,152): warning C4244: '=': 'double' から 'float' への変換です。データが失われる可能性があります。 (ソース ファイルをコンパイルしています Effekseer\Culling\Culling3D.Grid.cpp)
D:\Github\GamePG_2018\tkEngine2\Sample\Lesson10_Answer\tkEngine\EffekseerRuntime130\src\Effekseer\Effekseer\Culling\Culling3D.h(152,15): warning C4244: 'return': 'double' から 'float' への変換です。データが失われる可能性があります。 (ソース ファイルをコンパイルしています Effekseer\Culling\Culling3D.Layer.cpp)
D:\Github\GamePG_2018\tkEngine2\Sample\Lesson10_Answer\tkEngine\EffekseerRuntime130\src\Effekseer\Effekseer\Culling\Culling3D.ObjectInternal.h(41,152): warning C4244: '=': 'double' から 'float' への変換です。データが失われる可能性があります。 (ソース ファイルをコンパイルしています Effekseer\Culling\Culling3D.Layer.cpp)
  Culling3D.Matrix44.cpp
  Culling3D.ObjectInternal.cpp
D:\Github\GamePG_2018\tkEngine2\Sample\Lesson10_Answer\tkEngine\EffekseerRuntime130\src\Effekseer\Effekseer\Culling\Culling3D.h(152,15): warning C4244: 'return': 'double' から 'float' への変換です。データが失われる可能性があります。 (ソース ファイルをコンパイルしています Effekseer\Culling\Culling3D.ObjectInternal.cpp)
D:\Github\GamePG_2018\tkEngine2\Sample\Lesson10_Answer\tkEngine\EffekseerRuntime130\src\Effekseer\Effekseer\Culling\Culling3D.ObjectInternal.h(41,152): warning C4244: '=': 'double' から 'float' への変換です。データが失われる可能性があります。 (ソース ファイルをコンパイルしています Effekseer\Culling\Culling3D.ObjectInternal.cpp)
D:\Github\GamePG_2018\tkEngine2\Sample\Lesson10_Answer\tkEngine\EffekseerRuntime130\src\Effekseer\Effekseer\Culling\Culling3D.h(152,15): warning C4244: 'return': 'double' から 'float' への変換です。データが失われる可能性があります。 (ソース ファイルをコンパイルしています Effekseer\Culling\Culling3D.Matrix44.cpp)
  Culling3D.ReferenceObject.cpp
D:\Github\GamePG_2018\tkEngine2\Sample\Lesson10_Answer\tkEngine\EffekseerRuntime130\src\Effekseer\Effekseer\Culling\Culling3D.h(152,15): warning C4244: 'return': 'double' から 'float' への変換です。データが失われる可能性があります。 (ソース ファイルをコンパイルしています Effekseer\Culling\Culling3D.ReferenceObject.cpp)
  Culling3D.Vector3DF.cpp
  Culling3D.WorldInternal.cpp
D:\Github\GamePG_2018\tkEngine2\Sample\Lesson10_Answer\tkEngine\EffekseerRuntime130\src\Effekseer\Effekseer\Culling\Culling3D.h(152,15): warning C4244: 'return': 'double' から 'float' への変換です。データが失われる可能性があります。 (ソース ファイルをコンパイルしています Effekseer\Culling\Culling3D.Vector3DF.cpp)
D:\Github\GamePG_2018\tkEngine2\Sample\Lesson10_Answer\tkEngine\EffekseerRuntime130\src\Effekseer\Effekseer\Culling\Culling3D.Vector3DF.cpp(120,14): warning C4244: 'return': 'double' から 'float' への変換です。データが失われる可能性があります。
  Effekseer.Client.cpp
D:\Github\GamePG_2018\tkEngine2\Sample\Lesson10_Answer\tkEngine\EffekseerRuntime130\src\Effekseer\Effekseer\Culling\Culling3D.h(152,15): warning C4244: 'return': 'double' から 'float' への変換です。データが失われる可能性があります。 (ソース ファイルをコンパイルしています Effekseer\Culling\Culling3D.WorldInternal.cpp)
D:\Github\GamePG_2018\tkEngine2\Sample\Lesson10_Answer\tkEngine\EffekseerRuntime130\src\Effekseer\Effekseer\Culling\Culling3D.ObjectInternal.h(41,152): warning C4244: '=': 'double' から 'float' への変換です。データが失われる可能性があります。 (ソース ファイルをコンパイルしています Effekseer\Culling\Culling3D.WorldInternal.cpp)
  Effekseer.Color.cpp
  Effekseer.CriticalSection.cpp
  Effekseer.DefaultEffectLoader.cpp
  Effekseer.DefaultFile.cpp
  Effekseer.Effect.cpp
  Effekseer.EffectNode.cpp
  Effekseer.EffectNodeModel.cpp
  Effekseer.EffectNodeRibbon.cpp
  Effekseer.EffectNodeRing.cpp
  Effekseer.EffectNodeRoot.cpp
  Effekseer.EffectNodeSprite.cpp
  Effekseer.EffectNodeTrack.cpp
  Effekseer.FCurves.cpp
  Effekseer.Instance.cpp
  Effekseer.InstanceContainer.cpp
D:\Github\GamePG_2018\tkEngine2\Sample\Lesson10_Answer\tkEngine\EffekseerRuntime130\src\Effekseer\Effekseer\Culling\Culling3D.h(152,15): warning C4244: 'return': 'double' から 'float' への変換です。データが失われる可能性があります。 (ソース ファイルをコンパイルしています Effekseer\Effekseer.Effect.cpp)
  Effekseer.InstanceGlobal.cpp
  Effekseer.InstanceGroup.cpp
  Effekseer.Setting.cpp
  Effekseer.Manager.cpp
  Effekseer.Matrix43.cpp
  Effekseer.Matrix44.cpp
  Effekseer.RectF.cpp
  Effekseer.Server.cpp
D:\Github\GamePG_2018\tkEngine2\Sample\Lesson10_Answer\tkEngine\EffekseerRuntime130\src\Effekseer\Effekseer\Effekseer.EffectNodeTrack.cpp(141,16): warning C4244: '初期化中': 'const float' から 'int32_t' への変換です。データが失われる可能性があります。
D:\Github\GamePG_2018\tkEngine2\Sample\Lesson10_Answer\tkEngine\EffekseerRuntime130\src\Effekseer\Effekseer\Effekseer.EffectNodeTrack.cpp(142,21): warning C4244: '初期化中': 'const float' から 'int32_t' への変換です。データが失われる可能性があります。
D:\Github\GamePG_2018\tkEngine2\Sample\Lesson10_Answer\tkEngine\EffekseerRuntime130\src\Effekseer\Effekseer\Effekseer.EffectNodeTrack.cpp(204,15): warning C4244: '初期化中': 'float' から 'int32_t' への変換です。データが失われる可能性があります。
D:\Github\GamePG_2018\tkEngine2\Sample\Lesson10_Answer\tkEngine\EffekseerRuntime130\src\Effekseer\Effekseer\Effekseer.EffectNodeTrack.cpp(205,20): warning C4244: '初期化中': 'float' から 'int32_t' への変換です。データが失われる可能性があります。
D:\Github\GamePG_2018\tkEngine2\Sample\Lesson10_Answer\tkEngine\EffekseerRuntime130\src\Effekseer\Effekseer\Effekseer.EffectNodeTrack.cpp(233,15): warning C4244: '初期化中': 'float' から 'int32_t' への変換です。データが失われる可能性があります。
D:\Github\GamePG_2018\tkEngine2\Sample\Lesson10_Answer\tkEngine\EffekseerRuntime130\src\Effekseer\Effekseer\Effekseer.EffectNodeTrack.cpp(234,20): warning C4244: '初期化中': 'float' から 'int32_t' への変換です。データが失われる可能性があります。
  Effekseer.Socket.cpp
D:\Github\GamePG_2018\tkEngine2\Sample\Lesson10_Answer\tkEngine\EffekseerRuntime130\src\Effekseer\Effekseer\Culling\Culling3D.h(152,15): warning C4244: 'return': 'double' から 'float' への変換です。データが失われる可能性があります。 (ソース ファイルをコンパイルしています Effekseer\Effekseer.Instance.cpp)
  Effekseer.Thread.cpp
D:\Github\GamePG_2018\tkEngine2\Sample\Lesson10_Answer\tkEngine\EffekseerRuntime130\src\Effekseer\Effekseer\Effekseer.Instance.cpp(211,15): warning C4244: '=': 'double' から 'float' への変換です。データが失われる可能性があります。
D:\Github\GamePG_2018\tkEngine2\Sample\Lesson10_Answer\tkEngine\EffekseerRuntime130\src\Effekseer\Effekseer\Effekseer.Instance.cpp(232,15): warning C4244: '=': 'double' から 'float' への変換です。データが失われる可能性があります。
D:\Github\GamePG_2018\tkEngine2\Sample\Lesson10_Answer\tkEngine\EffekseerRuntime130\src\Effekseer\Effekseer\Effekseer.Instance.cpp(1373,82): warning C4244: '引数': 'float' から 'int32_t' への変換です。データが失われる可能性があります。
D:\Github\GamePG_2018\tkEngine2\Sample\Lesson10_Answer\tkEngine\EffekseerRuntime130\src\Effekseer\Effekseer\Effekseer.Instance.cpp(1374,82): warning C4244: '引数': 'float' から 'int32_t' への変換です。データが失われる可能性があります。
D:\Github\GamePG_2018\tkEngine2\Sample\Lesson10_Answer\tkEngine\EffekseerRuntime130\src\Effekseer\Effekseer\Effekseer.Instance.cpp(1375,82): warning C4244: '引数': 'float' から 'int32_t' への変換です。データが失われる可能性があります。
D:\Github\GamePG_2018\tkEngine2\Sample\Lesson10_Answer\tkEngine\EffekseerRuntime130\src\Effekseer\Effekseer\Effekseer.Instance.cpp(1376,83): warning C4244: '引数': 'float' から 'int32_t' への変換です。データが失われる可能性があります。
  Effekseer.Vector2D.cpp
  Effekseer.Vector3D.cpp
D:\Github\GamePG_2018\tkEngine2\Sample\Lesson10_Answer\tkEngine\EffekseerRuntime130\src\Effekseer\Effekseer\Culling\Culling3D.h(152,15): warning C4244: 'return': 'double' から 'float' への変換です。データが失われる可能性があります。 (ソース ファイルをコンパイルしています Effekseer\Effekseer.InstanceGroup.cpp)
D:\Github\GamePG_2018\tkEngine2\Sample\Lesson10_Answer\tkEngine\EffekseerRuntime130\src\Effekseer\Effekseer\Culling\Culling3D.h(152,15): warning C4244: 'return': 'double' から 'float' への変換です。データが失われる可能性があります。 (ソース ファイルをコンパイルしています Effekseer\Effekseer.Manager.cpp)
D:\Github\GamePG_2018\tkEngine2\Sample\Lesson10_Answer\tkEngine\EffekseerRuntime130\src\Effekseer\Effekseer\Effekseer.Matrix43.cpp(247,15): warning C4244: '=': 'double' から 'float' への変換です。データが失われる可能性があります。
D:\Github\GamePG_2018\tkEngine2\Sample\Lesson10_Answer\tkEngine\EffekseerRuntime130\src\Effekseer\Effekseer\Effekseer.Matrix43.cpp(274,15): warning C4244: '=': 'double' から 'float' への変換です。データが失われる可能性があります。
D:\Github\GamePG_2018\tkEngine2\Sample\Lesson10_Answer\tkEngine\EffekseerRuntime130\src\Effekseer\Effekseer\Effekseer.Matrix43.cpp(290,15): warning C4244: '=': 'double' から 'float' への変換です。データが失われる可能性があります。
D:\Github\GamePG_2018\tkEngine2\Sample\Lesson10_Answer\tkEngine\EffekseerRuntime130\src\Effekseer\Effekseer\Effekseer.Manager.cpp(1249,24): warning C4244: '=': 'double' から 'float' への変換です。データが失われる可能性があります。
D:\Github\GamePG_2018\tkEngine2\Sample\Lesson10_Answer\tkEngine\EffekseerRuntime130\src\Effekseer\Effekseer\Effekseer.Manager.cpp(1257,24): warning C4244: '=': 'double' から 'float' への変換です。データが失われる可能性があります。
D:\Github\GamePG_2018\tkEngine2\Sample\Lesson10_Answer\tkEngine\EffekseerRuntime130\src\Effekseer\Effekseer\Effekseer.Vector3D.cpp(161,13): warning C4244: 'return': 'double' から 'float' への変換です。データが失われる可能性があります。
  Effekseer.vcxproj -> D:\Github\GamePG_2018\tkEngine2\Sample\Lesson10_Answer\tkEngine\EffekseerRuntime130\src\Effekseer\..\lib\x86\Effekseer.Debug.lib
