c:\users\t-tsukamura\desktop\shooting_01\game\debug\game.pch
c:\users\t-tsukamura\desktop\shooting_01\game\debug\vc142.pdb
c:\users\t-tsukamura\desktop\shooting_01\game\debug\vc142.idb
c:\users\t-tsukamura\desktop\shooting_01\game\debug\stdafx.obj
c:\users\t-tsukamura\desktop\shooting_01\game\debug\main.obj
c:\users\t-tsukamura\desktop\shooting_01\game\debug\player.obj
c:\users\t-tsukamura\desktop\shooting_01\game\assets\modeldata\airplane.cmo
c:\users\t-tsukamura\desktop\shooting_01\game\assets\modeldata\_program files (x86)_microsoft visual studio_2019_community_common7_ide_extensions_microsoft_vsgraphics_assets_effects_phong.dgsl.cso
c:\users\t-tsukamura\desktop\shooting_01\game\assets\modeldata\_users_t-tsukamura_desktop_shooting__01_game_assets_modeldata_world war ii - plane - heavy scratches.tga.dds
c:\users\t-tsukamura\desktop\shooting_01\game\assets\modeldata\_users_t-tsukamura_desktop_shooting__01_game_assets_modeldata_world war ii - propeller.tga.dds
c:\programdata\nvidia corporation\drs\nvapptimestamps
c:\users\t-tsukamura\desktop\shooting_01\game\debug\game.res
c:\users\t-tsukamura\desktop\shooting_01\game\debug\tkengine.pdb
c:\users\t-tsukamura\desktop\shooting_01\game\debug\game.tlog\cl.command.1.tlog
c:\users\t-tsukamura\desktop\shooting_01\game\debug\game.tlog\cl.read.1.tlog
c:\users\t-tsukamura\desktop\shooting_01\game\debug\game.tlog\cl.write.1.tlog
c:\users\t-tsukamura\desktop\shooting_01\game\debug\game.tlog\link-cvtres.read.1.tlog
c:\users\t-tsukamura\desktop\shooting_01\game\debug\game.tlog\link-cvtres.write.1.tlog
c:\users\t-tsukamura\desktop\shooting_01\game\debug\game.tlog\link-mt.read.1.tlog
c:\users\t-tsukamura\desktop\shooting_01\game\debug\game.tlog\link-mt.write.1.tlog
c:\users\t-tsukamura\desktop\shooting_01\game\debug\game.tlog\link-rc.read.1.tlog
c:\users\t-tsukamura\desktop\shooting_01\game\debug\game.tlog\link-rc.write.1.tlog
c:\users\t-tsukamura\desktop\shooting_01\game\debug\game.tlog\link.3516-cvtres.read.1.tlog
c:\users\t-tsukamura\desktop\shooting_01\game\debug\game.tlog\link.3516-cvtres.write.1.tlog
c:\users\t-tsukamura\desktop\shooting_01\game\debug\game.tlog\link.3516-mt.read.1.tlog
c:\users\t-tsukamura\desktop\shooting_01\game\debug\game.tlog\link.3516-mt.write.1.tlog
c:\users\t-tsukamura\desktop\shooting_01\game\debug\game.tlog\link.3516-rc.read.1.tlog
c:\users\t-tsukamura\desktop\shooting_01\game\debug\game.tlog\link.3516-rc.write.1.tlog
c:\users\t-tsukamura\desktop\shooting_01\game\debug\game.tlog\link.3516.read.1.tlog
c:\users\t-tsukamura\desktop\shooting_01\game\debug\game.tlog\link.3516.write.1.tlog
c:\users\t-tsukamura\desktop\shooting_01\game\debug\game.tlog\link.command.1.tlog
c:\users\t-tsukamura\desktop\shooting_01\game\debug\game.tlog\link.read.1.tlog
c:\users\t-tsukamura\desktop\shooting_01\game\debug\game.tlog\link.write.1.tlog
c:\users\t-tsukamura\desktop\shooting_01\game\debug\game.tlog\meshcontenttask-vsgraphics.read.1.tlog
c:\users\t-tsukamura\desktop\shooting_01\game\debug\game.tlog\meshcontenttask-vsgraphics.read.2.tlog
c:\users\t-tsukamura\desktop\shooting_01\game\debug\game.tlog\meshcontenttask-vsgraphics.write.1.tlog
c:\users\t-tsukamura\desktop\shooting_01\game\debug\game.tlog\meshcontenttask-vsgraphics.write.2.tlog
c:\users\t-tsukamura\desktop\shooting_01\game\debug\game.tlog\rc.10056.read.1.tlog
c:\users\t-tsukamura\desktop\shooting_01\game\debug\game.tlog\rc.10056.write.1.tlog
c:\users\t-tsukamura\desktop\shooting_01\game\debug\game.tlog\rc.command.1.tlog
